0 verbose cli /usr/local/bin/node /usr/local/bin/npm
1 info using npm@10.8.2
2 info using node@v20.19.5
3 silly config load:file:/usr/local/lib/node_modules/npm/npmrc
4 silly config load:file:/home/runner/work/LightDom/LightDom/.npmrc
5 silly config load:file:/home/runner/.npmrc
6 silly config load:file:/usr/local/etc/npmrc
7 verbose title npm install
8 verbose argv "install"
9 verbose logfile logs-max:10 dir:/home/runner/work/LightDom/LightDom/.npm-cache/_logs/2025-09-17T16_40_17_589Z-
10 verbose logfile /home/runner/work/LightDom/LightDom/.npm-cache/_logs/2025-09-17T16_40_17_589Z-debug-0.log
11 silly packumentCache heap:4345298944 maxSize:1086324736 maxEntrySize:543162368
12 silly logfile done cleaning log files
13 silly idealTree buildDeps
14 silly reify moves {}
15 silly audit bulk request {
15 silly audit   '@colors/colors': [ '1.6.0' ],
15 silly audit   '@dabh/diagnostics': [ '2.0.3' ],
15 silly audit   '@types/triple-beam': [ '1.3.5' ],
15 silly audit   accepts: [ '1.3.8' ],
15 silly audit   'array-flatten': [ '1.1.1' ],
15 silly audit   async: [ '3.2.6' ],
15 silly audit   asynckit: [ '0.4.0' ],
15 silly audit   axios: [ '1.12.2' ],
15 silly audit   'body-parser': [ '1.20.3' ],
15 silly audit   bytes: [ '3.1.2' ],
15 silly audit   'call-bind-apply-helpers': [ '1.0.2' ],
15 silly audit   'call-bound': [ '1.0.4' ],
15 silly audit   chalk: [ '5.6.2' ],
15 silly audit   color: [ '3.2.1' ],
15 silly audit   'color-convert': [ '1.9.3' ],
15 silly audit   'color-name': [ '1.1.3' ],
15 silly audit   'color-string': [ '1.9.1' ],
15 silly audit   colorspace: [ '1.1.4' ],
15 silly audit   'combined-stream': [ '1.0.8' ],
15 silly audit   commander: [ '11.1.0' ],
15 silly audit   'content-disposition': [ '0.5.4' ],
15 silly audit   'content-type': [ '1.0.5' ],
15 silly audit   cookie: [ '0.7.1' ],
15 silly audit   'cookie-signature': [ '1.0.6' ],
15 silly audit   cors: [ '2.8.5' ],
15 silly audit   debug: [ '2.6.9' ],
15 silly audit   'delayed-stream': [ '1.0.0' ],
15 silly audit   depd: [ '2.0.0' ],
15 silly audit   destroy: [ '1.2.0' ],
15 silly audit   dotenv: [ '16.6.1' ],
15 silly audit   'dunder-proto': [ '1.0.1' ],
15 silly audit   'ee-first': [ '1.1.1' ],
15 silly audit   enabled: [ '2.0.0' ],
15 silly audit   encodeurl: [ '2.0.0', '1.0.2' ],
15 silly audit   'es-define-property': [ '1.0.1' ],
15 silly audit   'es-errors': [ '1.3.0' ],
15 silly audit   'es-object-atoms': [ '1.1.1' ],
15 silly audit   'es-set-tostringtag': [ '2.1.0' ],
15 silly audit   'escape-html': [ '1.0.3' ],
15 silly audit   etag: [ '1.8.1' ],
15 silly audit   express: [ '4.21.2' ],
15 silly audit   fecha: [ '4.2.3' ],
15 silly audit   finalhandler: [ '1.3.1' ],
15 silly audit   'fn.name': [ '1.1.0' ],
15 silly audit   'follow-redirects': [ '1.15.11' ],
15 silly audit   'form-data': [ '4.0.4' ],
15 silly audit   forwarded: [ '0.2.0' ],
15 silly audit   fresh: [ '0.5.2' ],
15 silly audit   'function-bind': [ '1.1.2' ],
15 silly audit   'get-intrinsic': [ '1.3.0' ],
15 silly audit   'get-proto': [ '1.0.1' ],
15 silly audit   gopd: [ '1.2.0' ],
15 silly audit   'has-symbols': [ '1.1.0' ],
15 silly audit   'has-tostringtag': [ '1.0.2' ],
15 silly audit   hasown: [ '2.0.2' ],
15 silly audit   'http-errors': [ '2.0.0' ],
15 silly audit   'iconv-lite': [ '0.4.24' ],
15 silly audit   inherits: [ '2.0.4' ],
15 silly audit   'ipaddr.js': [ '1.9.1' ],
15 silly audit   'is-arrayish': [ '0.3.4' ],
15 silly audit   'is-stream': [ '2.0.1' ],
15 silly audit   kuler: [ '2.0.0' ],
15 silly audit   logform: [ '2.7.0' ],
15 silly audit   ms: [ '2.1.3', '2.0.0' ],
15 silly audit   'math-intrinsics': [ '1.1.0' ],
15 silly audit   'media-typer': [ '0.3.0' ],
15 silly audit   'merge-descriptors': [ '1.0.3' ],
15 silly audit   methods: [ '1.1.2' ],
15 silly audit   mime: [ '1.6.0' ],
15 silly audit   'mime-db': [ '1.52.0' ],
15 silly audit   'mime-types': [ '2.1.35' ],
15 silly audit   negotiator: [ '0.6.3' ],
15 silly audit   'object-assign': [ '4.1.1' ],
15 silly audit   'object-inspect': [ '1.13.4' ],
15 silly audit   'on-finished': [ '2.4.1' ],
15 silly audit   'one-time': [ '1.0.0' ],
15 silly audit   parseurl: [ '1.3.3' ],
15 silly audit   'path-to-regexp': [ '0.1.12' ],
15 silly audit   'proxy-addr': [ '2.0.7' ],
15 silly audit   'proxy-from-env': [ '1.1.0' ],
15 silly audit   qs: [ '6.13.0' ],
15 silly audit   'range-parser': [ '1.2.1' ],
15 silly audit   'raw-body': [ '2.5.2' ],
15 silly audit   'readable-stream': [ '3.6.2' ],
15 silly audit   'safe-buffer': [ '5.2.1' ],
15 silly audit   'safe-stable-stringify': [ '2.5.0' ],
15 silly audit   'safer-buffer': [ '2.1.2' ],
15 silly audit   send: [ '0.19.0' ],
15 silly audit   'serve-static': [ '1.16.2' ],
15 silly audit   setprototypeof: [ '1.2.0' ],
15 silly audit   'side-channel': [ '1.1.0' ],
15 silly audit   'side-channel-list': [ '1.0.0' ],
15 silly audit   'side-channel-map': [ '1.0.1' ],
15 silly audit   'side-channel-weakmap': [ '1.0.2' ],
15 silly audit   'simple-swizzle': [ '0.2.4' ],
15 silly audit   'stack-trace': [ '0.0.10' ],
15 silly audit   statuses: [ '2.0.1' ],
15 silly audit   string_decoder: [ '1.3.0' ],
15 silly audit   'text-hex': [ '1.0.0' ],
15 silly audit   toidentifier: [ '1.0.1' ],
15 silly audit   'triple-beam': [ '1.4.1' ],
15 silly audit   'type-is': [ '1.6.18' ],
15 silly audit   unpipe: [ '1.0.0' ],
15 silly audit   'util-deprecate': [ '1.0.2' ],
15 silly audit   'utils-merge': [ '1.0.1' ],
15 silly audit   uuid: [ '9.0.1' ],
15 silly audit   vary: [ '1.1.2' ],
15 silly audit   winston: [ '3.17.0' ],
15 silly audit   'winston-transport': [ '4.9.0' ]
15 silly audit }
16 http fetch POST 200 https://registry.npmjs.org/-/npm/v1/security/advisories/bulk 479ms
17 silly audit report {}
18 silly ADD node_modules/winston-transport
19 silly ADD node_modules/winston
20 silly ADD node_modules/vary
21 silly ADD node_modules/uuid
22 silly ADD node_modules/utils-merge
23 silly ADD node_modules/util-deprecate
24 silly ADD node_modules/unpipe
25 silly ADD node_modules/type-is
26 silly ADD node_modules/triple-beam
27 silly ADD node_modules/toidentifier
28 silly ADD node_modules/text-hex
29 silly ADD node_modules/string_decoder
30 silly ADD node_modules/statuses
31 silly ADD node_modules/stack-trace
32 silly ADD node_modules/simple-swizzle
33 silly ADD node_modules/side-channel-weakmap
34 silly ADD node_modules/side-channel-map
35 silly ADD node_modules/side-channel-list
36 silly ADD node_modules/side-channel
37 silly ADD node_modules/setprototypeof
38 silly ADD node_modules/serve-static
39 silly ADD node_modules/send
40 silly ADD node_modules/send/node_modules/ms
41 silly ADD node_modules/send/node_modules/encodeurl
42 silly ADD node_modules/safer-buffer
43 silly ADD node_modules/safe-stable-stringify
44 silly ADD node_modules/safe-buffer
45 silly ADD node_modules/readable-stream
46 silly ADD node_modules/raw-body
47 silly ADD node_modules/range-parser
48 silly ADD node_modules/qs
49 silly ADD node_modules/proxy-from-env
50 silly ADD node_modules/proxy-addr
51 silly ADD node_modules/path-to-regexp
52 silly ADD node_modules/parseurl
53 silly ADD node_modules/one-time
54 silly ADD node_modules/on-finished
55 silly ADD node_modules/object-inspect
56 silly ADD node_modules/object-assign
57 silly ADD node_modules/negotiator
58 silly ADD node_modules/ms
59 silly ADD node_modules/mime-types
60 silly ADD node_modules/mime-db
61 silly ADD node_modules/mime
62 silly ADD node_modules/methods
63 silly ADD node_modules/merge-descriptors
64 silly ADD node_modules/media-typer
65 silly ADD node_modules/math-intrinsics
66 silly ADD node_modules/logform
67 silly ADD node_modules/logform/node_modules/ms
68 silly ADD node_modules/kuler
69 silly ADD node_modules/is-stream
70 silly ADD node_modules/is-arrayish
71 silly ADD node_modules/ipaddr.js
72 silly ADD node_modules/inherits
73 silly ADD node_modules/iconv-lite
74 silly ADD node_modules/http-errors
75 silly ADD node_modules/hasown
76 silly ADD node_modules/has-tostringtag
77 silly ADD node_modules/has-symbols
78 silly ADD node_modules/gopd
79 silly ADD node_modules/get-proto
80 silly ADD node_modules/get-intrinsic
81 silly ADD node_modules/function-bind
82 silly ADD node_modules/fresh
83 silly ADD node_modules/forwarded
84 silly ADD node_modules/form-data
85 silly ADD node_modules/follow-redirects
86 silly ADD node_modules/fn.name
87 silly ADD node_modules/finalhandler
88 silly ADD node_modules/fecha
89 silly ADD node_modules/express
90 silly ADD node_modules/etag
91 silly ADD node_modules/escape-html
92 silly ADD node_modules/es-set-tostringtag
93 silly ADD node_modules/es-object-atoms
94 silly ADD node_modules/es-errors
95 silly ADD node_modules/es-define-property
96 silly ADD node_modules/encodeurl
97 silly ADD node_modules/enabled
98 silly ADD node_modules/ee-first
99 silly ADD node_modules/dunder-proto
100 silly ADD node_modules/dotenv
101 silly ADD node_modules/destroy
102 silly ADD node_modules/depd
103 silly ADD node_modules/delayed-stream
104 silly ADD node_modules/debug
105 silly ADD node_modules/cors
106 silly ADD node_modules/cookie-signature
107 silly ADD node_modules/cookie
108 silly ADD node_modules/content-type
109 silly ADD node_modules/content-disposition
110 silly ADD node_modules/commander
111 silly ADD node_modules/combined-stream
112 silly ADD node_modules/colorspace
113 silly ADD node_modules/color-string
114 silly ADD node_modules/color-name
115 silly ADD node_modules/color-convert
116 silly ADD node_modules/color
117 silly ADD node_modules/chalk
118 silly ADD node_modules/call-bound
119 silly ADD node_modules/call-bind-apply-helpers
120 silly ADD node_modules/bytes
121 silly ADD node_modules/body-parser
122 silly ADD node_modules/axios
123 silly ADD node_modules/asynckit
124 silly ADD node_modules/async
125 silly ADD node_modules/array-flatten
126 silly ADD node_modules/accepts
127 silly ADD node_modules/@types/triple-beam
128 silly ADD node_modules/@dabh/diagnostics
129 silly ADD node_modules/@colors/colors
130 verbose cwd /home/runner/work/LightDom/LightDom
131 verbose os Linux 6.11.0-1018-azure
132 verbose node v20.19.5
133 verbose npm  v10.8.2
134 verbose exit 0
135 info ok
