0 verbose cli /usr/local/bin/node /usr/local/bin/npm
1 info using npm@10.8.2
2 info using node@v20.19.5
3 silly config load:file:/usr/local/lib/node_modules/npm/npmrc
4 silly config load:file:/home/runner/work/LightDom/LightDom/.npmrc
5 silly config load:file:/home/runner/.npmrc
6 silly config load:file:/usr/local/etc/npmrc
7 verbose title npm install react react-dom @types/react @types/react-dom
8 verbose argv "install" "react" "react-dom" "@types/react" "@types/react-dom"
9 verbose logfile logs-max:10 dir:/home/runner/work/LightDom/LightDom/.npm-cache/_logs/2025-09-17T16_40_47_627Z-
10 verbose logfile /home/runner/work/LightDom/LightDom/.npm-cache/_logs/2025-09-17T16_40_47_627Z-debug-0.log
11 silly packumentCache heap:4345298944 maxSize:1086324736 maxEntrySize:543162368
12 silly logfile done cleaning log files
13 silly idealTree buildDeps
14 silly fetch manifest react@*
15 silly packumentCache full:https://registry.npmjs.org/react cache-miss
16 http fetch GET 200 https://registry.npmjs.org/react 426ms (cache miss)
17 silly packumentCache full:https://registry.npmjs.org/react set size:undefined disposed:false
18 silly fetch manifest react-dom@*
19 silly packumentCache full:https://registry.npmjs.org/react-dom cache-miss
20 http fetch GET 200 https://registry.npmjs.org/react-dom 417ms (cache miss)
21 silly packumentCache full:https://registry.npmjs.org/react-dom set size:undefined disposed:false
22 silly fetch manifest @types/react@*
23 silly packumentCache full:https://registry.npmjs.org/@types%2freact cache-miss
24 http fetch GET 200 https://registry.npmjs.org/@types%2freact 236ms (cache miss)
25 silly packumentCache full:https://registry.npmjs.org/@types%2freact set size:undefined disposed:false
26 silly fetch manifest @types/react-dom@*
27 silly packumentCache full:https://registry.npmjs.org/@types%2freact-dom cache-miss
28 http fetch GET 200 https://registry.npmjs.org/@types%2freact-dom 139ms (cache miss)
29 silly packumentCache full:https://registry.npmjs.org/@types%2freact-dom set size:undefined disposed:false
30 silly placeDep ROOT @types/react@19.1.13 OK for: lightdom@1.0.0 want: *
31 silly placeDep ROOT @types/react-dom@19.1.9 OK for: lightdom@1.0.0 want: *
32 silly placeDep ROOT react@19.1.1 OK for: lightdom@1.0.0 want: *
33 silly placeDep ROOT react-dom@19.1.1 OK for: lightdom@1.0.0 want: *
34 silly fetch manifest csstype@^3.0.2
35 silly packumentCache full:https://registry.npmjs.org/csstype cache-miss
36 silly fetch manifest scheduler@^0.26.0
37 silly packumentCache full:https://registry.npmjs.org/scheduler cache-miss
38 http fetch GET 200 https://registry.npmjs.org/csstype 149ms (cache miss)
39 silly packumentCache full:https://registry.npmjs.org/csstype set size:undefined disposed:false
40 http fetch GET 200 https://registry.npmjs.org/scheduler 201ms (cache miss)
41 silly packumentCache full:https://registry.npmjs.org/scheduler set size:undefined disposed:false
42 silly placeDep ROOT csstype@3.1.3 OK for: @types/react@19.1.13 want: ^3.0.2
43 silly placeDep ROOT scheduler@0.26.0 OK for: react-dom@19.1.1 want: ^0.26.0
44 silly reify moves {}
45 silly audit bulk request {
45 silly audit   '@babel/code-frame': [ '7.27.1' ],
45 silly audit   '@babel/compat-data': [ '7.28.4' ],
45 silly audit   '@babel/core': [ '7.28.4' ],
45 silly audit   debug: [ '4.4.3', '2.6.9' ],
45 silly audit   ms: [ '2.1.3', '2.0.0' ],
45 silly audit   '@babel/generator': [ '7.28.3' ],
45 silly audit   '@babel/helper-compilation-targets': [ '7.27.2' ],
45 silly audit   '@babel/helper-globals': [ '7.28.0' ],
45 silly audit   '@babel/helper-module-imports': [ '7.27.1' ],
45 silly audit   '@babel/helper-module-transforms': [ '7.28.3' ],
45 silly audit   '@babel/helper-plugin-utils': [ '7.27.1' ],
45 silly audit   '@babel/helper-string-parser': [ '7.27.1' ],
45 silly audit   '@babel/helper-validator-identifier': [ '7.27.1' ],
45 silly audit   '@babel/helper-validator-option': [ '7.27.1' ],
45 silly audit   '@babel/helpers': [ '7.28.4' ],
45 silly audit   '@babel/parser': [ '7.28.4' ],
45 silly audit   '@babel/plugin-transform-react-jsx-self': [ '7.27.1' ],
45 silly audit   '@babel/plugin-transform-react-jsx-source': [ '7.27.1' ],
45 silly audit   '@babel/template': [ '7.27.2' ],
45 silly audit   '@babel/traverse': [ '7.28.4' ],
45 silly audit   '@babel/types': [ '7.28.4' ],
45 silly audit   '@colors/colors': [ '1.6.0' ],
45 silly audit   '@dabh/diagnostics': [ '2.0.3' ],
45 silly audit   '@esbuild/aix-ppc64': [ '0.25.10' ],
45 silly audit   '@esbuild/android-arm': [ '0.25.10' ],
45 silly audit   '@esbuild/android-arm64': [ '0.25.10' ],
45 silly audit   '@esbuild/android-x64': [ '0.25.10' ],
45 silly audit   '@esbuild/darwin-arm64': [ '0.25.10' ],
45 silly audit   '@esbuild/darwin-x64': [ '0.25.10' ],
45 silly audit   '@esbuild/freebsd-arm64': [ '0.25.10' ],
45 silly audit   '@esbuild/freebsd-x64': [ '0.25.10' ],
45 silly audit   '@esbuild/linux-arm': [ '0.25.10' ],
45 silly audit   '@esbuild/linux-arm64': [ '0.25.10' ],
45 silly audit   '@esbuild/linux-ia32': [ '0.25.10' ],
45 silly audit   '@esbuild/linux-loong64': [ '0.25.10' ],
45 silly audit   '@esbuild/linux-mips64el': [ '0.25.10' ],
45 silly audit   '@esbuild/linux-ppc64': [ '0.25.10' ],
45 silly audit   '@esbuild/linux-riscv64': [ '0.25.10' ],
45 silly audit   '@esbuild/linux-s390x': [ '0.25.10' ],
45 silly audit   '@esbuild/linux-x64': [ '0.25.10' ],
45 silly audit   '@esbuild/netbsd-arm64': [ '0.25.10' ],
45 silly audit   '@esbuild/netbsd-x64': [ '0.25.10' ],
45 silly audit   '@esbuild/openbsd-arm64': [ '0.25.10' ],
45 silly audit   '@esbuild/openbsd-x64': [ '0.25.10' ],
45 silly audit   '@esbuild/openharmony-arm64': [ '0.25.10' ],
45 silly audit   '@esbuild/sunos-x64': [ '0.25.10' ],
45 silly audit   '@esbuild/win32-arm64': [ '0.25.10' ],
45 silly audit   '@esbuild/win32-ia32': [ '0.25.10' ],
45 silly audit   '@esbuild/win32-x64': [ '0.25.10' ],
45 silly audit   '@jridgewell/gen-mapping': [ '0.3.13' ],
45 silly audit   '@jridgewell/remapping': [ '2.3.5' ],
45 silly audit   '@jridgewell/resolve-uri': [ '3.1.2' ],
45 silly audit   '@jridgewell/sourcemap-codec': [ '1.5.5' ],
45 silly audit   '@jridgewell/trace-mapping': [ '0.3.31' ],
45 silly audit   '@rolldown/pluginutils': [ '1.0.0-beta.35' ],
45 silly audit   '@rollup/rollup-android-arm-eabi': [ '4.50.2' ],
45 silly audit   '@rollup/rollup-android-arm64': [ '4.50.2' ],
45 silly audit   '@rollup/rollup-darwin-arm64': [ '4.50.2' ],
45 silly audit   '@rollup/rollup-darwin-x64': [ '4.50.2' ],
45 silly audit   '@rollup/rollup-freebsd-arm64': [ '4.50.2' ],
45 silly audit   '@rollup/rollup-freebsd-x64': [ '4.50.2' ],
45 silly audit   '@rollup/rollup-linux-arm-gnueabihf': [ '4.50.2' ],
45 silly audit   '@rollup/rollup-linux-arm-musleabihf': [ '4.50.2' ],
45 silly audit   '@rollup/rollup-linux-arm64-gnu': [ '4.50.2' ],
45 silly audit   '@rollup/rollup-linux-arm64-musl': [ '4.50.2' ],
45 silly audit   '@rollup/rollup-linux-loong64-gnu': [ '4.50.2' ],
45 silly audit   '@rollup/rollup-linux-ppc64-gnu': [ '4.50.2' ],
45 silly audit   '@rollup/rollup-linux-riscv64-gnu': [ '4.50.2' ],
45 silly audit   '@rollup/rollup-linux-riscv64-musl': [ '4.50.2' ],
45 silly audit   '@rollup/rollup-linux-s390x-gnu': [ '4.50.2' ],
45 silly audit   '@rollup/rollup-linux-x64-gnu': [ '4.50.2' ],
45 silly audit   '@rollup/rollup-linux-x64-musl': [ '4.50.2' ],
45 silly audit   '@rollup/rollup-openharmony-arm64': [ '4.50.2' ],
45 silly audit   '@rollup/rollup-win32-arm64-msvc': [ '4.50.2' ],
45 silly audit   '@rollup/rollup-win32-ia32-msvc': [ '4.50.2' ],
45 silly audit   '@rollup/rollup-win32-x64-msvc': [ '4.50.2' ],
45 silly audit   '@types/babel__core': [ '7.20.5' ],
45 silly audit   '@types/babel__generator': [ '7.27.0' ],
45 silly audit   '@types/babel__template': [ '7.4.4' ],
45 silly audit   '@types/babel__traverse': [ '7.28.0' ],
45 silly audit   '@types/estree': [ '1.0.8' ],
45 silly audit   '@types/triple-beam': [ '1.3.5' ],
45 silly audit   '@vitejs/plugin-react': [ '5.0.3' ],
45 silly audit   accepts: [ '1.3.8' ],
45 silly audit   'array-flatten': [ '1.1.1' ],
45 silly audit   async: [ '3.2.6' ],
45 silly audit   asynckit: [ '0.4.0' ],
45 silly audit   axios: [ '1.12.2' ],
45 silly audit   'baseline-browser-mapping': [ '2.8.5' ],
45 silly audit   'body-parser': [ '1.20.3' ],
45 silly audit   browserslist: [ '4.26.2' ],
45 silly audit   bytes: [ '3.1.2' ],
45 silly audit   'call-bind-apply-helpers': [ '1.0.2' ],
45 silly audit   'call-bound': [ '1.0.4' ],
45 silly audit   'caniuse-lite': [ '1.0.30001743' ],
45 silly audit   chalk: [ '5.6.2' ],
45 silly audit   color: [ '3.2.1' ],
45 silly audit   'color-convert': [ '1.9.3' ],
45 silly audit   'color-name': [ '1.1.3' ],
45 silly audit   'color-string': [ '1.9.1' ],
45 silly audit   colorspace: [ '1.1.4' ],
45 silly audit   'combined-stream': [ '1.0.8' ],
45 silly audit   commander: [ '11.1.0' ],
45 silly audit   'content-disposition': [ '0.5.4' ],
45 silly audit   'content-type': [ '1.0.5' ],
45 silly audit   'convert-source-map': [ '2.0.0' ],
45 silly audit   cookie: [ '0.7.1' ],
45 silly audit   'cookie-signature': [ '1.0.6' ],
45 silly audit   cors: [ '2.8.5' ],
45 silly audit   'delayed-stream': [ '1.0.0' ],
45 silly audit   depd: [ '2.0.0' ],
45 silly audit   destroy: [ '1.2.0' ],
45 silly audit   dotenv: [ '16.6.1' ],
45 silly audit   'dunder-proto': [ '1.0.1' ],
45 silly audit   'ee-first': [ '1.1.1' ],
45 silly audit   'electron-to-chromium': [ '1.5.220' ],
45 silly audit   enabled: [ '2.0.0' ],
45 silly audit   encodeurl: [ '2.0.0', '1.0.2' ],
45 silly audit   'es-define-property': [ '1.0.1' ],
45 silly audit   'es-errors': [ '1.3.0' ],
45 silly audit   'es-object-atoms': [ '1.1.1' ],
45 silly audit   'es-set-tostringtag': [ '2.1.0' ],
45 silly audit   esbuild: [ '0.25.10' ],
45 silly audit   escalade: [ '3.2.0' ],
45 silly audit   'escape-html': [ '1.0.3' ],
45 silly audit   etag: [ '1.8.1' ],
45 silly audit   express: [ '4.21.2' ],
45 silly audit   fdir: [ '6.5.0' ],
45 silly audit   fecha: [ '4.2.3' ],
45 silly audit   finalhandler: [ '1.3.1' ],
45 silly audit   'fn.name': [ '1.1.0' ],
45 silly audit   'follow-redirects': [ '1.15.11' ],
45 silly audit   'form-data': [ '4.0.4' ],
45 silly audit   forwarded: [ '0.2.0' ],
45 silly audit   fresh: [ '0.5.2' ],
45 silly audit   fsevents: [ '2.3.3' ],
45 silly audit   'function-bind': [ '1.1.2' ],
45 silly audit   gensync: [ '1.0.0-beta.2' ],
45 silly audit   'get-intrinsic': [ '1.3.0' ],
45 silly audit   'get-proto': [ '1.0.1' ],
45 silly audit   gopd: [ '1.2.0' ],
45 silly audit   'has-symbols': [ '1.1.0' ],
45 silly audit   'has-tostringtag': [ '1.0.2' ],
45 silly audit   hasown: [ '2.0.2' ],
45 silly audit   'http-errors': [ '2.0.0' ],
45 silly audit   'iconv-lite': [ '0.4.24' ],
45 silly audit   inherits: [ '2.0.4' ],
45 silly audit   'ipaddr.js': [ '1.9.1' ],
45 silly audit   'is-arrayish': [ '0.3.4' ],
45 silly audit   'is-stream': [ '2.0.1' ],
45 silly audit   'js-tokens': [ '4.0.0' ],
45 silly audit   jsesc: [ '3.1.0' ],
45 silly audit   json5: [ '2.2.3' ],
45 silly audit   kuler: [ '2.0.0' ],
45 silly audit   logform: [ '2.7.0' ],
45 silly audit   'lru-cache': [ '5.1.1' ],
45 silly audit   'math-intrinsics': [ '1.1.0' ],
45 silly audit   'media-typer': [ '0.3.0' ],
45 silly audit   'merge-descriptors': [ '1.0.3' ],
45 silly audit   methods: [ '1.1.2' ],
45 silly audit   mime: [ '1.6.0' ],
45 silly audit   'mime-db': [ '1.52.0' ],
45 silly audit   'mime-types': [ '2.1.35' ],
45 silly audit   nanoid: [ '3.3.11' ],
45 silly audit   negotiator: [ '0.6.3' ],
45 silly audit   'node-releases': [ '2.0.21' ],
45 silly audit   'object-assign': [ '4.1.1' ],
45 silly audit   'object-inspect': [ '1.13.4' ],
45 silly audit   'on-finished': [ '2.4.1' ],
45 silly audit   'one-time': [ '1.0.0' ],
45 silly audit   parseurl: [ '1.3.3' ],
45 silly audit   'path-to-regexp': [ '0.1.12' ],
45 silly audit   picocolors: [ '1.1.1' ],
45 silly audit   picomatch: [ '4.0.3' ],
45 silly audit   postcss: [ '8.5.6' ],
45 silly audit   'proxy-addr': [ '2.0.7' ],
45 silly audit   'proxy-from-env': [ '1.1.0' ],
45 silly audit   qs: [ '6.13.0' ],
45 silly audit   'range-parser': [ '1.2.1' ],
45 silly audit   'raw-body': [ '2.5.2' ],
45 silly audit   'react-refresh': [ '0.17.0' ],
45 silly audit   'readable-stream': [ '3.6.2' ],
45 silly audit   rollup: [ '4.50.2' ],
45 silly audit   'safe-buffer': [ '5.2.1' ],
45 silly audit   'safe-stable-stringify': [ '2.5.0' ],
45 silly audit   'safer-buffer': [ '2.1.2' ],
45 silly audit   semver: [ '6.3.1' ],
45 silly audit   send: [ '0.19.0' ],
45 silly audit   'serve-static': [ '1.16.2' ],
45 silly audit   setprototypeof: [ '1.2.0' ],
45 silly audit   'side-channel': [ '1.1.0' ],
45 silly audit   'side-channel-list': [ '1.0.0' ],
45 silly audit   'side-channel-map': [ '1.0.1' ],
45 silly audit   'side-channel-weakmap': [ '1.0.2' ],
45 silly audit   'simple-swizzle': [ '0.2.4' ],
45 silly audit   'source-map-js': [ '1.2.1' ],
45 silly audit   'stack-trace': [ '0.0.10' ],
45 silly audit   statuses: [ '2.0.1' ],
45 silly audit   string_decoder: [ '1.3.0' ],
45 silly audit   'text-hex': [ '1.0.0' ],
45 silly audit   tinyglobby: [ '0.2.15' ],
45 silly audit   toidentifier: [ '1.0.1' ],
45 silly audit   'triple-beam': [ '1.4.1' ],
45 silly audit   'type-is': [ '1.6.18' ],
45 silly audit   typescript: [ '5.9.2' ],
45 silly audit   unpipe: [ '1.0.0' ],
45 silly audit   'update-browserslist-db': [ '1.1.3' ],
45 silly audit   'util-deprecate': [ '1.0.2' ],
45 silly audit   'utils-merge': [ '1.0.1' ],
45 silly audit   uuid: [ '9.0.1' ],
45 silly audit   vary: [ '1.1.2' ],
45 silly audit   vite: [ '7.1.5' ],
45 silly audit   winston: [ '3.17.0' ],
45 silly audit   'winston-transport': [ '4.9.0' ],
45 silly audit   yallist: [ '3.1.1' ],
45 silly audit   '@types/react': [ '19.1.13' ],
45 silly audit   '@types/react-dom': [ '19.1.9' ],
45 silly audit   react: [ '19.1.1' ],
45 silly audit   'react-dom': [ '19.1.1' ],
45 silly audit   csstype: [ '3.1.3' ],
45 silly audit   scheduler: [ '0.26.0' ]
45 silly audit }
46 verbose reify failed optional dependency /home/runner/work/LightDom/LightDom/node_modules/fsevents
47 silly reify mark deleted [ '/home/runner/work/LightDom/LightDom/node_modules/fsevents' ]
48 verbose reify failed optional dependency /home/runner/work/LightDom/LightDom/node_modules/@rollup/rollup-win32-x64-msvc
49 silly reify mark deleted [
49 silly reify   '/home/runner/work/LightDom/LightDom/node_modules/@rollup/rollup-win32-x64-msvc'
49 silly reify ]
50 verbose reify failed optional dependency /home/runner/work/LightDom/LightDom/node_modules/@rollup/rollup-win32-ia32-msvc
51 silly reify mark deleted [
51 silly reify   '/home/runner/work/LightDom/LightDom/node_modules/@rollup/rollup-win32-ia32-msvc'
51 silly reify ]
52 verbose reify failed optional dependency /home/runner/work/LightDom/LightDom/node_modules/@rollup/rollup-win32-arm64-msvc
53 silly reify mark deleted [
53 silly reify   '/home/runner/work/LightDom/LightDom/node_modules/@rollup/rollup-win32-arm64-msvc'
53 silly reify ]
54 verbose reify failed optional dependency /home/runner/work/LightDom/LightDom/node_modules/@rollup/rollup-openharmony-arm64
55 silly reify mark deleted [
55 silly reify   '/home/runner/work/LightDom/LightDom/node_modules/@rollup/rollup-openharmony-arm64'
55 silly reify ]
56 verbose reify failed optional dependency /home/runner/work/LightDom/LightDom/node_modules/@rollup/rollup-linux-s390x-gnu
57 silly reify mark deleted [
57 silly reify   '/home/runner/work/LightDom/LightDom/node_modules/@rollup/rollup-linux-s390x-gnu'
57 silly reify ]
58 verbose reify failed optional dependency /home/runner/work/LightDom/LightDom/node_modules/@rollup/rollup-linux-riscv64-musl
59 silly reify mark deleted [
59 silly reify   '/home/runner/work/LightDom/LightDom/node_modules/@rollup/rollup-linux-riscv64-musl'
59 silly reify ]
60 verbose reify failed optional dependency /home/runner/work/LightDom/LightDom/node_modules/@rollup/rollup-linux-riscv64-gnu
61 silly reify mark deleted [
61 silly reify   '/home/runner/work/LightDom/LightDom/node_modules/@rollup/rollup-linux-riscv64-gnu'
61 silly reify ]
62 verbose reify failed optional dependency /home/runner/work/LightDom/LightDom/node_modules/@rollup/rollup-linux-ppc64-gnu
63 silly reify mark deleted [
63 silly reify   '/home/runner/work/LightDom/LightDom/node_modules/@rollup/rollup-linux-ppc64-gnu'
63 silly reify ]
64 verbose reify failed optional dependency /home/runner/work/LightDom/LightDom/node_modules/@rollup/rollup-linux-loong64-gnu
65 silly reify mark deleted [
65 silly reify   '/home/runner/work/LightDom/LightDom/node_modules/@rollup/rollup-linux-loong64-gnu'
65 silly reify ]
66 verbose reify failed optional dependency /home/runner/work/LightDom/LightDom/node_modules/@rollup/rollup-linux-arm64-musl
67 silly reify mark deleted [
67 silly reify   '/home/runner/work/LightDom/LightDom/node_modules/@rollup/rollup-linux-arm64-musl'
67 silly reify ]
68 verbose reify failed optional dependency /home/runner/work/LightDom/LightDom/node_modules/@rollup/rollup-linux-arm64-gnu
69 silly reify mark deleted [
69 silly reify   '/home/runner/work/LightDom/LightDom/node_modules/@rollup/rollup-linux-arm64-gnu'
69 silly reify ]
70 verbose reify failed optional dependency /home/runner/work/LightDom/LightDom/node_modules/@rollup/rollup-linux-arm-musleabihf
71 silly reify mark deleted [
71 silly reify   '/home/runner/work/LightDom/LightDom/node_modules/@rollup/rollup-linux-arm-musleabihf'
71 silly reify ]
72 verbose reify failed optional dependency /home/runner/work/LightDom/LightDom/node_modules/@rollup/rollup-linux-arm-gnueabihf
73 silly reify mark deleted [
73 silly reify   '/home/runner/work/LightDom/LightDom/node_modules/@rollup/rollup-linux-arm-gnueabihf'
73 silly reify ]
74 verbose reify failed optional dependency /home/runner/work/LightDom/LightDom/node_modules/@rollup/rollup-freebsd-x64
75 silly reify mark deleted [
75 silly reify   '/home/runner/work/LightDom/LightDom/node_modules/@rollup/rollup-freebsd-x64'
75 silly reify ]
76 verbose reify failed optional dependency /home/runner/work/LightDom/LightDom/node_modules/@rollup/rollup-freebsd-arm64
77 silly reify mark deleted [
77 silly reify   '/home/runner/work/LightDom/LightDom/node_modules/@rollup/rollup-freebsd-arm64'
77 silly reify ]
78 verbose reify failed optional dependency /home/runner/work/LightDom/LightDom/node_modules/@rollup/rollup-darwin-x64
79 silly reify mark deleted [
79 silly reify   '/home/runner/work/LightDom/LightDom/node_modules/@rollup/rollup-darwin-x64'
79 silly reify ]
80 verbose reify failed optional dependency /home/runner/work/LightDom/LightDom/node_modules/@rollup/rollup-darwin-arm64
81 silly reify mark deleted [
81 silly reify   '/home/runner/work/LightDom/LightDom/node_modules/@rollup/rollup-darwin-arm64'
81 silly reify ]
82 verbose reify failed optional dependency /home/runner/work/LightDom/LightDom/node_modules/@rollup/rollup-android-arm64
83 silly reify mark deleted [
83 silly reify   '/home/runner/work/LightDom/LightDom/node_modules/@rollup/rollup-android-arm64'
83 silly reify ]
84 verbose reify failed optional dependency /home/runner/work/LightDom/LightDom/node_modules/@rollup/rollup-android-arm-eabi
85 silly reify mark deleted [
85 silly reify   '/home/runner/work/LightDom/LightDom/node_modules/@rollup/rollup-android-arm-eabi'
85 silly reify ]
86 verbose reify failed optional dependency /home/runner/work/LightDom/LightDom/node_modules/@esbuild/win32-x64
87 silly reify mark deleted [
87 silly reify   '/home/runner/work/LightDom/LightDom/node_modules/@esbuild/win32-x64'
87 silly reify ]
88 verbose reify failed optional dependency /home/runner/work/LightDom/LightDom/node_modules/@esbuild/win32-ia32
89 silly reify mark deleted [
89 silly reify   '/home/runner/work/LightDom/LightDom/node_modules/@esbuild/win32-ia32'
89 silly reify ]
90 verbose reify failed optional dependency /home/runner/work/LightDom/LightDom/node_modules/@esbuild/win32-arm64
91 silly reify mark deleted [
91 silly reify   '/home/runner/work/LightDom/LightDom/node_modules/@esbuild/win32-arm64'
91 silly reify ]
92 verbose reify failed optional dependency /home/runner/work/LightDom/LightDom/node_modules/@esbuild/sunos-x64
93 silly reify mark deleted [
93 silly reify   '/home/runner/work/LightDom/LightDom/node_modules/@esbuild/sunos-x64'
93 silly reify ]
94 verbose reify failed optional dependency /home/runner/work/LightDom/LightDom/node_modules/@esbuild/openharmony-arm64
95 silly reify mark deleted [
95 silly reify   '/home/runner/work/LightDom/LightDom/node_modules/@esbuild/openharmony-arm64'
95 silly reify ]
96 verbose reify failed optional dependency /home/runner/work/LightDom/LightDom/node_modules/@esbuild/openbsd-x64
97 silly reify mark deleted [
97 silly reify   '/home/runner/work/LightDom/LightDom/node_modules/@esbuild/openbsd-x64'
97 silly reify ]
98 verbose reify failed optional dependency /home/runner/work/LightDom/LightDom/node_modules/@esbuild/openbsd-arm64
99 silly reify mark deleted [
99 silly reify   '/home/runner/work/LightDom/LightDom/node_modules/@esbuild/openbsd-arm64'
99 silly reify ]
100 verbose reify failed optional dependency /home/runner/work/LightDom/LightDom/node_modules/@esbuild/netbsd-x64
101 silly reify mark deleted [
101 silly reify   '/home/runner/work/LightDom/LightDom/node_modules/@esbuild/netbsd-x64'
101 silly reify ]
102 verbose reify failed optional dependency /home/runner/work/LightDom/LightDom/node_modules/@esbuild/netbsd-arm64
103 silly reify mark deleted [
103 silly reify   '/home/runner/work/LightDom/LightDom/node_modules/@esbuild/netbsd-arm64'
103 silly reify ]
104 verbose reify failed optional dependency /home/runner/work/LightDom/LightDom/node_modules/@esbuild/linux-s390x
105 silly reify mark deleted [
105 silly reify   '/home/runner/work/LightDom/LightDom/node_modules/@esbuild/linux-s390x'
105 silly reify ]
106 verbose reify failed optional dependency /home/runner/work/LightDom/LightDom/node_modules/@esbuild/linux-riscv64
107 silly reify mark deleted [
107 silly reify   '/home/runner/work/LightDom/LightDom/node_modules/@esbuild/linux-riscv64'
107 silly reify ]
108 verbose reify failed optional dependency /home/runner/work/LightDom/LightDom/node_modules/@esbuild/linux-ppc64
109 silly reify mark deleted [
109 silly reify   '/home/runner/work/LightDom/LightDom/node_modules/@esbuild/linux-ppc64'
109 silly reify ]
110 verbose reify failed optional dependency /home/runner/work/LightDom/LightDom/node_modules/@esbuild/linux-mips64el
111 silly reify mark deleted [
111 silly reify   '/home/runner/work/LightDom/LightDom/node_modules/@esbuild/linux-mips64el'
111 silly reify ]
112 verbose reify failed optional dependency /home/runner/work/LightDom/LightDom/node_modules/@esbuild/linux-loong64
113 silly reify mark deleted [
113 silly reify   '/home/runner/work/LightDom/LightDom/node_modules/@esbuild/linux-loong64'
113 silly reify ]
114 verbose reify failed optional dependency /home/runner/work/LightDom/LightDom/node_modules/@esbuild/linux-ia32
115 silly reify mark deleted [
115 silly reify   '/home/runner/work/LightDom/LightDom/node_modules/@esbuild/linux-ia32'
115 silly reify ]
116 verbose reify failed optional dependency /home/runner/work/LightDom/LightDom/node_modules/@esbuild/linux-arm64
117 silly reify mark deleted [
117 silly reify   '/home/runner/work/LightDom/LightDom/node_modules/@esbuild/linux-arm64'
117 silly reify ]
118 verbose reify failed optional dependency /home/runner/work/LightDom/LightDom/node_modules/@esbuild/linux-arm
119 silly reify mark deleted [
119 silly reify   '/home/runner/work/LightDom/LightDom/node_modules/@esbuild/linux-arm'
119 silly reify ]
120 verbose reify failed optional dependency /home/runner/work/LightDom/LightDom/node_modules/@esbuild/freebsd-x64
121 silly reify mark deleted [
121 silly reify   '/home/runner/work/LightDom/LightDom/node_modules/@esbuild/freebsd-x64'
121 silly reify ]
122 verbose reify failed optional dependency /home/runner/work/LightDom/LightDom/node_modules/@esbuild/freebsd-arm64
123 silly reify mark deleted [
123 silly reify   '/home/runner/work/LightDom/LightDom/node_modules/@esbuild/freebsd-arm64'
123 silly reify ]
124 verbose reify failed optional dependency /home/runner/work/LightDom/LightDom/node_modules/@esbuild/darwin-x64
125 silly reify mark deleted [
125 silly reify   '/home/runner/work/LightDom/LightDom/node_modules/@esbuild/darwin-x64'
125 silly reify ]
126 verbose reify failed optional dependency /home/runner/work/LightDom/LightDom/node_modules/@esbuild/darwin-arm64
127 silly reify mark deleted [
127 silly reify   '/home/runner/work/LightDom/LightDom/node_modules/@esbuild/darwin-arm64'
127 silly reify ]
128 verbose reify failed optional dependency /home/runner/work/LightDom/LightDom/node_modules/@esbuild/android-x64
129 silly reify mark deleted [
129 silly reify   '/home/runner/work/LightDom/LightDom/node_modules/@esbuild/android-x64'
129 silly reify ]
130 verbose reify failed optional dependency /home/runner/work/LightDom/LightDom/node_modules/@esbuild/android-arm64
131 silly reify mark deleted [
131 silly reify   '/home/runner/work/LightDom/LightDom/node_modules/@esbuild/android-arm64'
131 silly reify ]
132 verbose reify failed optional dependency /home/runner/work/LightDom/LightDom/node_modules/@esbuild/android-arm
133 silly reify mark deleted [
133 silly reify   '/home/runner/work/LightDom/LightDom/node_modules/@esbuild/android-arm'
133 silly reify ]
134 verbose reify failed optional dependency /home/runner/work/LightDom/LightDom/node_modules/@esbuild/aix-ppc64
135 silly reify mark deleted [
135 silly reify   '/home/runner/work/LightDom/LightDom/node_modules/@esbuild/aix-ppc64'
135 silly reify ]
136 silly tarball no local data for scheduler@https://registry.npmjs.org/scheduler/-/scheduler-0.26.0.tgz. Extracting by manifest.
137 silly tarball no local data for react-dom@https://registry.npmjs.org/react-dom/-/react-dom-19.1.1.tgz. Extracting by manifest.
138 silly tarball no local data for react@https://registry.npmjs.org/react/-/react-19.1.1.tgz. Extracting by manifest.
139 silly tarball no local data for @types/react-dom@https://registry.npmjs.org/@types/react-dom/-/react-dom-19.1.9.tgz. Extracting by manifest.
140 silly tarball no local data for @types/react@https://registry.npmjs.org/@types/react/-/react-19.1.13.tgz. Extracting by manifest.
141 silly tarball no local data for @rollup/rollup-linux-x64-musl@https://registry.npmjs.org/@rollup/rollup-linux-x64-musl/-/rollup-linux-x64-musl-4.50.2.tgz. Extracting by manifest.
142 http fetch GET 200 https://registry.npmjs.org/scheduler/-/scheduler-0.26.0.tgz 229ms (cache miss)
143 http fetch POST 200 https://registry.npmjs.org/-/npm/v1/security/advisories/bulk 252ms
144 silly audit report {}
145 http fetch GET 200 https://registry.npmjs.org/react/-/react-19.1.1.tgz 293ms (cache miss)
146 http fetch GET 200 https://registry.npmjs.org/@types/react/-/react-19.1.13.tgz 298ms (cache miss)
147 http fetch GET 200 https://registry.npmjs.org/@rollup/rollup-linux-x64-musl/-/rollup-linux-x64-musl-4.50.2.tgz 299ms (cache miss)
148 http fetch GET 200 https://registry.npmjs.org/@types/react-dom/-/react-dom-19.1.9.tgz 310ms (cache miss)
149 http fetch GET 200 https://registry.npmjs.org/react-dom/-/react-dom-19.1.1.tgz 347ms (cache miss)
150 silly ADD node_modules/scheduler
151 silly ADD node_modules/csstype
152 silly ADD node_modules/react-dom
153 silly ADD node_modules/react
154 silly ADD node_modules/@types/react-dom
155 silly ADD node_modules/@types/react
156 silly ADD
157 silly ADD
158 silly ADD
159 silly ADD
160 silly ADD
161 silly ADD node_modules/@rollup/rollup-linux-x64-musl
162 silly ADD
163 silly ADD
164 silly ADD
165 silly ADD
166 silly ADD
167 silly ADD
168 silly ADD
169 silly ADD
170 silly ADD
171 silly ADD
172 silly ADD
173 silly ADD
174 silly ADD
175 silly ADD
176 silly ADD
177 silly ADD
178 silly ADD
179 silly ADD
180 silly ADD
181 silly ADD
182 silly ADD
183 silly ADD
184 silly ADD
185 silly ADD
186 silly ADD
187 silly ADD
188 silly ADD
189 silly ADD
190 silly ADD
191 silly ADD
192 silly ADD
193 silly ADD
194 silly ADD
195 silly ADD
196 silly ADD
197 silly ADD
198 silly ADD
199 silly ADD
200 silly ADD
201 silly ADD
202 verbose cwd /home/runner/work/LightDom/LightDom
203 verbose os Linux 6.11.0-1018-azure
204 verbose node v20.19.5
205 verbose npm  v10.8.2
206 verbose exit 0
207 info ok
