0 verbose cli /usr/local/bin/node /usr/local/bin/npm
1 info using npm@10.8.2
2 info using node@v20.19.5
3 silly config load:file:/usr/local/lib/node_modules/npm/npmrc
4 silly config load:file:/home/runner/work/LightDom/LightDom/.npmrc
5 silly config load:file:/home/runner/.npmrc
6 silly config load:file:/usr/local/etc/npmrc
7 verbose title npm install
8 verbose argv "install"
9 verbose logfile logs-max:10 dir:/home/runner/work/LightDom/LightDom/.npm-cache/_logs/2025-09-17T16_29_41_582Z-
10 verbose logfile /home/runner/work/LightDom/LightDom/.npm-cache/_logs/2025-09-17T16_29_41_582Z-debug-0.log
11 silly packumentCache heap:4345298944 maxSize:1086324736 maxEntrySize:543162368
12 silly logfile done cleaning log files
13 silly idealTree buildDeps
14 silly fetch manifest express@^4.18.2
15 silly packumentCache full:https://registry.npmjs.org/express cache-miss
16 http fetch GET 200 https://registry.npmjs.org/express 132ms (cache miss)
17 silly packumentCache full:https://registry.npmjs.org/express set size:undefined disposed:false
18 silly fetch manifest cors@^2.8.5
19 silly packumentCache full:https://registry.npmjs.org/cors cache-miss
20 http fetch GET 200 https://registry.npmjs.org/cors 90ms (cache miss)
21 silly packumentCache full:https://registry.npmjs.org/cors set size:undefined disposed:false
22 silly fetch manifest dotenv@^16.3.1
23 silly packumentCache full:https://registry.npmjs.org/dotenv cache-miss
24 http fetch GET 200 https://registry.npmjs.org/dotenv 89ms (cache miss)
25 silly packumentCache full:https://registry.npmjs.org/dotenv set size:undefined disposed:false
26 silly fetch manifest axios@1.12.2
27 silly packumentCache full:https://registry.npmjs.org/axios cache-miss
28 http fetch GET 200 https://registry.npmjs.org/axios 98ms (cache miss)
29 silly packumentCache full:https://registry.npmjs.org/axios set size:undefined disposed:false
30 silly fetch manifest commander@11.1.0
31 silly packumentCache full:https://registry.npmjs.org/commander cache-miss
32 http fetch GET 200 https://registry.npmjs.org/commander 95ms (cache miss)
33 silly packumentCache full:https://registry.npmjs.org/commander set size:undefined disposed:false
34 silly fetch manifest chalk@5.6.2
35 silly packumentCache full:https://registry.npmjs.org/chalk cache-miss
36 http fetch GET 200 https://registry.npmjs.org/chalk 81ms (cache miss)
37 silly packumentCache full:https://registry.npmjs.org/chalk set size:undefined disposed:false
38 silly fetch manifest uuid@9.0.1
39 silly packumentCache full:https://registry.npmjs.org/uuid cache-miss
40 http fetch GET 200 https://registry.npmjs.org/uuid 94ms (cache miss)
41 silly packumentCache full:https://registry.npmjs.org/uuid set size:undefined disposed:false
42 silly fetch manifest winston@^3.10.0
43 silly packumentCache full:https://registry.npmjs.org/winston cache-miss
44 http fetch GET 200 https://registry.npmjs.org/winston 85ms (cache miss)
45 silly packumentCache full:https://registry.npmjs.org/winston set size:undefined disposed:false
46 silly placeDep ROOT axios@1.12.2 OK for: lightdom@1.0.0 want: ^1.12.2
47 silly placeDep ROOT chalk@5.6.2 OK for: lightdom@1.0.0 want: ^5.6.2
48 silly placeDep ROOT commander@11.1.0 OK for: lightdom@1.0.0 want: ^11.1.0
49 silly placeDep ROOT cors@2.8.5 OK for: lightdom@1.0.0 want: ^2.8.5
50 silly placeDep ROOT dotenv@16.6.1 OK for: lightdom@1.0.0 want: ^16.3.1
51 silly placeDep ROOT express@4.21.2 OK for: lightdom@1.0.0 want: ^4.18.2
52 silly placeDep ROOT uuid@9.0.1 OK for: lightdom@1.0.0 want: ^9.0.0
53 silly placeDep ROOT winston@3.17.0 OK for: lightdom@1.0.0 want: ^3.10.0
54 silly fetch manifest follow-redirects@^1.15.6
55 silly packumentCache full:https://registry.npmjs.org/follow-redirects cache-miss
56 silly fetch manifest form-data@^4.0.4
57 silly packumentCache full:https://registry.npmjs.org/form-data cache-miss
58 silly fetch manifest proxy-from-env@^1.1.0
59 silly packumentCache full:https://registry.npmjs.org/proxy-from-env cache-miss
60 http fetch GET 200 https://registry.npmjs.org/follow-redirects 125ms (cache miss)
61 silly packumentCache full:https://registry.npmjs.org/follow-redirects set size:undefined disposed:false
62 silly fetch manifest vary@^1
63 silly packumentCache full:https://registry.npmjs.org/vary cache-miss
64 http fetch GET 200 https://registry.npmjs.org/proxy-from-env 175ms (cache miss)
65 silly packumentCache full:https://registry.npmjs.org/proxy-from-env set size:undefined disposed:false
66 silly fetch manifest object-assign@^4
67 silly packumentCache full:https://registry.npmjs.org/object-assign cache-miss
68 http fetch GET 200 https://registry.npmjs.org/vary 95ms (cache miss)
69 silly packumentCache full:https://registry.npmjs.org/vary set size:undefined disposed:false
70 silly fetch manifest qs@6.13.0
71 silly packumentCache full:https://registry.npmjs.org/qs cache-miss
72 http fetch GET 200 https://registry.npmjs.org/form-data 228ms (cache miss)
73 silly packumentCache full:https://registry.npmjs.org/form-data set size:undefined disposed:false
74 silly fetch manifest depd@2.0.0
75 silly packumentCache full:https://registry.npmjs.org/depd cache-miss
76 http fetch GET 200 https://registry.npmjs.org/object-assign 90ms (cache miss)
77 silly packumentCache full:https://registry.npmjs.org/object-assign set size:undefined disposed:false
78 silly fetch manifest etag@~1.8.1
79 silly packumentCache full:https://registry.npmjs.org/etag cache-miss
80 http fetch GET 200 https://registry.npmjs.org/depd 112ms (cache miss)
81 silly packumentCache full:https://registry.npmjs.org/depd set size:undefined disposed:false
82 silly fetch manifest send@0.19.0
83 silly packumentCache full:https://registry.npmjs.org/send cache-miss
84 http fetch GET 200 https://registry.npmjs.org/qs 123ms (cache miss)
85 silly packumentCache full:https://registry.npmjs.org/qs set size:undefined disposed:false
86 silly fetch manifest vary@~1.1.2
87 silly packumentCache full:https://registry.npmjs.org/vary cache-miss
88 http fetch GET 200 https://registry.npmjs.org/vary 6ms (cache hit)
89 silly packumentCache full:https://registry.npmjs.org/vary set size:16018 disposed:false
90 silly fetch manifest debug@2.6.9
91 silly packumentCache full:https://registry.npmjs.org/debug cache-miss
92 http fetch GET 200 https://registry.npmjs.org/etag 118ms (cache miss)
93 silly packumentCache full:https://registry.npmjs.org/etag set size:undefined disposed:false
94 silly fetch manifest fresh@0.5.2
95 silly packumentCache full:https://registry.npmjs.org/fresh cache-miss
96 http fetch GET 200 https://registry.npmjs.org/send 105ms (cache miss)
97 silly packumentCache full:https://registry.npmjs.org/send set size:undefined disposed:false
98 silly fetch manifest cookie@0.7.1
99 silly packumentCache full:https://registry.npmjs.org/cookie cache-miss
100 http fetch GET 200 https://registry.npmjs.org/fresh 106ms (cache miss)
101 silly packumentCache full:https://registry.npmjs.org/fresh set size:undefined disposed:false
102 silly fetch manifest accepts@~1.3.8
103 silly packumentCache full:https://registry.npmjs.org/accepts cache-miss
104 http fetch GET 200 https://registry.npmjs.org/debug 140ms (cache miss)
105 silly packumentCache full:https://registry.npmjs.org/debug set size:undefined disposed:false
106 silly fetch manifest methods@~1.1.2
107 silly packumentCache full:https://registry.npmjs.org/methods cache-miss
108 http fetch GET 200 https://registry.npmjs.org/cookie 107ms (cache miss)
109 silly packumentCache full:https://registry.npmjs.org/cookie set size:undefined disposed:false
110 silly fetch manifest type-is@~1.6.18
111 silly packumentCache full:https://registry.npmjs.org/type-is cache-miss
112 http fetch GET 200 https://registry.npmjs.org/methods 105ms (cache miss)
113 silly packumentCache full:https://registry.npmjs.org/methods set size:undefined disposed:false
114 silly fetch manifest parseurl@~1.3.3
115 silly packumentCache full:https://registry.npmjs.org/parseurl cache-miss
116 http fetch GET 200 https://registry.npmjs.org/accepts 112ms (cache miss)
117 silly packumentCache full:https://registry.npmjs.org/accepts set size:undefined disposed:false
118 silly fetch manifest statuses@2.0.1
119 silly packumentCache full:https://registry.npmjs.org/statuses cache-miss
120 http fetch GET 200 https://registry.npmjs.org/type-is 107ms (cache miss)
121 silly packumentCache full:https://registry.npmjs.org/type-is set size:undefined disposed:false
122 silly fetch manifest encodeurl@~2.0.0
123 silly packumentCache full:https://registry.npmjs.org/encodeurl cache-miss
124 http fetch GET 200 https://registry.npmjs.org/statuses 104ms (cache miss)
125 silly packumentCache full:https://registry.npmjs.org/statuses set size:undefined disposed:false
126 silly fetch manifest proxy-addr@~2.0.7
127 silly packumentCache full:https://registry.npmjs.org/proxy-addr cache-miss
128 http fetch GET 200 https://registry.npmjs.org/parseurl 116ms (cache miss)
129 silly packumentCache full:https://registry.npmjs.org/parseurl set size:undefined disposed:false
130 silly fetch manifest body-parser@1.20.3
131 silly packumentCache full:https://registry.npmjs.org/body-parser cache-miss
132 http fetch GET 200 https://registry.npmjs.org/encodeurl 86ms (cache miss)
133 silly packumentCache full:https://registry.npmjs.org/encodeurl set size:undefined disposed:false
134 silly fetch manifest escape-html@~1.0.3
135 silly packumentCache full:https://registry.npmjs.org/escape-html cache-miss
136 http fetch GET 200 https://registry.npmjs.org/proxy-addr 104ms (cache miss)
137 silly packumentCache full:https://registry.npmjs.org/proxy-addr set size:undefined disposed:false
138 silly fetch manifest http-errors@2.0.0
139 silly packumentCache full:https://registry.npmjs.org/http-errors cache-miss
140 http fetch GET 200 https://registry.npmjs.org/escape-html 104ms (cache miss)
141 silly packumentCache full:https://registry.npmjs.org/escape-html set size:undefined disposed:false
142 silly fetch manifest on-finished@2.4.1
143 silly packumentCache full:https://registry.npmjs.org/on-finished cache-miss
144 http fetch GET 200 https://registry.npmjs.org/body-parser 139ms (cache miss)
145 silly packumentCache full:https://registry.npmjs.org/body-parser set size:undefined disposed:false
146 silly fetch manifest safe-buffer@5.2.1
147 silly packumentCache full:https://registry.npmjs.org/safe-buffer cache-miss
148 http fetch GET 200 https://registry.npmjs.org/http-errors 95ms (cache miss)
149 silly packumentCache full:https://registry.npmjs.org/http-errors set size:undefined disposed:false
150 silly fetch manifest utils-merge@1.0.1
151 silly packumentCache full:https://registry.npmjs.org/utils-merge cache-miss
152 http fetch GET 200 https://registry.npmjs.org/safe-buffer 114ms (cache miss)
153 silly packumentCache full:https://registry.npmjs.org/safe-buffer set size:undefined disposed:false
154 silly fetch manifest content-type@~1.0.4
155 silly packumentCache full:https://registry.npmjs.org/content-type cache-miss
156 http fetch GET 200 https://registry.npmjs.org/on-finished 154ms (cache miss)
157 silly packumentCache full:https://registry.npmjs.org/on-finished set size:undefined disposed:false
158 silly fetch manifest finalhandler@1.3.1
159 silly packumentCache full:https://registry.npmjs.org/finalhandler cache-miss
160 http fetch GET 200 https://registry.npmjs.org/utils-merge 109ms (cache miss)
161 silly packumentCache full:https://registry.npmjs.org/utils-merge set size:undefined disposed:false
162 silly fetch manifest range-parser@~1.2.1
163 silly packumentCache full:https://registry.npmjs.org/range-parser cache-miss
164 http fetch GET 200 https://registry.npmjs.org/content-type 99ms (cache miss)
165 silly packumentCache full:https://registry.npmjs.org/content-type set size:undefined disposed:false
166 silly fetch manifest serve-static@1.16.2
167 silly packumentCache full:https://registry.npmjs.org/serve-static cache-miss
168 http fetch GET 200 https://registry.npmjs.org/finalhandler 127ms (cache miss)
169 silly packumentCache full:https://registry.npmjs.org/finalhandler set size:undefined disposed:false
170 silly fetch manifest array-flatten@1.1.1
171 silly packumentCache full:https://registry.npmjs.org/array-flatten cache-miss
172 http fetch GET 200 https://registry.npmjs.org/range-parser 145ms (cache miss)
173 silly packumentCache full:https://registry.npmjs.org/range-parser set size:undefined disposed:false
174 silly fetch manifest path-to-regexp@0.1.12
175 silly packumentCache full:https://registry.npmjs.org/path-to-regexp cache-miss
176 http fetch GET 200 https://registry.npmjs.org/serve-static 114ms (cache miss)
177 silly packumentCache full:https://registry.npmjs.org/serve-static set size:undefined disposed:false
178 silly fetch manifest setprototypeof@1.2.0
179 silly packumentCache full:https://registry.npmjs.org/setprototypeof cache-miss
180 http fetch GET 200 https://registry.npmjs.org/array-flatten 98ms (cache miss)
181 silly packumentCache full:https://registry.npmjs.org/array-flatten set size:undefined disposed:false
182 silly fetch manifest cookie-signature@1.0.6
183 silly packumentCache full:https://registry.npmjs.org/cookie-signature cache-miss
184 http fetch GET 200 https://registry.npmjs.org/path-to-regexp 117ms (cache miss)
185 silly packumentCache full:https://registry.npmjs.org/path-to-regexp set size:undefined disposed:false
186 silly fetch manifest merge-descriptors@1.0.3
187 silly packumentCache full:https://registry.npmjs.org/merge-descriptors cache-miss
188 http fetch GET 200 https://registry.npmjs.org/setprototypeof 113ms (cache miss)
189 silly packumentCache full:https://registry.npmjs.org/setprototypeof set size:undefined disposed:false
190 silly fetch manifest content-disposition@0.5.4
191 silly packumentCache full:https://registry.npmjs.org/content-disposition cache-miss
192 http fetch GET 200 https://registry.npmjs.org/cookie-signature 125ms (cache miss)
193 silly packumentCache full:https://registry.npmjs.org/cookie-signature set size:undefined disposed:false
194 silly fetch manifest async@^3.2.3
195 silly packumentCache full:https://registry.npmjs.org/async cache-miss
196 http fetch GET 200 https://registry.npmjs.org/merge-descriptors 89ms (cache miss)
197 silly packumentCache full:https://registry.npmjs.org/merge-descriptors set size:undefined disposed:false
198 silly fetch manifest logform@^2.7.0
199 silly packumentCache full:https://registry.npmjs.org/logform cache-miss
200 http fetch GET 200 https://registry.npmjs.org/content-disposition 115ms (cache miss)
201 silly packumentCache full:https://registry.npmjs.org/content-disposition set size:undefined disposed:false
202 silly fetch manifest one-time@^1.0.0
203 silly packumentCache full:https://registry.npmjs.org/one-time cache-miss
204 http fetch GET 200 https://registry.npmjs.org/async 93ms (cache miss)
205 silly packumentCache full:https://registry.npmjs.org/async set size:undefined disposed:false
206 silly fetch manifest is-stream@^2.0.0
207 silly packumentCache full:https://registry.npmjs.org/is-stream cache-miss
208 http fetch GET 200 https://registry.npmjs.org/logform 112ms (cache miss)
209 silly packumentCache full:https://registry.npmjs.org/logform set size:undefined disposed:false
210 silly fetch manifest stack-trace@0.0.x
211 silly packumentCache full:https://registry.npmjs.org/stack-trace cache-miss
212 http fetch GET 200 https://registry.npmjs.org/one-time 88ms (cache miss)
213 silly packumentCache full:https://registry.npmjs.org/one-time set size:undefined disposed:false
214 silly fetch manifest triple-beam@^1.3.0
215 silly packumentCache full:https://registry.npmjs.org/triple-beam cache-miss
216 http fetch GET 200 https://registry.npmjs.org/is-stream 121ms (cache miss)
217 silly packumentCache full:https://registry.npmjs.org/is-stream set size:undefined disposed:false
218 silly fetch manifest @colors/colors@^1.6.0
219 silly packumentCache full:https://registry.npmjs.org/@colors%2fcolors cache-miss
220 http fetch GET 200 https://registry.npmjs.org/stack-trace 122ms (cache miss)
221 silly packumentCache full:https://registry.npmjs.org/stack-trace set size:undefined disposed:false
222 silly fetch manifest readable-stream@^3.4.0
223 silly packumentCache full:https://registry.npmjs.org/readable-stream cache-miss
224 http fetch GET 200 https://registry.npmjs.org/triple-beam 121ms (cache miss)
225 silly packumentCache full:https://registry.npmjs.org/triple-beam set size:undefined disposed:false
226 silly fetch manifest @dabh/diagnostics@^2.0.2
227 silly packumentCache full:https://registry.npmjs.org/@dabh%2fdiagnostics cache-miss
228 http fetch GET 200 https://registry.npmjs.org/readable-stream 104ms (cache miss)
229 silly packumentCache full:https://registry.npmjs.org/readable-stream set size:undefined disposed:false
230 silly fetch manifest winston-transport@^4.9.0
231 silly packumentCache full:https://registry.npmjs.org/winston-transport cache-miss
232 http fetch GET 200 https://registry.npmjs.org/@colors%2fcolors 168ms (cache miss)
233 silly packumentCache full:https://registry.npmjs.org/@colors%2fcolors set size:undefined disposed:false
234 silly fetch manifest safe-stable-stringify@^2.3.1
235 silly packumentCache full:https://registry.npmjs.org/safe-stable-stringify cache-miss
236 http fetch GET 200 https://registry.npmjs.org/@dabh%2fdiagnostics 175ms (cache miss)
237 silly packumentCache full:https://registry.npmjs.org/@dabh%2fdiagnostics set size:undefined disposed:false
238 http fetch GET 200 https://registry.npmjs.org/winston-transport 120ms (cache miss)
239 silly packumentCache full:https://registry.npmjs.org/winston-transport set size:undefined disposed:false
240 http fetch GET 200 https://registry.npmjs.org/safe-stable-stringify 100ms (cache miss)
241 silly packumentCache full:https://registry.npmjs.org/safe-stable-stringify set size:undefined disposed:false
242 silly placeDep ROOT follow-redirects@1.15.11 OK for: axios@1.12.2 want: ^1.15.6
243 silly placeDep ROOT form-data@4.0.4 OK for: axios@1.12.2 want: ^4.0.4
244 silly placeDep ROOT proxy-from-env@1.1.0 OK for: axios@1.12.2 want: ^1.1.0
245 silly fetch manifest hasown@^2.0.2
246 silly packumentCache full:https://registry.npmjs.org/hasown cache-miss
247 silly fetch manifest asynckit@^0.4.0
248 silly packumentCache full:https://registry.npmjs.org/asynckit cache-miss
249 silly fetch manifest mime-types@^2.1.12
250 silly packumentCache full:https://registry.npmjs.org/mime-types cache-miss
251 http fetch GET 200 https://registry.npmjs.org/hasown 130ms (cache miss)
252 silly packumentCache full:https://registry.npmjs.org/hasown set size:undefined disposed:false
253 silly fetch manifest combined-stream@^1.0.8
254 silly packumentCache full:https://registry.npmjs.org/combined-stream cache-miss
255 http fetch GET 200 https://registry.npmjs.org/mime-types 138ms (cache miss)
256 silly packumentCache full:https://registry.npmjs.org/mime-types set size:undefined disposed:false
257 silly fetch manifest es-set-tostringtag@^2.1.0
258 silly packumentCache full:https://registry.npmjs.org/es-set-tostringtag cache-miss
259 http fetch GET 200 https://registry.npmjs.org/asynckit 201ms (cache miss)
260 silly packumentCache full:https://registry.npmjs.org/asynckit set size:undefined disposed:false
261 http fetch GET 200 https://registry.npmjs.org/combined-stream 109ms (cache miss)
262 silly packumentCache full:https://registry.npmjs.org/combined-stream set size:undefined disposed:false
263 http fetch GET 200 https://registry.npmjs.org/es-set-tostringtag 113ms (cache miss)
264 silly packumentCache full:https://registry.npmjs.org/es-set-tostringtag set size:undefined disposed:false
265 silly placeDep ROOT object-assign@4.1.1 OK for: cors@2.8.5 want: ^4
266 silly placeDep ROOT vary@1.1.2 OK for: cors@2.8.5 want: ^1
267 silly placeDep ROOT accepts@1.3.8 OK for: express@4.21.2 want: ~1.3.8
268 silly placeDep ROOT array-flatten@1.1.1 OK for: express@4.21.2 want: 1.1.1
269 silly placeDep ROOT body-parser@1.20.3 OK for: express@4.21.2 want: 1.20.3
270 silly placeDep ROOT content-disposition@0.5.4 OK for: express@4.21.2 want: 0.5.4
271 silly placeDep ROOT content-type@1.0.5 OK for: express@4.21.2 want: ~1.0.4
272 silly placeDep ROOT cookie@0.7.1 OK for: express@4.21.2 want: 0.7.1
273 silly placeDep ROOT cookie-signature@1.0.6 OK for: express@4.21.2 want: 1.0.6
274 silly placeDep ROOT debug@2.6.9 OK for: express@4.21.2 want: 2.6.9
275 silly placeDep ROOT depd@2.0.0 OK for: express@4.21.2 want: 2.0.0
276 silly placeDep ROOT encodeurl@2.0.0 OK for: express@4.21.2 want: ~2.0.0
277 silly placeDep ROOT escape-html@1.0.3 OK for: express@4.21.2 want: ~1.0.3
278 silly placeDep ROOT etag@1.8.1 OK for: express@4.21.2 want: ~1.8.1
279 silly placeDep ROOT finalhandler@1.3.1 OK for: express@4.21.2 want: 1.3.1
280 silly placeDep ROOT fresh@0.5.2 OK for: express@4.21.2 want: 0.5.2
281 silly placeDep ROOT http-errors@2.0.0 OK for: express@4.21.2 want: 2.0.0
282 silly placeDep ROOT merge-descriptors@1.0.3 OK for: express@4.21.2 want: 1.0.3
283 silly placeDep ROOT methods@1.1.2 OK for: express@4.21.2 want: ~1.1.2
284 silly placeDep ROOT on-finished@2.4.1 OK for: express@4.21.2 want: 2.4.1
285 silly placeDep ROOT parseurl@1.3.3 OK for: express@4.21.2 want: ~1.3.3
286 silly placeDep ROOT path-to-regexp@0.1.12 OK for: express@4.21.2 want: 0.1.12
287 silly placeDep ROOT proxy-addr@2.0.7 OK for: express@4.21.2 want: ~2.0.7
288 silly placeDep ROOT qs@6.13.0 OK for: express@4.21.2 want: 6.13.0
289 silly placeDep ROOT range-parser@1.2.1 OK for: express@4.21.2 want: ~1.2.1
290 silly placeDep ROOT safe-buffer@5.2.1 OK for: express@4.21.2 want: 5.2.1
291 silly placeDep ROOT send@0.19.0 OK for: express@4.21.2 want: 0.19.0
292 silly placeDep ROOT serve-static@1.16.2 OK for: express@4.21.2 want: 1.16.2
293 silly placeDep ROOT setprototypeof@1.2.0 OK for: express@4.21.2 want: 1.2.0
294 silly placeDep ROOT statuses@2.0.1 OK for: express@4.21.2 want: 2.0.1
295 silly placeDep ROOT type-is@1.6.18 OK for: express@4.21.2 want: ~1.6.18
296 silly placeDep ROOT utils-merge@1.0.1 OK for: express@4.21.2 want: 1.0.1
297 silly fetch manifest mime-types@~2.1.34
298 silly packumentCache full:https://registry.npmjs.org/mime-types cache-miss
299 silly fetch manifest negotiator@0.6.3
300 silly packumentCache full:https://registry.npmjs.org/negotiator cache-miss
301 silly fetch manifest bytes@3.1.2
302 silly packumentCache full:https://registry.npmjs.org/bytes cache-miss
303 http fetch GET 200 https://registry.npmjs.org/mime-types 10ms (cache hit)
304 silly packumentCache full:https://registry.npmjs.org/mime-types set size:136716 disposed:false
305 silly fetch manifest unpipe@1.0.0
306 silly packumentCache full:https://registry.npmjs.org/unpipe cache-miss
307 http fetch GET 200 https://registry.npmjs.org/negotiator 107ms (cache miss)
308 silly packumentCache full:https://registry.npmjs.org/negotiator set size:undefined disposed:false
309 silly fetch manifest destroy@1.2.0
310 silly packumentCache full:https://registry.npmjs.org/destroy cache-miss
311 http fetch GET 200 https://registry.npmjs.org/unpipe 163ms (cache miss)
312 silly packumentCache full:https://registry.npmjs.org/unpipe set size:undefined disposed:false
313 silly fetch manifest raw-body@2.5.2
314 silly packumentCache full:https://registry.npmjs.org/raw-body cache-miss
315 http fetch GET 200 https://registry.npmjs.org/destroy 105ms (cache miss)
316 silly packumentCache full:https://registry.npmjs.org/destroy set size:undefined disposed:false
317 silly fetch manifest iconv-lite@0.4.24
318 silly packumentCache full:https://registry.npmjs.org/iconv-lite cache-miss
319 http fetch GET 200 https://registry.npmjs.org/bytes 235ms (cache miss)
320 silly packumentCache full:https://registry.npmjs.org/bytes set size:undefined disposed:false
321 silly fetch manifest content-type@~1.0.5
322 silly packumentCache full:https://registry.npmjs.org/content-type cache-miss
323 http fetch GET 200 https://registry.npmjs.org/content-type 2ms (cache hit)
324 silly packumentCache full:https://registry.npmjs.org/content-type set size:17311 disposed:false
325 silly fetch manifest ms@2.0.0
326 silly packumentCache full:https://registry.npmjs.org/ms cache-miss
327 http fetch GET 200 https://registry.npmjs.org/raw-body 99ms (cache miss)
328 silly packumentCache full:https://registry.npmjs.org/raw-body set size:undefined disposed:false
329 silly fetch manifest unpipe@~1.0.0
330 silly packumentCache full:https://registry.npmjs.org/unpipe cache-miss
331 http fetch GET 200 https://registry.npmjs.org/unpipe 5ms (cache hit)
332 silly packumentCache full:https://registry.npmjs.org/unpipe set size:3537 disposed:false
333 silly fetch manifest inherits@2.0.4
334 silly packumentCache full:https://registry.npmjs.org/inherits cache-miss
335 http fetch GET 200 https://registry.npmjs.org/iconv-lite 128ms (cache miss)
336 silly packumentCache full:https://registry.npmjs.org/iconv-lite set size:undefined disposed:false
337 silly fetch manifest toidentifier@1.0.1
338 silly packumentCache full:https://registry.npmjs.org/toidentifier cache-miss
339 http fetch GET 200 https://registry.npmjs.org/ms 106ms (cache miss)
340 silly packumentCache full:https://registry.npmjs.org/ms set size:undefined disposed:false
341 silly fetch manifest ee-first@1.1.1
342 silly packumentCache full:https://registry.npmjs.org/ee-first cache-miss
343 http fetch GET 200 https://registry.npmjs.org/inherits 104ms (cache miss)
344 silly packumentCache full:https://registry.npmjs.org/inherits set size:undefined disposed:false
345 silly fetch manifest forwarded@0.2.0
346 silly packumentCache full:https://registry.npmjs.org/forwarded cache-miss
347 http fetch GET 200 https://registry.npmjs.org/ee-first 122ms (cache miss)
348 silly packumentCache full:https://registry.npmjs.org/ee-first set size:undefined disposed:false
349 silly fetch manifest ipaddr.js@1.9.1
350 silly packumentCache full:https://registry.npmjs.org/ipaddr.js cache-miss
351 http fetch GET 200 https://registry.npmjs.org/toidentifier 168ms (cache miss)
352 silly packumentCache full:https://registry.npmjs.org/toidentifier set size:undefined disposed:false
353 silly fetch manifest side-channel@^1.0.6
354 silly packumentCache full:https://registry.npmjs.org/side-channel cache-miss
355 http fetch GET 200 https://registry.npmjs.org/forwarded 137ms (cache miss)
356 silly packumentCache full:https://registry.npmjs.org/forwarded set size:undefined disposed:false
357 silly fetch manifest ms@2.1.3
358 silly packumentCache full:https://registry.npmjs.org/ms cache-miss
359 http fetch GET 200 https://registry.npmjs.org/ms 3ms (cache hit)
360 silly packumentCache full:https://registry.npmjs.org/ms set size:92208 disposed:false
361 silly fetch manifest mime@1.6.0
362 silly packumentCache full:https://registry.npmjs.org/mime cache-miss
363 http fetch GET 200 https://registry.npmjs.org/ipaddr.js 94ms (cache miss)
364 silly packumentCache full:https://registry.npmjs.org/ipaddr.js set size:undefined disposed:false
365 silly fetch manifest encodeurl@~1.0.2
366 silly packumentCache full:https://registry.npmjs.org/encodeurl cache-miss
367 http fetch GET 200 https://registry.npmjs.org/encodeurl 4ms (cache hit)
368 silly packumentCache full:https://registry.npmjs.org/encodeurl set size:12296 disposed:false
369 silly fetch manifest mime-types@~2.1.24
370 silly packumentCache full:https://registry.npmjs.org/mime-types cache-hit
371 silly fetch manifest media-typer@0.3.0
372 silly packumentCache full:https://registry.npmjs.org/media-typer cache-miss
373 http fetch GET 200 https://registry.npmjs.org/side-channel 88ms (cache miss)
374 silly packumentCache full:https://registry.npmjs.org/side-channel set size:undefined disposed:false
375 http fetch GET 200 https://registry.npmjs.org/mime 111ms (cache miss)
376 silly packumentCache full:https://registry.npmjs.org/mime set size:undefined disposed:false
377 http fetch GET 200 https://registry.npmjs.org/media-typer 120ms (cache miss)
378 silly packumentCache full:https://registry.npmjs.org/media-typer set size:undefined disposed:false
379 silly placeDep ROOT mime-types@2.1.35 OK for: accepts@1.3.8 want: ~2.1.34
380 silly placeDep ROOT negotiator@0.6.3 OK for: accepts@1.3.8 want: 0.6.3
381 silly fetch manifest mime-db@1.52.0
382 silly packumentCache full:https://registry.npmjs.org/mime-db cache-miss
383 http fetch GET 200 https://registry.npmjs.org/mime-db 97ms (cache miss)
384 silly packumentCache full:https://registry.npmjs.org/mime-db set size:undefined disposed:false
385 silly placeDep ROOT bytes@3.1.2 OK for: body-parser@1.20.3 want: 3.1.2
386 silly placeDep ROOT destroy@1.2.0 OK for: body-parser@1.20.3 want: 1.2.0
387 silly placeDep ROOT iconv-lite@0.4.24 OK for: body-parser@1.20.3 want: 0.4.24
388 silly placeDep ROOT raw-body@2.5.2 OK for: body-parser@1.20.3 want: 2.5.2
389 silly placeDep ROOT unpipe@1.0.0 OK for: body-parser@1.20.3 want: 1.0.0
390 silly fetch manifest safer-buffer@>= 2.1.2 < 3
391 silly packumentCache full:https://registry.npmjs.org/safer-buffer cache-miss
392 http fetch GET 200 https://registry.npmjs.org/safer-buffer 93ms (cache miss)
393 silly packumentCache full:https://registry.npmjs.org/safer-buffer set size:undefined disposed:false
394 silly placeDep ROOT ms@2.0.0 OK for: debug@2.6.9 want: 2.0.0
395 silly placeDep ROOT asynckit@0.4.0 OK for: form-data@4.0.4 want: ^0.4.0
396 silly placeDep ROOT combined-stream@1.0.8 OK for: form-data@4.0.4 want: ^1.0.8
397 silly placeDep ROOT es-set-tostringtag@2.1.0 OK for: form-data@4.0.4 want: ^2.1.0
398 silly placeDep ROOT hasown@2.0.2 OK for: form-data@4.0.4 want: ^2.0.2
399 silly fetch manifest delayed-stream@~1.0.0
400 silly packumentCache full:https://registry.npmjs.org/delayed-stream cache-miss
401 silly fetch manifest es-errors@^1.3.0
402 silly packumentCache full:https://registry.npmjs.org/es-errors cache-miss
403 silly fetch manifest get-intrinsic@^1.2.6
404 silly packumentCache full:https://registry.npmjs.org/get-intrinsic cache-miss
405 http fetch GET 200 https://registry.npmjs.org/es-errors 125ms (cache miss)
406 silly packumentCache full:https://registry.npmjs.org/es-errors set size:undefined disposed:false
407 silly fetch manifest has-tostringtag@^1.0.2
408 silly packumentCache full:https://registry.npmjs.org/has-tostringtag cache-miss
409 http fetch GET 200 https://registry.npmjs.org/delayed-stream 158ms (cache miss)
410 silly packumentCache full:https://registry.npmjs.org/delayed-stream set size:undefined disposed:false
411 silly fetch manifest function-bind@^1.1.2
412 silly packumentCache full:https://registry.npmjs.org/function-bind cache-miss
413 http fetch GET 200 https://registry.npmjs.org/get-intrinsic 219ms (cache miss)
414 silly packumentCache full:https://registry.npmjs.org/get-intrinsic set size:undefined disposed:false
415 http fetch GET 200 https://registry.npmjs.org/has-tostringtag 108ms (cache miss)
416 silly packumentCache full:https://registry.npmjs.org/has-tostringtag set size:undefined disposed:false
417 http fetch GET 200 https://registry.npmjs.org/function-bind 113ms (cache miss)
418 silly packumentCache full:https://registry.npmjs.org/function-bind set size:undefined disposed:false
419 silly placeDep ROOT delayed-stream@1.0.0 OK for: combined-stream@1.0.8 want: ~1.0.0
420 silly placeDep ROOT es-errors@1.3.0 OK for: es-set-tostringtag@2.1.0 want: ^1.3.0
421 silly placeDep ROOT get-intrinsic@1.3.0 OK for: es-set-tostringtag@2.1.0 want: ^1.2.6
422 silly placeDep ROOT has-tostringtag@1.0.2 OK for: es-set-tostringtag@2.1.0 want: ^1.0.2
423 silly fetch manifest call-bind-apply-helpers@^1.0.2
424 silly packumentCache full:https://registry.npmjs.org/call-bind-apply-helpers cache-miss
425 silly fetch manifest es-define-property@^1.0.1
426 silly packumentCache full:https://registry.npmjs.org/es-define-property cache-miss
427 silly fetch manifest es-object-atoms@^1.1.1
428 silly packumentCache full:https://registry.npmjs.org/es-object-atoms cache-miss
429 http fetch GET 200 https://registry.npmjs.org/es-object-atoms 150ms (cache miss)
430 silly packumentCache full:https://registry.npmjs.org/es-object-atoms set size:undefined disposed:false
431 silly fetch manifest get-proto@^1.0.1
432 silly packumentCache full:https://registry.npmjs.org/get-proto cache-miss
433 http fetch GET 200 https://registry.npmjs.org/es-define-property 152ms (cache miss)
434 silly packumentCache full:https://registry.npmjs.org/es-define-property set size:undefined disposed:false
435 silly fetch manifest gopd@^1.2.0
436 silly packumentCache full:https://registry.npmjs.org/gopd cache-miss
437 http fetch GET 200 https://registry.npmjs.org/call-bind-apply-helpers 237ms (cache miss)
438 silly packumentCache full:https://registry.npmjs.org/call-bind-apply-helpers set size:undefined disposed:false
439 silly fetch manifest has-symbols@^1.1.0
440 silly packumentCache full:https://registry.npmjs.org/has-symbols cache-miss
441 http fetch GET 200 https://registry.npmjs.org/gopd 111ms (cache miss)
442 silly packumentCache full:https://registry.npmjs.org/gopd set size:undefined disposed:false
443 silly fetch manifest math-intrinsics@^1.1.0
444 silly packumentCache full:https://registry.npmjs.org/math-intrinsics cache-miss
445 http fetch GET 200 https://registry.npmjs.org/get-proto 121ms (cache miss)
446 silly packumentCache full:https://registry.npmjs.org/get-proto set size:undefined disposed:false
447 silly fetch manifest has-symbols@^1.0.3
448 silly packumentCache full:https://registry.npmjs.org/has-symbols cache-miss
449 http fetch GET 200 https://registry.npmjs.org/has-symbols 126ms (cache miss)
450 silly packumentCache full:https://registry.npmjs.org/has-symbols set size:undefined disposed:false
451 http fetch GET 200 https://registry.npmjs.org/math-intrinsics 122ms (cache miss)
452 silly packumentCache full:https://registry.npmjs.org/math-intrinsics set size:undefined disposed:false
453 http fetch GET 200 https://registry.npmjs.org/has-symbols 151ms (cache miss)
454 silly packumentCache full:https://registry.npmjs.org/has-symbols set size:undefined disposed:false
455 silly placeDep ROOT call-bind-apply-helpers@1.0.2 OK for: get-intrinsic@1.3.0 want: ^1.0.2
456 silly placeDep ROOT es-define-property@1.0.1 OK for: get-intrinsic@1.3.0 want: ^1.0.1
457 silly placeDep ROOT es-object-atoms@1.1.1 OK for: get-intrinsic@1.3.0 want: ^1.1.1
458 silly placeDep ROOT function-bind@1.1.2 OK for: get-intrinsic@1.3.0 want: ^1.1.2
459 silly placeDep ROOT get-proto@1.0.1 OK for: get-intrinsic@1.3.0 want: ^1.0.1
460 silly placeDep ROOT gopd@1.2.0 OK for: get-intrinsic@1.3.0 want: ^1.2.0
461 silly placeDep ROOT has-symbols@1.1.0 OK for: get-intrinsic@1.3.0 want: ^1.1.0
462 silly placeDep ROOT math-intrinsics@1.1.0 OK for: get-intrinsic@1.3.0 want: ^1.1.0
463 silly fetch manifest dunder-proto@^1.0.1
464 silly packumentCache full:https://registry.npmjs.org/dunder-proto cache-miss
465 http fetch GET 200 https://registry.npmjs.org/dunder-proto 93ms (cache miss)
466 silly packumentCache full:https://registry.npmjs.org/dunder-proto set size:undefined disposed:false
467 silly placeDep ROOT dunder-proto@1.0.1 OK for: get-proto@1.0.1 want: ^1.0.1
468 silly placeDep ROOT inherits@2.0.4 OK for: http-errors@2.0.0 want: 2.0.4
469 silly placeDep ROOT toidentifier@1.0.1 OK for: http-errors@2.0.0 want: 1.0.1
470 silly placeDep ROOT safer-buffer@2.1.2 OK for: iconv-lite@0.4.24 want: >= 2.1.2 < 3
471 silly placeDep ROOT mime-db@1.52.0 OK for: mime-types@2.1.35 want: 1.52.0
472 silly placeDep ROOT ee-first@1.1.1 OK for: on-finished@2.4.1 want: 1.1.1
473 silly placeDep ROOT forwarded@0.2.0 OK for: proxy-addr@2.0.7 want: 0.2.0
474 silly placeDep ROOT ipaddr.js@1.9.1 OK for: proxy-addr@2.0.7 want: 1.9.1
475 silly placeDep ROOT side-channel@1.1.0 OK for: qs@6.13.0 want: ^1.0.6
476 silly fetch manifest object-inspect@^1.13.3
477 silly packumentCache full:https://registry.npmjs.org/object-inspect cache-miss
478 silly fetch manifest side-channel-list@^1.0.0
479 silly packumentCache full:https://registry.npmjs.org/side-channel-list cache-miss
480 silly fetch manifest side-channel-map@^1.0.1
481 silly packumentCache full:https://registry.npmjs.org/side-channel-map cache-miss
482 http fetch GET 200 https://registry.npmjs.org/side-channel-list 114ms (cache miss)
483 silly packumentCache full:https://registry.npmjs.org/side-channel-list set size:undefined disposed:false
484 silly fetch manifest side-channel-weakmap@^1.0.2
485 silly packumentCache full:https://registry.npmjs.org/side-channel-weakmap cache-miss
486 http fetch GET 200 https://registry.npmjs.org/side-channel-map 147ms (cache miss)
487 silly packumentCache full:https://registry.npmjs.org/side-channel-map set size:undefined disposed:false
488 http fetch GET 200 https://registry.npmjs.org/object-inspect 182ms (cache miss)
489 silly packumentCache full:https://registry.npmjs.org/object-inspect set size:undefined disposed:false
490 http fetch GET 200 https://registry.npmjs.org/side-channel-weakmap 131ms (cache miss)
491 silly packumentCache full:https://registry.npmjs.org/side-channel-weakmap set size:undefined disposed:false
492 silly placeDep node_modules/send encodeurl@1.0.2 OK for: send@0.19.0 want: ~1.0.2
493 silly placeDep ROOT mime@1.6.0 OK for: send@0.19.0 want: 1.6.0
494 silly placeDep node_modules/send ms@2.1.3 OK for: send@0.19.0 want: 2.1.3
495 silly placeDep ROOT object-inspect@1.13.4 OK for: side-channel@1.1.0 want: ^1.13.3
496 silly placeDep ROOT side-channel-list@1.0.0 OK for: side-channel@1.1.0 want: ^1.0.0
497 silly placeDep ROOT side-channel-map@1.0.1 OK for: side-channel@1.1.0 want: ^1.0.1
498 silly placeDep ROOT side-channel-weakmap@1.0.2 OK for: side-channel@1.1.0 want: ^1.0.2
499 silly fetch manifest call-bound@^1.0.2
500 silly packumentCache full:https://registry.npmjs.org/call-bound cache-miss
501 silly fetch manifest call-bound@^1.0.2
502 silly packumentCache full:https://registry.npmjs.org/call-bound cache-miss
503 http fetch GET 200 https://registry.npmjs.org/call-bound 105ms (cache miss)
504 silly packumentCache full:https://registry.npmjs.org/call-bound set size:undefined disposed:false
505 http fetch GET 200 https://registry.npmjs.org/call-bound 124ms (cache miss)
506 silly packumentCache full:https://registry.npmjs.org/call-bound set size:undefined disposed:false
507 silly placeDep ROOT call-bound@1.0.4 OK for: side-channel-map@1.0.1 want: ^1.0.2
508 silly placeDep ROOT media-typer@0.3.0 OK for: type-is@1.6.18 want: 0.3.0
509 silly placeDep ROOT @colors/colors@1.6.0 OK for: winston@3.17.0 want: ^1.6.0
510 silly placeDep ROOT @dabh/diagnostics@2.0.3 OK for: winston@3.17.0 want: ^2.0.2
511 silly placeDep ROOT async@3.2.6 OK for: winston@3.17.0 want: ^3.2.3
512 silly placeDep ROOT is-stream@2.0.1 OK for: winston@3.17.0 want: ^2.0.0
513 silly placeDep ROOT logform@2.7.0 OK for: winston@3.17.0 want: ^2.7.0
514 silly placeDep ROOT one-time@1.0.0 OK for: winston@3.17.0 want: ^1.0.0
515 silly placeDep ROOT readable-stream@3.6.2 OK for: winston@3.17.0 want: ^3.4.0
516 silly placeDep ROOT safe-stable-stringify@2.5.0 OK for: winston@3.17.0 want: ^2.3.1
517 silly placeDep ROOT stack-trace@0.0.10 OK for: winston@3.17.0 want: 0.0.x
518 silly placeDep ROOT triple-beam@1.4.1 OK for: winston@3.17.0 want: ^1.3.0
519 silly placeDep ROOT winston-transport@4.9.0 OK for: winston@3.17.0 want: ^4.9.0
520 silly fetch manifest colorspace@1.1.x
521 silly packumentCache full:https://registry.npmjs.org/colorspace cache-miss
522 silly fetch manifest enabled@2.0.x
523 silly packumentCache full:https://registry.npmjs.org/enabled cache-miss
524 silly fetch manifest kuler@^2.0.0
525 silly packumentCache full:https://registry.npmjs.org/kuler cache-miss
526 http fetch GET 200 https://registry.npmjs.org/enabled 138ms (cache miss)
527 silly packumentCache full:https://registry.npmjs.org/enabled set size:undefined disposed:false
528 silly fetch manifest @types/triple-beam@^1.3.2
529 silly packumentCache full:https://registry.npmjs.org/@types%2ftriple-beam cache-miss
530 http fetch GET 200 https://registry.npmjs.org/kuler 139ms (cache miss)
531 silly packumentCache full:https://registry.npmjs.org/kuler set size:undefined disposed:false
532 silly fetch manifest fecha@^4.2.0
533 silly packumentCache full:https://registry.npmjs.org/fecha cache-miss
534 http fetch GET 200 https://registry.npmjs.org/colorspace 208ms (cache miss)
535 silly packumentCache full:https://registry.npmjs.org/colorspace set size:undefined disposed:false
536 silly fetch manifest ms@^2.1.1
537 silly packumentCache full:https://registry.npmjs.org/ms cache-hit
538 silly fetch manifest fn.name@1.x.x
539 silly packumentCache full:https://registry.npmjs.org/fn.name cache-miss
540 http fetch GET 200 https://registry.npmjs.org/fecha 120ms (cache miss)
541 silly packumentCache full:https://registry.npmjs.org/fecha set size:undefined disposed:false
542 silly fetch manifest string_decoder@^1.1.1
543 silly packumentCache full:https://registry.npmjs.org/string_decoder cache-miss
544 http fetch GET 200 https://registry.npmjs.org/@types%2ftriple-beam 132ms (cache miss)
545 silly packumentCache full:https://registry.npmjs.org/@types%2ftriple-beam set size:undefined disposed:false
546 silly fetch manifest util-deprecate@^1.0.1
547 silly packumentCache full:https://registry.npmjs.org/util-deprecate cache-miss
548 http fetch GET 200 https://registry.npmjs.org/fn.name 87ms (cache miss)
549 silly packumentCache full:https://registry.npmjs.org/fn.name set size:undefined disposed:false
550 http fetch GET 200 https://registry.npmjs.org/string_decoder 98ms (cache miss)
551 silly packumentCache full:https://registry.npmjs.org/string_decoder set size:undefined disposed:false
552 http fetch GET 200 https://registry.npmjs.org/util-deprecate 130ms (cache miss)
553 silly packumentCache full:https://registry.npmjs.org/util-deprecate set size:undefined disposed:false
554 silly placeDep ROOT colorspace@1.1.4 OK for: @dabh/diagnostics@2.0.3 want: 1.1.x
555 silly placeDep ROOT enabled@2.0.0 OK for: @dabh/diagnostics@2.0.3 want: 2.0.x
556 silly placeDep ROOT kuler@2.0.0 OK for: @dabh/diagnostics@2.0.3 want: ^2.0.0
557 silly fetch manifest color@^3.1.3
558 silly packumentCache full:https://registry.npmjs.org/color cache-miss
559 silly fetch manifest text-hex@1.0.x
560 silly packumentCache full:https://registry.npmjs.org/text-hex cache-miss
561 http fetch GET 200 https://registry.npmjs.org/text-hex 110ms (cache miss)
562 silly packumentCache full:https://registry.npmjs.org/text-hex set size:undefined disposed:false
563 http fetch GET 200 https://registry.npmjs.org/color 112ms (cache miss)
564 silly packumentCache full:https://registry.npmjs.org/color set size:undefined disposed:false
565 silly placeDep ROOT color@3.2.1 OK for: colorspace@1.1.4 want: ^3.1.3
566 silly placeDep ROOT text-hex@1.0.0 OK for: colorspace@1.1.4 want: 1.0.x
567 silly fetch manifest color-string@^1.6.0
568 silly packumentCache full:https://registry.npmjs.org/color-string cache-miss
569 silly fetch manifest color-convert@^1.9.3
570 silly packumentCache full:https://registry.npmjs.org/color-convert cache-miss
571 http fetch GET 200 https://registry.npmjs.org/color-convert 102ms (cache miss)
572 silly packumentCache full:https://registry.npmjs.org/color-convert set size:undefined disposed:false
573 http fetch GET 200 https://registry.npmjs.org/color-string 125ms (cache miss)
574 silly packumentCache full:https://registry.npmjs.org/color-string set size:undefined disposed:false
575 silly placeDep ROOT color-convert@1.9.3 OK for: color@3.2.1 want: ^1.9.3
576 silly placeDep ROOT color-string@1.9.1 OK for: color@3.2.1 want: ^1.6.0
577 silly fetch manifest color-name@1.1.3
578 silly packumentCache full:https://registry.npmjs.org/color-name cache-miss
579 silly fetch manifest color-name@1.1.4
580 silly packumentCache full:https://registry.npmjs.org/color-name cache-miss
581 silly fetch manifest simple-swizzle@^0.2.2
582 silly packumentCache full:https://registry.npmjs.org/simple-swizzle cache-miss
583 http fetch GET 200 https://registry.npmjs.org/color-name 119ms (cache miss)
584 silly packumentCache full:https://registry.npmjs.org/color-name set size:undefined disposed:false
585 http fetch GET 200 https://registry.npmjs.org/color-name 121ms (cache miss)
586 silly packumentCache full:https://registry.npmjs.org/color-name set size:undefined disposed:false
587 http fetch GET 200 https://registry.npmjs.org/simple-swizzle 167ms (cache miss)
588 silly packumentCache full:https://registry.npmjs.org/simple-swizzle set size:undefined disposed:false
589 silly placeDep ROOT color-name@1.1.3 OK for: color-convert@1.9.3 want: 1.1.3
590 silly placeDep ROOT simple-swizzle@0.2.4 OK for: color-string@1.9.1 want: ^0.2.2
591 silly fetch manifest is-arrayish@^0.3.1
592 silly packumentCache full:https://registry.npmjs.org/is-arrayish cache-miss
593 http fetch GET 200 https://registry.npmjs.org/is-arrayish 145ms (cache miss)
594 silly packumentCache full:https://registry.npmjs.org/is-arrayish set size:undefined disposed:false
595 silly placeDep ROOT @types/triple-beam@1.3.5 OK for: logform@2.7.0 want: ^1.3.2
596 silly placeDep ROOT fecha@4.2.3 OK for: logform@2.7.0 want: ^4.2.0
597 silly placeDep node_modules/logform ms@2.1.3 OK for: logform@2.7.0 want: ^2.1.1
598 silly placeDep ROOT fn.name@1.1.0 OK for: one-time@1.0.0 want: 1.x.x
599 silly placeDep ROOT string_decoder@1.3.0 OK for: readable-stream@3.6.2 want: ^1.1.1
600 silly placeDep ROOT util-deprecate@1.0.2 OK for: readable-stream@3.6.2 want: ^1.0.1
601 silly placeDep ROOT is-arrayish@0.3.4 OK for: simple-swizzle@0.2.4 want: ^0.3.1
602 silly reify moves {}
603 silly audit bulk request {
603 silly audit   axios: [ '1.12.2' ],
603 silly audit   chalk: [ '5.6.2' ],
603 silly audit   commander: [ '11.1.0' ],
603 silly audit   cors: [ '2.8.5' ],
603 silly audit   dotenv: [ '16.6.1' ],
603 silly audit   express: [ '4.21.2' ],
603 silly audit   uuid: [ '9.0.1' ],
603 silly audit   winston: [ '3.17.0' ],
603 silly audit   'follow-redirects': [ '1.15.11' ],
603 silly audit   'form-data': [ '4.0.4' ],
603 silly audit   'proxy-from-env': [ '1.1.0' ],
603 silly audit   'object-assign': [ '4.1.1' ],
603 silly audit   vary: [ '1.1.2' ],
603 silly audit   accepts: [ '1.3.8' ],
603 silly audit   'array-flatten': [ '1.1.1' ],
603 silly audit   'body-parser': [ '1.20.3' ],
603 silly audit   'content-disposition': [ '0.5.4' ],
603 silly audit   'content-type': [ '1.0.5' ],
603 silly audit   cookie: [ '0.7.1' ],
603 silly audit   'cookie-signature': [ '1.0.6' ],
603 silly audit   debug: [ '2.6.9' ],
603 silly audit   depd: [ '2.0.0' ],
603 silly audit   encodeurl: [ '2.0.0', '1.0.2' ],
603 silly audit   'escape-html': [ '1.0.3' ],
603 silly audit   etag: [ '1.8.1' ],
603 silly audit   finalhandler: [ '1.3.1' ],
603 silly audit   fresh: [ '0.5.2' ],
603 silly audit   'http-errors': [ '2.0.0' ],
603 silly audit   'merge-descriptors': [ '1.0.3' ],
603 silly audit   methods: [ '1.1.2' ],
603 silly audit   'on-finished': [ '2.4.1' ],
603 silly audit   parseurl: [ '1.3.3' ],
603 silly audit   'path-to-regexp': [ '0.1.12' ],
603 silly audit   'proxy-addr': [ '2.0.7' ],
603 silly audit   qs: [ '6.13.0' ],
603 silly audit   'range-parser': [ '1.2.1' ],
603 silly audit   'safe-buffer': [ '5.2.1' ],
603 silly audit   send: [ '0.19.0' ],
603 silly audit   'serve-static': [ '1.16.2' ],
603 silly audit   setprototypeof: [ '1.2.0' ],
603 silly audit   statuses: [ '2.0.1' ],
603 silly audit   'type-is': [ '1.6.18' ],
603 silly audit   'utils-merge': [ '1.0.1' ],
603 silly audit   'mime-types': [ '2.1.35' ],
603 silly audit   negotiator: [ '0.6.3' ],
603 silly audit   bytes: [ '3.1.2' ],
603 silly audit   destroy: [ '1.2.0' ],
603 silly audit   'iconv-lite': [ '0.4.24' ],
603 silly audit   'raw-body': [ '2.5.2' ],
603 silly audit   unpipe: [ '1.0.0' ],
603 silly audit   ms: [ '2.0.0', '2.1.3' ],
603 silly audit   asynckit: [ '0.4.0' ],
603 silly audit   'combined-stream': [ '1.0.8' ],
603 silly audit   'es-set-tostringtag': [ '2.1.0' ],
603 silly audit   hasown: [ '2.0.2' ],
603 silly audit   'delayed-stream': [ '1.0.0' ],
603 silly audit   'es-errors': [ '1.3.0' ],
603 silly audit   'get-intrinsic': [ '1.3.0' ],
603 silly audit   'has-tostringtag': [ '1.0.2' ],
603 silly audit   'call-bind-apply-helpers': [ '1.0.2' ],
603 silly audit   'es-define-property': [ '1.0.1' ],
603 silly audit   'es-object-atoms': [ '1.1.1' ],
603 silly audit   'function-bind': [ '1.1.2' ],
603 silly audit   'get-proto': [ '1.0.1' ],
603 silly audit   gopd: [ '1.2.0' ],
603 silly audit   'has-symbols': [ '1.1.0' ],
603 silly audit   'math-intrinsics': [ '1.1.0' ],
603 silly audit   'dunder-proto': [ '1.0.1' ],
603 silly audit   inherits: [ '2.0.4' ],
603 silly audit   toidentifier: [ '1.0.1' ],
603 silly audit   'safer-buffer': [ '2.1.2' ],
603 silly audit   'mime-db': [ '1.52.0' ],
603 silly audit   'ee-first': [ '1.1.1' ],
603 silly audit   forwarded: [ '0.2.0' ],
603 silly audit   'ipaddr.js': [ '1.9.1' ],
603 silly audit   'side-channel': [ '1.1.0' ],
603 silly audit   mime: [ '1.6.0' ],
603 silly audit   'object-inspect': [ '1.13.4' ],
603 silly audit   'side-channel-list': [ '1.0.0' ],
603 silly audit   'side-channel-map': [ '1.0.1' ],
603 silly audit   'side-channel-weakmap': [ '1.0.2' ],
603 silly audit   'call-bound': [ '1.0.4' ],
603 silly audit   'media-typer': [ '0.3.0' ],
603 silly audit   '@colors/colors': [ '1.6.0' ],
603 silly audit   '@dabh/diagnostics': [ '2.0.3' ],
603 silly audit   async: [ '3.2.6' ],
603 silly audit   'is-stream': [ '2.0.1' ],
603 silly audit   logform: [ '2.7.0' ],
603 silly audit   'one-time': [ '1.0.0' ],
603 silly audit   'readable-stream': [ '3.6.2' ],
603 silly audit   'safe-stable-stringify': [ '2.5.0' ],
603 silly audit   'stack-trace': [ '0.0.10' ],
603 silly audit   'triple-beam': [ '1.4.1' ],
603 silly audit   'winston-transport': [ '4.9.0' ],
603 silly audit   colorspace: [ '1.1.4' ],
603 silly audit   enabled: [ '2.0.0' ],
603 silly audit   kuler: [ '2.0.0' ],
603 silly audit   color: [ '3.2.1' ],
603 silly audit   'text-hex': [ '1.0.0' ],
603 silly audit   'color-convert': [ '1.9.3' ],
603 silly audit   'color-string': [ '1.9.1' ],
603 silly audit   'color-name': [ '1.1.3' ],
603 silly audit   'simple-swizzle': [ '0.2.4' ],
603 silly audit   '@types/triple-beam': [ '1.3.5' ],
603 silly audit   fecha: [ '4.2.3' ],
603 silly audit   'fn.name': [ '1.1.0' ],
603 silly audit   string_decoder: [ '1.3.0' ],
603 silly audit   'util-deprecate': [ '1.0.2' ],
603 silly audit   'is-arrayish': [ '0.3.4' ]
603 silly audit }
604 http fetch POST 200 https://registry.npmjs.org/-/npm/v1/security/advisories/bulk 220ms
605 silly audit report {}
606 silly ADD node_modules/is-arrayish
607 silly ADD node_modules/util-deprecate
608 silly ADD node_modules/string_decoder
609 silly ADD node_modules/fn.name
610 silly ADD node_modules/fecha
611 silly ADD node_modules/@types/triple-beam
612 silly ADD node_modules/simple-swizzle
613 silly ADD node_modules/color-name
614 silly ADD node_modules/color-string
615 silly ADD node_modules/color-convert
616 silly ADD node_modules/text-hex
617 silly ADD node_modules/color
618 silly ADD node_modules/kuler
619 silly ADD node_modules/enabled
620 silly ADD node_modules/colorspace
621 silly ADD node_modules/winston-transport
622 silly ADD node_modules/triple-beam
623 silly ADD node_modules/stack-trace
624 silly ADD node_modules/safe-stable-stringify
625 silly ADD node_modules/readable-stream
626 silly ADD node_modules/one-time
627 silly ADD node_modules/logform
628 silly ADD node_modules/logform/node_modules/ms
629 silly ADD node_modules/is-stream
630 silly ADD node_modules/async
631 silly ADD node_modules/@dabh/diagnostics
632 silly ADD node_modules/@colors/colors
633 silly ADD node_modules/media-typer
634 silly ADD node_modules/call-bound
635 silly ADD node_modules/side-channel-weakmap
636 silly ADD node_modules/side-channel-map
637 silly ADD node_modules/side-channel-list
638 silly ADD node_modules/object-inspect
639 silly ADD node_modules/mime
640 silly ADD node_modules/side-channel
641 silly ADD node_modules/ipaddr.js
642 silly ADD node_modules/forwarded
643 silly ADD node_modules/ee-first
644 silly ADD node_modules/mime-db
645 silly ADD node_modules/safer-buffer
646 silly ADD node_modules/toidentifier
647 silly ADD node_modules/inherits
648 silly ADD node_modules/dunder-proto
649 silly ADD node_modules/math-intrinsics
650 silly ADD node_modules/has-symbols
651 silly ADD node_modules/gopd
652 silly ADD node_modules/get-proto
653 silly ADD node_modules/function-bind
654 silly ADD node_modules/es-object-atoms
655 silly ADD node_modules/es-define-property
656 silly ADD node_modules/call-bind-apply-helpers
657 silly ADD node_modules/has-tostringtag
658 silly ADD node_modules/get-intrinsic
659 silly ADD node_modules/es-errors
660 silly ADD node_modules/delayed-stream
661 silly ADD node_modules/hasown
662 silly ADD node_modules/es-set-tostringtag
663 silly ADD node_modules/combined-stream
664 silly ADD node_modules/asynckit
665 silly ADD node_modules/ms
666 silly ADD node_modules/unpipe
667 silly ADD node_modules/raw-body
668 silly ADD node_modules/iconv-lite
669 silly ADD node_modules/destroy
670 silly ADD node_modules/bytes
671 silly ADD node_modules/negotiator
672 silly ADD node_modules/mime-types
673 silly ADD node_modules/utils-merge
674 silly ADD node_modules/type-is
675 silly ADD node_modules/statuses
676 silly ADD node_modules/setprototypeof
677 silly ADD node_modules/serve-static
678 silly ADD node_modules/send
679 silly ADD node_modules/send/node_modules/ms
680 silly ADD node_modules/send/node_modules/encodeurl
681 silly ADD node_modules/safe-buffer
682 silly ADD node_modules/range-parser
683 silly ADD node_modules/qs
684 silly ADD node_modules/proxy-addr
685 silly ADD node_modules/path-to-regexp
686 silly ADD node_modules/parseurl
687 silly ADD node_modules/on-finished
688 silly ADD node_modules/methods
689 silly ADD node_modules/merge-descriptors
690 silly ADD node_modules/http-errors
691 silly ADD node_modules/fresh
692 silly ADD node_modules/finalhandler
693 silly ADD node_modules/etag
694 silly ADD node_modules/escape-html
695 silly ADD node_modules/encodeurl
696 silly ADD node_modules/depd
697 silly ADD node_modules/debug
698 silly ADD node_modules/cookie-signature
699 silly ADD node_modules/cookie
700 silly ADD node_modules/content-type
701 silly ADD node_modules/content-disposition
702 silly ADD node_modules/body-parser
703 silly ADD node_modules/array-flatten
704 silly ADD node_modules/accepts
705 silly ADD node_modules/vary
706 silly ADD node_modules/object-assign
707 silly ADD node_modules/proxy-from-env
708 silly ADD node_modules/form-data
709 silly ADD node_modules/follow-redirects
710 silly ADD node_modules/winston
711 silly ADD node_modules/uuid
712 silly ADD node_modules/express
713 silly ADD node_modules/dotenv
714 silly ADD node_modules/cors
715 silly ADD node_modules/commander
716 silly ADD node_modules/chalk
717 silly ADD node_modules/axios
718 verbose cwd /home/runner/work/LightDom/LightDom
719 verbose os Linux 6.11.0-1018-azure
720 verbose node v20.19.5
721 verbose npm  v10.8.2
722 verbose exit 0
723 info ok
