0 verbose cli /usr/local/bin/node /usr/local/bin/npm
1 info using npm@10.8.2
2 info using node@v20.19.5
3 silly config load:file:/usr/local/lib/node_modules/npm/npmrc
4 silly config load:file:/home/runner/work/LightDom/LightDom/.npmrc
5 silly config load:file:/home/runner/.npmrc
6 silly config load:file:/usr/local/etc/npmrc
7 verbose title npm install
8 verbose argv "install"
9 verbose logfile logs-max:10 dir:/home/runner/work/LightDom/LightDom/.npm-cache/_logs/2025-09-17T16_25_51_889Z-
10 verbose logfile /home/runner/work/LightDom/LightDom/.npm-cache/_logs/2025-09-17T16_25_51_889Z-debug-0.log
11 silly packumentCache heap:4345298944 maxSize:1086324736 maxEntrySize:543162368
12 silly logfile done cleaning log files
13 silly idealTree buildDeps
14 silly fetch manifest @nomicfoundation/hardhat-chai-matchers@^2.1.0
15 silly packumentCache full:https://registry.npmjs.org/@nomicfoundation%2fhardhat-chai-matchers cache-miss
16 http fetch GET 200 https://registry.npmjs.org/@nomicfoundation%2fhardhat-chai-matchers 394ms (cache miss)
17 silly packumentCache full:https://registry.npmjs.org/@nomicfoundation%2fhardhat-chai-matchers set size:undefined disposed:false
18 silly fetch manifest @nomicfoundation/hardhat-ethers@^3.1.0
19 silly packumentCache full:https://registry.npmjs.org/@nomicfoundation%2fhardhat-ethers cache-miss
20 http fetch GET 200 https://registry.npmjs.org/@nomicfoundation%2fhardhat-ethers 116ms (cache miss)
21 silly packumentCache full:https://registry.npmjs.org/@nomicfoundation%2fhardhat-ethers set size:undefined disposed:false
22 silly fetch manifest ethers@^6.14.0
23 silly packumentCache full:https://registry.npmjs.org/ethers cache-miss
24 http fetch GET 200 https://registry.npmjs.org/ethers 154ms (cache miss)
25 silly packumentCache full:https://registry.npmjs.org/ethers set size:undefined disposed:false
26 silly fetch manifest hardhat@^2.26.0
27 silly packumentCache full:https://registry.npmjs.org/hardhat cache-miss
28 http fetch GET 200 https://registry.npmjs.org/hardhat 108ms (cache miss)
29 silly packumentCache full:https://registry.npmjs.org/hardhat set size:undefined disposed:false
30 silly fetch manifest ts-node@>=8.0.0
31 silly packumentCache full:https://registry.npmjs.org/ts-node cache-miss
32 http fetch GET 200 https://registry.npmjs.org/ts-node 139ms (cache miss)
33 silly packumentCache full:https://registry.npmjs.org/ts-node set size:undefined disposed:false
34 silly fetch manifest @swc/core@>=1.2.50
35 silly packumentCache full:https://registry.npmjs.org/@swc%2fcore cache-miss
36 http fetch GET 200 https://registry.npmjs.org/@swc%2fcore 214ms (cache miss)
37 silly packumentCache full:https://registry.npmjs.org/@swc%2fcore set size:undefined disposed:false
38 silly fetch manifest @swc/helpers@>=0.5.17
39 silly packumentCache full:https://registry.npmjs.org/@swc%2fhelpers cache-miss
40 http fetch GET 200 https://registry.npmjs.org/@swc%2fhelpers 140ms (cache miss)
41 silly packumentCache full:https://registry.npmjs.org/@swc%2fhelpers set size:undefined disposed:false
42 silly fetch manifest @swc/wasm@>=1.2.50
43 silly packumentCache full:https://registry.npmjs.org/@swc%2fwasm cache-miss
44 http fetch GET 200 https://registry.npmjs.org/@swc%2fwasm 137ms (cache miss)
45 silly packumentCache full:https://registry.npmjs.org/@swc%2fwasm set size:undefined disposed:false
46 silly fetch manifest @types/node@>=20.0.0
47 silly packumentCache full:https://registry.npmjs.org/@types%2fnode cache-miss
48 http fetch GET 200 https://registry.npmjs.org/@types%2fnode 286ms (cache miss)
49 silly packumentCache full:https://registry.npmjs.org/@types%2fnode set size:undefined disposed:false
50 silly fetch manifest typescript@>=4.5.0
51 silly packumentCache full:https://registry.npmjs.org/typescript cache-miss
52 http fetch GET 200 https://registry.npmjs.org/typescript 416ms (cache miss)
53 silly packumentCache full:https://registry.npmjs.org/typescript set size:undefined disposed:false
54 silly fetch manifest chai@^4.2.0
55 silly packumentCache full:https://registry.npmjs.org/chai cache-miss
56 http fetch GET 200 https://registry.npmjs.org/chai 107ms (cache miss)
57 silly packumentCache full:https://registry.npmjs.org/chai set size:undefined disposed:false
58 silly fetch manifest @nomicfoundation/hardhat-ignition-ethers@^0.15.14
59 silly packumentCache full:https://registry.npmjs.org/@nomicfoundation%2fhardhat-ignition-ethers cache-miss
60 http fetch GET 200 https://registry.npmjs.org/@nomicfoundation%2fhardhat-ignition-ethers 320ms (cache miss)
61 silly packumentCache full:https://registry.npmjs.org/@nomicfoundation%2fhardhat-ignition-ethers set size:undefined disposed:false
62 silly fetch manifest @nomicfoundation/hardhat-ignition@^0.15.13
63 silly packumentCache full:https://registry.npmjs.org/@nomicfoundation%2fhardhat-ignition cache-miss
64 http fetch GET 200 https://registry.npmjs.org/@nomicfoundation%2fhardhat-ignition 397ms (cache miss)
65 silly packumentCache full:https://registry.npmjs.org/@nomicfoundation%2fhardhat-ignition set size:undefined disposed:false
66 silly fetch manifest @nomicfoundation/hardhat-verify@^2.1.0
67 silly packumentCache full:https://registry.npmjs.org/@nomicfoundation%2fhardhat-verify cache-miss
68 http fetch GET 200 https://registry.npmjs.org/@nomicfoundation%2fhardhat-verify 114ms (cache miss)
69 silly packumentCache full:https://registry.npmjs.org/@nomicfoundation%2fhardhat-verify set size:undefined disposed:false
70 silly fetch manifest @nomicfoundation/ignition-core@^0.15.13
71 silly packumentCache full:https://registry.npmjs.org/@nomicfoundation%2fignition-core cache-miss
72 http fetch GET 200 https://registry.npmjs.org/@nomicfoundation%2fignition-core 136ms (cache miss)
73 silly packumentCache full:https://registry.npmjs.org/@nomicfoundation%2fignition-core set size:undefined disposed:false
74 silly fetch manifest @nomicfoundation/hardhat-network-helpers@^1.1.0
75 silly packumentCache full:https://registry.npmjs.org/@nomicfoundation%2fhardhat-network-helpers cache-miss
76 http fetch GET 200 https://registry.npmjs.org/@nomicfoundation%2fhardhat-network-helpers 124ms (cache miss)
77 silly packumentCache full:https://registry.npmjs.org/@nomicfoundation%2fhardhat-network-helpers set size:undefined disposed:false
78 silly fetch manifest @typechain/ethers-v6@^0.5.0
79 silly packumentCache full:https://registry.npmjs.org/@typechain%2fethers-v6 cache-miss
80 http fetch GET 200 https://registry.npmjs.org/@typechain%2fethers-v6 110ms (cache miss)
81 silly packumentCache full:https://registry.npmjs.org/@typechain%2fethers-v6 set size:undefined disposed:false
82 silly fetch manifest typechain@^8.3.0
83 silly packumentCache full:https://registry.npmjs.org/typechain cache-miss
84 http fetch GET 200 https://registry.npmjs.org/typechain 99ms (cache miss)
85 silly packumentCache full:https://registry.npmjs.org/typechain set size:undefined disposed:false
86 silly fetch manifest @typechain/hardhat@^9.0.0
87 silly packumentCache full:https://registry.npmjs.org/@typechain%2fhardhat cache-miss
88 http fetch GET 200 https://registry.npmjs.org/@typechain%2fhardhat 118ms (cache miss)
89 silly packumentCache full:https://registry.npmjs.org/@typechain%2fhardhat set size:undefined disposed:false
90 silly fetch manifest @types/chai@^4.2.0
91 silly packumentCache full:https://registry.npmjs.org/@types%2fchai cache-miss
92 http fetch GET 200 https://registry.npmjs.org/@types%2fchai 112ms (cache miss)
93 silly packumentCache full:https://registry.npmjs.org/@types%2fchai set size:undefined disposed:false
94 silly fetch manifest @types/mocha@>=9.1.0
95 silly packumentCache full:https://registry.npmjs.org/@types%2fmocha cache-miss
96 http fetch GET 200 https://registry.npmjs.org/@types%2fmocha 111ms (cache miss)
97 silly packumentCache full:https://registry.npmjs.org/@types%2fmocha set size:undefined disposed:false
98 silly fetch manifest hardhat-gas-reporter@^2.3.0
99 silly packumentCache full:https://registry.npmjs.org/hardhat-gas-reporter cache-miss
100 http fetch GET 200 https://registry.npmjs.org/hardhat-gas-reporter 108ms (cache miss)
101 silly packumentCache full:https://registry.npmjs.org/hardhat-gas-reporter set size:undefined disposed:false
102 silly fetch manifest solidity-coverage@^0.8.1
103 silly packumentCache full:https://registry.npmjs.org/solidity-coverage cache-miss
104 http fetch GET 200 https://registry.npmjs.org/solidity-coverage 96ms (cache miss)
105 silly packumentCache full:https://registry.npmjs.org/solidity-coverage set size:undefined disposed:false
106 verbose stack Error: could not resolve
106 verbose stack     at PlaceDep.failPeerConflict (/usr/local/lib/node_modules/npm/node_modules/@npmcli/arborist/lib/place-dep.js:503:25)
106 verbose stack     at new PlaceDep (/usr/local/lib/node_modules/npm/node_modules/@npmcli/arborist/lib/place-dep.js:157:21)
106 verbose stack     at #buildDepStep (/usr/local/lib/node_modules/npm/node_modules/@npmcli/arborist/lib/arborist/build-ideal-tree.js:917:18)
106 verbose stack     at async Arborist.buildIdealTree (/usr/local/lib/node_modules/npm/node_modules/@npmcli/arborist/lib/arborist/build-ideal-tree.js:181:7)
106 verbose stack     at async Promise.all (index 1)
106 verbose stack     at async Arborist.reify (/usr/local/lib/node_modules/npm/node_modules/@npmcli/arborist/lib/arborist/reify.js:131:5)
106 verbose stack     at async Install.exec (/usr/local/lib/node_modules/npm/lib/commands/install.js:150:5)
106 verbose stack     at async Npm.exec (/usr/local/lib/node_modules/npm/lib/npm.js:207:9)
106 verbose stack     at async module.exports (/usr/local/lib/node_modules/npm/lib/cli/entry.js:74:5)
107 error code ERESOLVE
108 error ERESOLVE could not resolve
109 error
110 error While resolving: @nomicfoundation/hardhat-toolbox@6.1.0
110 error Found: chai@6.0.1[2m[22m
110 error [2mnode_modules/chai[22m
110 error   [34mdev[39m chai@"^6.0.1" from the root project
110 error
110 error Could not resolve dependency:
110 error [95mpeer[39m @nomicfoundation/hardhat-chai-matchers@"^2.1.0" from @nomicfoundation/hardhat-toolbox@6.1.0[2m[22m
110 error [2mnode_modules/@nomicfoundation/hardhat-toolbox[22m
110 error   [34mdev[39m @nomicfoundation/hardhat-toolbox@"^6.1.0" from the root project
110 error
110 error Conflicting peer dependency: chai@4.5.0[2m[22m
110 error [2mnode_modules/chai[22m
110 error   [95mpeer[39m chai@"^4.2.0" from @nomicfoundation/hardhat-chai-matchers@2.1.0[2m[22m
110 error   [2mnode_modules/@nomicfoundation/hardhat-chai-matchers[22m
110 error     [95mpeer[39m @nomicfoundation/hardhat-chai-matchers@"^2.1.0" from @nomicfoundation/hardhat-toolbox@6.1.0[2m[22m
110 error     [2mnode_modules/@nomicfoundation/hardhat-toolbox[22m
110 error       [34mdev[39m @nomicfoundation/hardhat-toolbox@"^6.1.0" from the root project
110 error
110 error Fix the upstream dependency conflict, or retry
110 error this command with --force or --legacy-peer-deps
110 error to accept an incorrect (and potentially broken) dependency resolution.
111 error
111 error
111 error For a full report see:
111 error /home/runner/work/LightDom/LightDom/.npm-cache/_logs/2025-09-17T16_25_51_889Z-eresolve-report.txt
112 silly unfinished npm timer reify 1758126352103
113 silly unfinished npm timer reify:loadTrees 1758126352110
114 silly unfinished npm timer idealTree:buildDeps 1758126353163
115 silly unfinished npm timer idealTree:node_modules/@nomicfoundation/hardhat-toolbox 1758126353165
116 verbose cwd /home/runner/work/LightDom/LightDom
117 verbose os Linux 6.11.0-1018-azure
118 verbose node v20.19.5
119 verbose npm  v10.8.2
120 verbose exit 1
121 verbose code 1
122 error A complete log of this run can be found in: /home/runner/work/LightDom/LightDom/.npm-cache/_logs/2025-09-17T16_25_51_889Z-debug-0.log
