0 verbose cli /usr/local/bin/node /usr/local/bin/npm
1 info using npm@10.8.2
2 info using node@v20.19.5
3 silly config load:file:/usr/local/lib/node_modules/npm/npmrc
4 silly config load:file:/home/runner/work/LightDom/LightDom/.npmrc
5 silly config load:file:/home/runner/.npmrc
6 silly config load:file:/usr/local/etc/npmrc
7 verbose title npm install vite @vitejs/plugin-react typescript
8 verbose argv "install" "vite" "@vitejs/plugin-react" "typescript"
9 verbose logfile logs-max:10 dir:/home/runner/work/LightDom/LightDom/.npm-cache/_logs/2025-09-17T16_40_31_998Z-
10 verbose logfile /home/runner/work/LightDom/LightDom/.npm-cache/_logs/2025-09-17T16_40_31_998Z-debug-0.log
11 silly packumentCache heap:4345298944 maxSize:1086324736 maxEntrySize:543162368
12 silly logfile done cleaning log files
13 silly idealTree buildDeps
14 silly fetch manifest vite@*
15 silly packumentCache full:https://registry.npmjs.org/vite cache-miss
16 http fetch GET 200 https://registry.npmjs.org/vite 1136ms (cache miss)
17 silly packumentCache full:https://registry.npmjs.org/vite set size:undefined disposed:false
18 silly fetch manifest @types/node@^20.19.0 || >=22.12.0
19 silly packumentCache full:https://registry.npmjs.org/@types%2fnode cache-miss
20 http fetch GET 200 https://registry.npmjs.org/@types%2fnode 113ms (cache revalidated)
21 silly packumentCache full:https://registry.npmjs.org/@types%2fnode set size:10562090 disposed:false
22 silly fetch manifest jiti@>=1.21.0
23 silly packumentCache full:https://registry.npmjs.org/jiti cache-miss
24 http fetch GET 200 https://registry.npmjs.org/jiti 91ms (cache miss)
25 silly packumentCache full:https://registry.npmjs.org/jiti set size:undefined disposed:false
26 silly fetch manifest less@^4.0.0
27 silly packumentCache full:https://registry.npmjs.org/less cache-miss
28 http fetch GET 200 https://registry.npmjs.org/less 76ms (cache miss)
29 silly packumentCache full:https://registry.npmjs.org/less set size:undefined disposed:false
30 silly fetch manifest lightningcss@^1.21.0
31 silly packumentCache full:https://registry.npmjs.org/lightningcss cache-miss
32 http fetch GET 200 https://registry.npmjs.org/lightningcss 71ms (cache miss)
33 silly packumentCache full:https://registry.npmjs.org/lightningcss set size:undefined disposed:false
34 silly fetch manifest sass@^1.70.0
35 silly packumentCache full:https://registry.npmjs.org/sass cache-miss
36 http fetch GET 200 https://registry.npmjs.org/sass 86ms (cache miss)
37 silly packumentCache full:https://registry.npmjs.org/sass set size:undefined disposed:false
38 silly fetch manifest sass-embedded@^1.70.0
39 silly packumentCache full:https://registry.npmjs.org/sass-embedded cache-miss
40 http fetch GET 200 https://registry.npmjs.org/sass-embedded 71ms (cache miss)
41 silly packumentCache full:https://registry.npmjs.org/sass-embedded set size:undefined disposed:false
42 silly fetch manifest stylus@>=0.54.8
43 silly packumentCache full:https://registry.npmjs.org/stylus cache-miss
44 http fetch GET 200 https://registry.npmjs.org/stylus 71ms (cache miss)
45 silly packumentCache full:https://registry.npmjs.org/stylus set size:undefined disposed:false
46 silly fetch manifest sugarss@^5.0.0
47 silly packumentCache full:https://registry.npmjs.org/sugarss cache-miss
48 http fetch GET 200 https://registry.npmjs.org/sugarss 74ms (cache miss)
49 silly packumentCache full:https://registry.npmjs.org/sugarss set size:undefined disposed:false
50 silly fetch manifest postcss@^8.3.3
51 silly packumentCache full:https://registry.npmjs.org/postcss cache-miss
52 http fetch GET 200 https://registry.npmjs.org/postcss 81ms (cache miss)
53 silly packumentCache full:https://registry.npmjs.org/postcss set size:undefined disposed:false
54 silly fetch manifest terser@^5.16.0
55 silly packumentCache full:https://registry.npmjs.org/terser cache-miss
56 http fetch GET 200 https://registry.npmjs.org/terser 99ms (cache miss)
57 silly packumentCache full:https://registry.npmjs.org/terser set size:undefined disposed:false
58 silly fetch manifest tsx@^4.8.1
59 silly packumentCache full:https://registry.npmjs.org/tsx cache-miss
60 http fetch GET 200 https://registry.npmjs.org/tsx 73ms (cache miss)
61 silly packumentCache full:https://registry.npmjs.org/tsx set size:undefined disposed:false
62 silly fetch manifest yaml@^2.4.2
63 silly packumentCache full:https://registry.npmjs.org/yaml cache-miss
64 http fetch GET 200 https://registry.npmjs.org/yaml 79ms (cache miss)
65 silly packumentCache full:https://registry.npmjs.org/yaml set size:undefined disposed:false
66 silly fetch manifest @vitejs/plugin-react@*
67 silly packumentCache full:https://registry.npmjs.org/@vitejs%2fplugin-react cache-miss
68 http fetch GET 200 https://registry.npmjs.org/@vitejs%2fplugin-react 101ms (cache miss)
69 silly packumentCache full:https://registry.npmjs.org/@vitejs%2fplugin-react set size:undefined disposed:false
70 silly fetch manifest typescript@*
71 silly packumentCache full:https://registry.npmjs.org/typescript cache-miss
72 http fetch GET 200 https://registry.npmjs.org/typescript 95ms (cache revalidated)
73 silly packumentCache full:https://registry.npmjs.org/typescript set size:14674137 disposed:false
74 silly placeDep ROOT @vitejs/plugin-react@5.0.3 OK for: lightdom@1.0.0 want: *
75 silly placeDep ROOT vite@7.1.5 OK for: @vitejs/plugin-react@5.0.3 want: ^4.2.0 || ^5.0.0 || ^6.0.0 || ^7.0.0
76 silly placeDep ROOT typescript@5.9.2 OK for: lightdom@1.0.0 want: *
77 silly placeDep ROOT vite@7.1.5 REPLACE for: lightdom@1.0.0 want: *
78 silly fetch manifest @babel/core@^7.28.4
79 silly packumentCache full:https://registry.npmjs.org/@babel%2fcore cache-miss
80 silly fetch manifest @babel/plugin-transform-react-jsx-self@^7.27.1
81 silly packumentCache full:https://registry.npmjs.org/@babel%2fplugin-transform-react-jsx-self cache-miss
82 silly fetch manifest @babel/plugin-transform-react-jsx-source@^7.27.1
83 silly packumentCache full:https://registry.npmjs.org/@babel%2fplugin-transform-react-jsx-source cache-miss
84 http fetch GET 200 https://registry.npmjs.org/@babel%2fcore 129ms (cache miss)
85 silly packumentCache full:https://registry.npmjs.org/@babel%2fcore set size:undefined disposed:false
86 silly fetch manifest @rolldown/pluginutils@1.0.0-beta.35
87 silly packumentCache full:https://registry.npmjs.org/@rolldown%2fpluginutils cache-miss
88 http fetch GET 200 https://registry.npmjs.org/@babel%2fplugin-transform-react-jsx-self 167ms (cache miss)
89 silly packumentCache full:https://registry.npmjs.org/@babel%2fplugin-transform-react-jsx-self set size:undefined disposed:false
90 silly fetch manifest @types/babel__core@^7.20.5
91 silly packumentCache full:https://registry.npmjs.org/@types%2fbabel__core cache-miss
92 http fetch GET 200 https://registry.npmjs.org/@babel%2fplugin-transform-react-jsx-source 180ms (cache miss)
93 silly packumentCache full:https://registry.npmjs.org/@babel%2fplugin-transform-react-jsx-source set size:undefined disposed:false
94 silly fetch manifest react-refresh@^0.17.0
95 silly packumentCache full:https://registry.npmjs.org/react-refresh cache-miss
96 http fetch GET 200 https://registry.npmjs.org/@rolldown%2fpluginutils 108ms (cache miss)
97 silly packumentCache full:https://registry.npmjs.org/@rolldown%2fpluginutils set size:undefined disposed:false
98 silly fetch manifest fdir@^6.5.0
99 silly packumentCache full:https://registry.npmjs.org/fdir cache-miss
100 http fetch GET 200 https://registry.npmjs.org/@types%2fbabel__core 107ms (cache miss)
101 silly packumentCache full:https://registry.npmjs.org/@types%2fbabel__core set size:undefined disposed:false
102 silly fetch manifest rollup@^4.43.0
103 silly packumentCache full:https://registry.npmjs.org/rollup cache-miss
104 http fetch GET 200 https://registry.npmjs.org/fdir 104ms (cache miss)
105 silly packumentCache full:https://registry.npmjs.org/fdir set size:undefined disposed:false
106 silly fetch manifest esbuild@^0.25.0
107 silly packumentCache full:https://registry.npmjs.org/esbuild cache-miss
108 http fetch GET 200 https://registry.npmjs.org/rollup 201ms (cache miss)
109 silly packumentCache full:https://registry.npmjs.org/rollup set size:undefined disposed:false
110 silly fetch manifest postcss@^8.5.6
111 silly packumentCache full:https://registry.npmjs.org/postcss cache-miss
112 http fetch GET 200 https://registry.npmjs.org/postcss 8ms (cache hit)
113 silly packumentCache full:https://registry.npmjs.org/postcss set size:696248 disposed:false
114 silly fetch manifest picomatch@^4.0.3
115 silly packumentCache full:https://registry.npmjs.org/picomatch cache-miss
116 http fetch GET 200 https://registry.npmjs.org/esbuild 188ms (cache miss)
117 silly packumentCache full:https://registry.npmjs.org/esbuild set size:undefined disposed:false
118 silly fetch manifest tinyglobby@^0.2.15
119 silly packumentCache full:https://registry.npmjs.org/tinyglobby cache-miss
120 http fetch GET 200 https://registry.npmjs.org/picomatch 105ms (cache miss)
121 silly packumentCache full:https://registry.npmjs.org/picomatch set size:undefined disposed:false
122 silly fetch manifest fsevents@~2.3.3
123 silly packumentCache full:https://registry.npmjs.org/fsevents cache-miss
124 http fetch GET 200 https://registry.npmjs.org/react-refresh 461ms (cache miss)
125 silly packumentCache full:https://registry.npmjs.org/react-refresh set size:undefined disposed:false
126 silly fetch manifest tinyglobby@^0.2.15
127 silly packumentCache full:https://registry.npmjs.org/tinyglobby cache-miss
128 http fetch GET 200 https://registry.npmjs.org/tinyglobby 131ms (cache miss)
129 silly packumentCache full:https://registry.npmjs.org/tinyglobby set size:undefined disposed:false
130 silly fetch manifest fsevents@~2.3.3
131 silly packumentCache full:https://registry.npmjs.org/fsevents cache-miss
132 http fetch GET 200 https://registry.npmjs.org/tinyglobby 107ms (cache miss)
133 silly packumentCache full:https://registry.npmjs.org/tinyglobby set size:undefined disposed:false
134 http fetch GET 200 https://registry.npmjs.org/fsevents 136ms (cache miss)
135 silly packumentCache full:https://registry.npmjs.org/fsevents set size:undefined disposed:false
136 http fetch GET 200 https://registry.npmjs.org/fsevents 123ms (cache miss)
137 silly packumentCache full:https://registry.npmjs.org/fsevents set size:undefined disposed:false
138 silly placeDep ROOT @babel/core@7.28.4 OK for: @vitejs/plugin-react@5.0.3 want: ^7.28.4
139 silly placeDep ROOT @babel/plugin-transform-react-jsx-self@7.27.1 OK for: @vitejs/plugin-react@5.0.3 want: ^7.27.1
140 silly placeDep ROOT @babel/plugin-transform-react-jsx-source@7.27.1 OK for: @vitejs/plugin-react@5.0.3 want: ^7.27.1
141 silly placeDep ROOT @rolldown/pluginutils@1.0.0-beta.35 OK for: @vitejs/plugin-react@5.0.3 want: 1.0.0-beta.35
142 silly placeDep ROOT @types/babel__core@7.20.5 OK for: @vitejs/plugin-react@5.0.3 want: ^7.20.5
143 silly placeDep ROOT react-refresh@0.17.0 OK for: @vitejs/plugin-react@5.0.3 want: ^0.17.0
144 silly fetch manifest debug@^4.1.0
145 silly packumentCache full:https://registry.npmjs.org/debug cache-miss
146 silly fetch manifest json5@^2.2.3
147 silly packumentCache full:https://registry.npmjs.org/json5 cache-miss
148 silly fetch manifest semver@^6.3.1
149 silly packumentCache full:https://registry.npmjs.org/semver cache-miss
150 http fetch GET 200 https://registry.npmjs.org/debug 124ms (cache revalidated)
151 silly packumentCache full:https://registry.npmjs.org/debug set size:195840 disposed:false
152 silly fetch manifest gensync@^1.0.0-beta.2
153 silly packumentCache full:https://registry.npmjs.org/gensync cache-miss
154 http fetch GET 200 https://registry.npmjs.org/semver 133ms (cache miss)
155 silly packumentCache full:https://registry.npmjs.org/semver set size:undefined disposed:false
156 silly fetch manifest @babel/types@^7.28.4
157 silly packumentCache full:https://registry.npmjs.org/@babel%2ftypes cache-miss
158 http fetch GET 200 https://registry.npmjs.org/json5 170ms (cache miss)
159 silly packumentCache full:https://registry.npmjs.org/json5 set size:undefined disposed:false
160 silly fetch manifest @babel/parser@^7.28.4
161 silly packumentCache full:https://registry.npmjs.org/@babel%2fparser cache-miss
162 http fetch GET 200 https://registry.npmjs.org/gensync 106ms (cache miss)
163 silly packumentCache full:https://registry.npmjs.org/gensync set size:undefined disposed:false
164 silly fetch manifest @babel/helpers@^7.28.4
165 silly packumentCache full:https://registry.npmjs.org/@babel%2fhelpers cache-miss
166 http fetch GET 200 https://registry.npmjs.org/@babel%2ftypes 140ms (cache miss)
167 silly packumentCache full:https://registry.npmjs.org/@babel%2ftypes set size:undefined disposed:false
168 silly fetch manifest @babel/template@^7.27.2
169 silly packumentCache full:https://registry.npmjs.org/@babel%2ftemplate cache-miss
170 http fetch GET 200 https://registry.npmjs.org/@babel%2fhelpers 99ms (cache miss)
171 silly packumentCache full:https://registry.npmjs.org/@babel%2fhelpers set size:undefined disposed:false
172 silly fetch manifest @babel/traverse@^7.28.4
173 silly packumentCache full:https://registry.npmjs.org/@babel%2ftraverse cache-miss
174 http fetch GET 200 https://registry.npmjs.org/@babel%2fparser 166ms (cache miss)
175 silly packumentCache full:https://registry.npmjs.org/@babel%2fparser set size:undefined disposed:false
176 silly fetch manifest @babel/generator@^7.28.3
177 silly packumentCache full:https://registry.npmjs.org/@babel%2fgenerator cache-miss
178 http fetch GET 200 https://registry.npmjs.org/@babel%2ftemplate 94ms (cache miss)
179 silly packumentCache full:https://registry.npmjs.org/@babel%2ftemplate set size:undefined disposed:false
180 silly fetch manifest @babel/code-frame@^7.27.1
181 silly packumentCache full:https://registry.npmjs.org/@babel%2fcode-frame cache-miss
182 http fetch GET 200 https://registry.npmjs.org/@babel%2ftraverse 121ms (cache miss)
183 silly packumentCache full:https://registry.npmjs.org/@babel%2ftraverse set size:undefined disposed:false
184 silly fetch manifest convert-source-map@^2.0.0
185 silly packumentCache full:https://registry.npmjs.org/convert-source-map cache-miss
186 http fetch GET 200 https://registry.npmjs.org/@babel%2fgenerator 125ms (cache miss)
187 silly packumentCache full:https://registry.npmjs.org/@babel%2fgenerator set size:undefined disposed:false
188 silly fetch manifest @jridgewell/remapping@^2.3.5
189 silly packumentCache full:https://registry.npmjs.org/@jridgewell%2fremapping cache-miss
190 http fetch GET 200 https://registry.npmjs.org/@babel%2fcode-frame 134ms (cache miss)
191 silly packumentCache full:https://registry.npmjs.org/@babel%2fcode-frame set size:undefined disposed:false
192 silly fetch manifest @babel/helper-module-transforms@^7.28.3
193 silly packumentCache full:https://registry.npmjs.org/@babel%2fhelper-module-transforms cache-miss
194 http fetch GET 200 https://registry.npmjs.org/convert-source-map 108ms (cache miss)
195 silly packumentCache full:https://registry.npmjs.org/convert-source-map set size:undefined disposed:false
196 silly fetch manifest @babel/helper-compilation-targets@^7.27.2
197 silly packumentCache full:https://registry.npmjs.org/@babel%2fhelper-compilation-targets cache-miss
198 http fetch GET 200 https://registry.npmjs.org/@jridgewell%2fremapping 126ms (cache miss)
199 silly packumentCache full:https://registry.npmjs.org/@jridgewell%2fremapping set size:undefined disposed:false
200 silly fetch manifest @babel/helper-plugin-utils@^7.27.1
201 silly packumentCache full:https://registry.npmjs.org/@babel%2fhelper-plugin-utils cache-miss
202 http fetch GET 200 https://registry.npmjs.org/@babel%2fhelper-module-transforms 127ms (cache miss)
203 silly packumentCache full:https://registry.npmjs.org/@babel%2fhelper-module-transforms set size:undefined disposed:false
204 silly fetch manifest @babel/helper-plugin-utils@^7.27.1
205 silly packumentCache full:https://registry.npmjs.org/@babel%2fhelper-plugin-utils cache-miss
206 http fetch GET 200 https://registry.npmjs.org/@babel%2fhelper-compilation-targets 90ms (cache miss)
207 silly packumentCache full:https://registry.npmjs.org/@babel%2fhelper-compilation-targets set size:undefined disposed:false
208 silly fetch manifest @babel/types@^7.20.7
209 silly packumentCache full:https://registry.npmjs.org/@babel%2ftypes cache-miss
210 http fetch GET 200 https://registry.npmjs.org/@babel%2ftypes 3ms (cache hit)
211 silly packumentCache full:https://registry.npmjs.org/@babel%2ftypes set size:471681 disposed:false
212 silly fetch manifest @babel/parser@^7.20.7
213 silly packumentCache full:https://registry.npmjs.org/@babel%2fparser cache-miss
214 http fetch GET 200 https://registry.npmjs.org/@babel%2fparser 3ms (cache hit)
215 silly packumentCache full:https://registry.npmjs.org/@babel%2fparser set size:698218 disposed:false
216 silly fetch manifest @types/babel__template@*
217 silly packumentCache full:https://registry.npmjs.org/@types%2fbabel__template cache-miss
218 http fetch GET 200 https://registry.npmjs.org/@babel%2fhelper-plugin-utils 100ms (cache miss)
219 silly packumentCache full:https://registry.npmjs.org/@babel%2fhelper-plugin-utils set size:undefined disposed:false
220 silly fetch manifest @types/babel__traverse@*
221 silly packumentCache full:https://registry.npmjs.org/@types%2fbabel__traverse cache-miss
222 http fetch GET 200 https://registry.npmjs.org/@babel%2fhelper-plugin-utils 146ms (cache miss)
223 silly packumentCache full:https://registry.npmjs.org/@babel%2fhelper-plugin-utils set size:undefined disposed:false
224 silly fetch manifest @types/babel__generator@*
225 silly packumentCache full:https://registry.npmjs.org/@types%2fbabel__generator cache-miss
226 http fetch GET 200 https://registry.npmjs.org/@types%2fbabel__template 116ms (cache miss)
227 silly packumentCache full:https://registry.npmjs.org/@types%2fbabel__template set size:undefined disposed:false
228 http fetch GET 200 https://registry.npmjs.org/@types%2fbabel__generator 113ms (cache miss)
229 silly packumentCache full:https://registry.npmjs.org/@types%2fbabel__generator set size:undefined disposed:false
230 http fetch GET 200 https://registry.npmjs.org/@types%2fbabel__traverse 152ms (cache miss)
231 silly packumentCache full:https://registry.npmjs.org/@types%2fbabel__traverse set size:undefined disposed:false
232 silly fetch manifest @babel/core@^7.0.0
233 silly packumentCache full:https://registry.npmjs.org/@babel%2fcore cache-miss
234 http fetch GET 200 https://registry.npmjs.org/@babel%2fcore 3ms (cache hit)
235 silly packumentCache full:https://registry.npmjs.org/@babel%2fcore set size:731531 disposed:false
236 silly placeDep ROOT @babel/code-frame@7.27.1 OK for: @babel/core@7.28.4 want: ^7.27.1
237 silly placeDep ROOT @babel/generator@7.28.3 OK for: @babel/core@7.28.4 want: ^7.28.3
238 silly placeDep ROOT @babel/helper-compilation-targets@7.27.2 OK for: @babel/core@7.28.4 want: ^7.27.2
239 silly placeDep ROOT @babel/helper-module-transforms@7.28.3 OK for: @babel/core@7.28.4 want: ^7.28.3
240 silly placeDep ROOT @babel/helpers@7.28.4 OK for: @babel/core@7.28.4 want: ^7.28.4
241 silly placeDep ROOT @babel/parser@7.28.4 OK for: @babel/core@7.28.4 want: ^7.28.4
242 silly placeDep ROOT @babel/template@7.27.2 OK for: @babel/core@7.28.4 want: ^7.27.2
243 silly placeDep ROOT @babel/traverse@7.28.4 OK for: @babel/core@7.28.4 want: ^7.28.4
244 silly placeDep ROOT @babel/types@7.28.4 OK for: @babel/core@7.28.4 want: ^7.28.4
245 silly placeDep ROOT @jridgewell/remapping@2.3.5 OK for: @babel/core@7.28.4 want: ^2.3.5
246 silly placeDep ROOT convert-source-map@2.0.0 OK for: @babel/core@7.28.4 want: ^2.0.0
247 silly placeDep node_modules/@babel/core debug@4.4.3 OK for: @babel/core@7.28.4 want: ^4.1.0
248 silly placeDep ROOT gensync@1.0.0-beta.2 OK for: @babel/core@7.28.4 want: ^1.0.0-beta.2
249 silly placeDep ROOT json5@2.2.3 OK for: @babel/core@7.28.4 want: ^2.2.3
250 silly placeDep ROOT semver@6.3.1 OK for: @babel/core@7.28.4 want: ^6.3.1
251 silly fetch manifest js-tokens@^4.0.0
252 silly packumentCache full:https://registry.npmjs.org/js-tokens cache-miss
253 silly fetch manifest picocolors@^1.1.1
254 silly packumentCache full:https://registry.npmjs.org/picocolors cache-miss
255 silly fetch manifest @babel/helper-validator-identifier@^7.27.1
256 silly packumentCache full:https://registry.npmjs.org/@babel%2fhelper-validator-identifier cache-miss
257 http fetch GET 200 https://registry.npmjs.org/js-tokens 122ms (cache miss)
258 silly packumentCache full:https://registry.npmjs.org/js-tokens set size:undefined disposed:false
259 silly fetch manifest jsesc@^3.0.2
260 silly packumentCache full:https://registry.npmjs.org/jsesc cache-miss
261 http fetch GET 200 https://registry.npmjs.org/@babel%2fhelper-validator-identifier 131ms (cache miss)
262 silly packumentCache full:https://registry.npmjs.org/@babel%2fhelper-validator-identifier set size:undefined disposed:false
263 silly fetch manifest @babel/types@^7.28.2
264 silly packumentCache full:https://registry.npmjs.org/@babel%2ftypes cache-hit
265 silly fetch manifest @babel/parser@^7.28.3
266 silly packumentCache full:https://registry.npmjs.org/@babel%2fparser cache-hit
267 silly fetch manifest @jridgewell/gen-mapping@^0.3.12
268 silly packumentCache full:https://registry.npmjs.org/@jridgewell%2fgen-mapping cache-miss
269 http fetch GET 200 https://registry.npmjs.org/picocolors 165ms (cache miss)
270 silly packumentCache full:https://registry.npmjs.org/picocolors set size:undefined disposed:false
271 silly fetch manifest @jridgewell/trace-mapping@^0.3.28
272 silly packumentCache full:https://registry.npmjs.org/@jridgewell%2ftrace-mapping cache-miss
273 http fetch GET 200 https://registry.npmjs.org/jsesc 77ms (cache miss)
274 silly packumentCache full:https://registry.npmjs.org/jsesc set size:undefined disposed:false
275 silly fetch manifest lru-cache@^5.1.1
276 silly packumentCache full:https://registry.npmjs.org/lru-cache cache-miss
277 http fetch GET 200 https://registry.npmjs.org/@jridgewell%2fgen-mapping 113ms (cache miss)
278 silly packumentCache full:https://registry.npmjs.org/@jridgewell%2fgen-mapping set size:undefined disposed:false
279 silly fetch manifest browserslist@^4.24.0
280 silly packumentCache full:https://registry.npmjs.org/browserslist cache-miss
281 http fetch GET 200 https://registry.npmjs.org/lru-cache 90ms (cache miss)
282 silly packumentCache full:https://registry.npmjs.org/lru-cache set size:undefined disposed:false
283 silly fetch manifest @babel/compat-data@^7.27.2
284 silly packumentCache full:https://registry.npmjs.org/@babel%2fcompat-data cache-miss
285 http fetch GET 200 https://registry.npmjs.org/browserslist 94ms (cache miss)
286 silly packumentCache full:https://registry.npmjs.org/browserslist set size:undefined disposed:false
287 silly fetch manifest @babel/helper-validator-option@^7.27.1
288 silly packumentCache full:https://registry.npmjs.org/@babel%2fhelper-validator-option cache-miss
289 http fetch GET 200 https://registry.npmjs.org/@jridgewell%2ftrace-mapping 221ms (cache miss)
290 silly packumentCache full:https://registry.npmjs.org/@jridgewell%2ftrace-mapping set size:undefined disposed:false
291 silly fetch manifest @babel/traverse@^7.28.3
292 silly packumentCache full:https://registry.npmjs.org/@babel%2ftraverse cache-miss
293 http fetch GET 200 https://registry.npmjs.org/@babel%2ftraverse 6ms (cache hit)
294 silly packumentCache full:https://registry.npmjs.org/@babel%2ftraverse set size:531401 disposed:false
295 silly fetch manifest @babel/helper-module-imports@^7.27.1
296 silly packumentCache full:https://registry.npmjs.org/@babel%2fhelper-module-imports cache-miss
297 http fetch GET 200 https://registry.npmjs.org/@babel%2fcompat-data 102ms (cache miss)
298 silly packumentCache full:https://registry.npmjs.org/@babel%2fcompat-data set size:undefined disposed:false
299 silly fetch manifest @babel/types@^7.27.1
300 silly packumentCache full:https://registry.npmjs.org/@babel%2ftypes cache-hit
301 silly fetch manifest debug@^4.3.1
302 silly packumentCache full:https://registry.npmjs.org/debug cache-hit
303 silly fetch manifest @babel/helper-globals@^7.28.0
304 silly packumentCache full:https://registry.npmjs.org/@babel%2fhelper-globals cache-miss
305 http fetch GET 200 https://registry.npmjs.org/@babel%2fhelper-validator-option 126ms (cache miss)
306 silly packumentCache full:https://registry.npmjs.org/@babel%2fhelper-validator-option set size:undefined disposed:false
307 silly fetch manifest @babel/helper-string-parser@^7.27.1
308 silly packumentCache full:https://registry.npmjs.org/@babel%2fhelper-string-parser cache-miss
309 http fetch GET 200 https://registry.npmjs.org/@babel%2fhelper-globals 104ms (cache miss)
310 silly packumentCache full:https://registry.npmjs.org/@babel%2fhelper-globals set size:undefined disposed:false
311 silly fetch manifest @jridgewell/gen-mapping@^0.3.5
312 silly packumentCache full:https://registry.npmjs.org/@jridgewell%2fgen-mapping cache-miss
313 http fetch GET 200 https://registry.npmjs.org/@jridgewell%2fgen-mapping 3ms (cache hit)
314 silly packumentCache full:https://registry.npmjs.org/@jridgewell%2fgen-mapping set size:80719 disposed:false
315 silly fetch manifest @jridgewell/trace-mapping@^0.3.24
316 silly packumentCache full:https://registry.npmjs.org/@jridgewell%2ftrace-mapping cache-miss
317 http fetch GET 200 https://registry.npmjs.org/@jridgewell%2ftrace-mapping 2ms (cache hit)
318 silly packumentCache full:https://registry.npmjs.org/@jridgewell%2ftrace-mapping set size:170909 disposed:false
319 silly fetch manifest ms@^2.1.3
320 silly packumentCache full:https://registry.npmjs.org/ms cache-miss
321 http fetch GET 200 https://registry.npmjs.org/@babel%2fhelper-string-parser 78ms (cache miss)
322 silly packumentCache full:https://registry.npmjs.org/@babel%2fhelper-string-parser set size:undefined disposed:false
323 http fetch GET 200 https://registry.npmjs.org/@babel%2fhelper-module-imports 174ms (cache miss)
324 silly packumentCache full:https://registry.npmjs.org/@babel%2fhelper-module-imports set size:undefined disposed:false
325 http fetch GET 200 https://registry.npmjs.org/ms 81ms (cache revalidated)
326 silly packumentCache full:https://registry.npmjs.org/ms set size:92208 disposed:false
327 silly placeDep ROOT @babel/helper-validator-identifier@7.27.1 OK for: @babel/code-frame@7.27.1 want: ^7.27.1
328 silly placeDep ROOT js-tokens@4.0.0 OK for: @babel/code-frame@7.27.1 want: ^4.0.0
329 silly placeDep ROOT picocolors@1.1.1 OK for: @babel/code-frame@7.27.1 want: ^1.1.1
330 silly placeDep ROOT @jridgewell/gen-mapping@0.3.13 OK for: @babel/generator@7.28.3 want: ^0.3.12
331 silly placeDep ROOT @jridgewell/trace-mapping@0.3.31 OK for: @babel/generator@7.28.3 want: ^0.3.28
332 silly placeDep ROOT jsesc@3.1.0 OK for: @babel/generator@7.28.3 want: ^3.0.2
333 silly fetch manifest @jridgewell/sourcemap-codec@^1.5.0
334 silly packumentCache full:https://registry.npmjs.org/@jridgewell%2fsourcemap-codec cache-miss
335 silly fetch manifest @jridgewell/resolve-uri@^3.1.0
336 silly packumentCache full:https://registry.npmjs.org/@jridgewell%2fresolve-uri cache-miss
337 silly fetch manifest @jridgewell/sourcemap-codec@^1.4.14
338 silly packumentCache full:https://registry.npmjs.org/@jridgewell%2fsourcemap-codec cache-miss
339 http fetch GET 200 https://registry.npmjs.org/@jridgewell%2fsourcemap-codec 119ms (cache miss)
340 silly packumentCache full:https://registry.npmjs.org/@jridgewell%2fsourcemap-codec set size:undefined disposed:false
341 http fetch GET 200 https://registry.npmjs.org/@jridgewell%2fresolve-uri 143ms (cache miss)
342 silly packumentCache full:https://registry.npmjs.org/@jridgewell%2fresolve-uri set size:undefined disposed:false
343 http fetch GET 200 https://registry.npmjs.org/@jridgewell%2fsourcemap-codec 175ms (cache miss)
344 silly packumentCache full:https://registry.npmjs.org/@jridgewell%2fsourcemap-codec set size:undefined disposed:false
345 silly placeDep ROOT @babel/compat-data@7.28.4 OK for: @babel/helper-compilation-targets@7.27.2 want: ^7.27.2
346 silly placeDep ROOT @babel/helper-validator-option@7.27.1 OK for: @babel/helper-compilation-targets@7.27.2 want: ^7.27.1
347 silly placeDep ROOT browserslist@4.26.2 OK for: @babel/helper-compilation-targets@7.27.2 want: ^4.24.0
348 silly placeDep ROOT lru-cache@5.1.1 OK for: @babel/helper-compilation-targets@7.27.2 want: ^5.1.1
349 silly fetch manifest baseline-browser-mapping@^2.8.3
350 silly packumentCache full:https://registry.npmjs.org/baseline-browser-mapping cache-miss
351 silly fetch manifest caniuse-lite@^1.0.30001741
352 silly packumentCache full:https://registry.npmjs.org/caniuse-lite cache-miss
353 silly fetch manifest electron-to-chromium@^1.5.218
354 silly packumentCache full:https://registry.npmjs.org/electron-to-chromium cache-miss
355 http fetch GET 200 https://registry.npmjs.org/baseline-browser-mapping 118ms (cache miss)
356 silly packumentCache full:https://registry.npmjs.org/baseline-browser-mapping set size:undefined disposed:false
357 silly fetch manifest node-releases@^2.0.21
358 silly packumentCache full:https://registry.npmjs.org/node-releases cache-miss
359 http fetch GET 200 https://registry.npmjs.org/node-releases 84ms (cache miss)
360 silly packumentCache full:https://registry.npmjs.org/node-releases set size:undefined disposed:false
361 silly fetch manifest update-browserslist-db@^1.1.3
362 silly packumentCache full:https://registry.npmjs.org/update-browserslist-db cache-miss
363 http fetch GET 200 https://registry.npmjs.org/caniuse-lite 218ms (cache miss)
364 silly packumentCache full:https://registry.npmjs.org/caniuse-lite set size:undefined disposed:false
365 silly fetch manifest yallist@^3.0.2
366 silly packumentCache full:https://registry.npmjs.org/yallist cache-miss
367 http fetch GET 200 https://registry.npmjs.org/electron-to-chromium 280ms (cache miss)
368 silly packumentCache full:https://registry.npmjs.org/electron-to-chromium set size:undefined disposed:false
369 http fetch GET 200 https://registry.npmjs.org/update-browserslist-db 119ms (cache miss)
370 silly packumentCache full:https://registry.npmjs.org/update-browserslist-db set size:undefined disposed:false
371 http fetch GET 200 https://registry.npmjs.org/yallist 103ms (cache miss)
372 silly packumentCache full:https://registry.npmjs.org/yallist set size:undefined disposed:false
373 silly placeDep ROOT @babel/helper-module-imports@7.27.1 OK for: @babel/helper-module-transforms@7.28.3 want: ^7.27.1
374 silly placeDep ROOT @babel/helper-plugin-utils@7.27.1 OK for: @babel/plugin-transform-react-jsx-self@7.27.1 want: ^7.27.1
375 silly placeDep ROOT @babel/helper-globals@7.28.0 OK for: @babel/traverse@7.28.4 want: ^7.28.0
376 silly placeDep node_modules/@babel/traverse debug@4.4.3 OK for: @babel/traverse@7.28.4 want: ^4.3.1
377 silly placeDep ROOT @babel/helper-string-parser@7.27.1 OK for: @babel/types@7.28.4 want: ^7.27.1
378 silly placeDep ROOT @jridgewell/sourcemap-codec@1.5.5 OK for: @jridgewell/gen-mapping@0.3.13 want: ^1.5.0
379 silly placeDep ROOT @jridgewell/resolve-uri@3.1.2 OK for: @jridgewell/trace-mapping@0.3.31 want: ^3.1.0
380 silly placeDep ROOT @types/babel__generator@7.27.0 OK for: @types/babel__core@7.20.5 want: *
381 silly placeDep ROOT @types/babel__template@7.4.4 OK for: @types/babel__core@7.20.5 want: *
382 silly placeDep ROOT @types/babel__traverse@7.28.0 OK for: @types/babel__core@7.20.5 want: *
383 silly fetch manifest browserslist@>= 4.21.0
384 silly packumentCache full:https://registry.npmjs.org/browserslist cache-miss
385 http fetch GET 200 https://registry.npmjs.org/browserslist 2ms (cache hit)
386 silly packumentCache full:https://registry.npmjs.org/browserslist set size:494881 disposed:false
387 silly placeDep ROOT baseline-browser-mapping@2.8.5 OK for: browserslist@4.26.2 want: ^2.8.3
388 silly placeDep ROOT caniuse-lite@1.0.30001743 OK for: browserslist@4.26.2 want: ^1.0.30001741
389 silly placeDep ROOT electron-to-chromium@1.5.220 OK for: browserslist@4.26.2 want: ^1.5.218
390 silly placeDep ROOT node-releases@2.0.21 OK for: browserslist@4.26.2 want: ^2.0.21
391 silly placeDep ROOT update-browserslist-db@1.1.3 OK for: browserslist@4.26.2 want: ^1.1.3
392 silly fetch manifest escalade@^3.2.0
393 silly packumentCache full:https://registry.npmjs.org/escalade cache-miss
394 http fetch GET 200 https://registry.npmjs.org/escalade 81ms (cache miss)
395 silly packumentCache full:https://registry.npmjs.org/escalade set size:undefined disposed:false
396 silly placeDep ROOT yallist@3.1.1 OK for: lru-cache@5.1.1 want: ^3.0.2
397 silly placeDep ROOT escalade@3.2.0 OK for: update-browserslist-db@1.1.3 want: ^3.2.0
398 silly placeDep ROOT esbuild@0.25.10 OK for: vite@7.1.5 want: ^0.25.0
399 silly placeDep ROOT fdir@6.5.0 OK for: vite@7.1.5 want: ^6.5.0
400 silly placeDep ROOT fsevents@2.3.3 OK for: vite@7.1.5 want: ~2.3.3
401 silly placeDep ROOT picomatch@4.0.3 OK for: vite@7.1.5 want: ^4.0.3
402 silly placeDep ROOT postcss@8.5.6 OK for: vite@7.1.5 want: ^8.5.6
403 silly placeDep ROOT rollup@4.50.2 OK for: vite@7.1.5 want: ^4.43.0
404 silly placeDep ROOT tinyglobby@0.2.15 OK for: vite@7.1.5 want: ^0.2.15
405 silly fetch manifest @esbuild/aix-ppc64@0.25.10
406 silly packumentCache full:https://registry.npmjs.org/@esbuild%2faix-ppc64 cache-miss
407 silly fetch manifest @esbuild/android-arm@0.25.10
408 silly packumentCache full:https://registry.npmjs.org/@esbuild%2fandroid-arm cache-miss
409 silly fetch manifest @esbuild/android-arm64@0.25.10
410 silly packumentCache full:https://registry.npmjs.org/@esbuild%2fandroid-arm64 cache-miss
411 http fetch GET 200 https://registry.npmjs.org/@esbuild%2faix-ppc64 126ms (cache miss)
412 silly packumentCache full:https://registry.npmjs.org/@esbuild%2faix-ppc64 set size:undefined disposed:false
413 silly fetch manifest @esbuild/android-x64@0.25.10
414 silly packumentCache full:https://registry.npmjs.org/@esbuild%2fandroid-x64 cache-miss
415 http fetch GET 200 https://registry.npmjs.org/@esbuild%2fandroid-arm64 180ms (cache miss)
416 silly packumentCache full:https://registry.npmjs.org/@esbuild%2fandroid-arm64 set size:undefined disposed:false
417 silly fetch manifest @esbuild/darwin-arm64@0.25.10
418 silly packumentCache full:https://registry.npmjs.org/@esbuild%2fdarwin-arm64 cache-miss
419 http fetch GET 200 https://registry.npmjs.org/@esbuild%2fandroid-arm 206ms (cache miss)
420 silly packumentCache full:https://registry.npmjs.org/@esbuild%2fandroid-arm set size:undefined disposed:false
421 silly fetch manifest @esbuild/darwin-x64@0.25.10
422 silly packumentCache full:https://registry.npmjs.org/@esbuild%2fdarwin-x64 cache-miss
423 http fetch GET 200 https://registry.npmjs.org/@esbuild%2fandroid-x64 140ms (cache miss)
424 silly packumentCache full:https://registry.npmjs.org/@esbuild%2fandroid-x64 set size:undefined disposed:false
425 silly fetch manifest @esbuild/freebsd-arm64@0.25.10
426 silly packumentCache full:https://registry.npmjs.org/@esbuild%2ffreebsd-arm64 cache-miss
427 http fetch GET 200 https://registry.npmjs.org/@esbuild%2fdarwin-arm64 114ms (cache miss)
428 silly packumentCache full:https://registry.npmjs.org/@esbuild%2fdarwin-arm64 set size:undefined disposed:false
429 silly fetch manifest @esbuild/freebsd-x64@0.25.10
430 silly packumentCache full:https://registry.npmjs.org/@esbuild%2ffreebsd-x64 cache-miss
431 http fetch GET 200 https://registry.npmjs.org/@esbuild%2fdarwin-x64 111ms (cache miss)
432 silly packumentCache full:https://registry.npmjs.org/@esbuild%2fdarwin-x64 set size:undefined disposed:false
433 silly fetch manifest @esbuild/linux-arm@0.25.10
434 silly packumentCache full:https://registry.npmjs.org/@esbuild%2flinux-arm cache-miss
435 http fetch GET 200 https://registry.npmjs.org/@esbuild%2ffreebsd-arm64 106ms (cache miss)
436 silly packumentCache full:https://registry.npmjs.org/@esbuild%2ffreebsd-arm64 set size:undefined disposed:false
437 silly fetch manifest @esbuild/linux-arm64@0.25.10
438 silly packumentCache full:https://registry.npmjs.org/@esbuild%2flinux-arm64 cache-miss
439 http fetch GET 200 https://registry.npmjs.org/@esbuild%2ffreebsd-x64 102ms (cache miss)
440 silly packumentCache full:https://registry.npmjs.org/@esbuild%2ffreebsd-x64 set size:undefined disposed:false
441 silly fetch manifest @esbuild/linux-ia32@0.25.10
442 silly packumentCache full:https://registry.npmjs.org/@esbuild%2flinux-ia32 cache-miss
443 http fetch GET 200 https://registry.npmjs.org/@esbuild%2flinux-arm 114ms (cache miss)
444 silly packumentCache full:https://registry.npmjs.org/@esbuild%2flinux-arm set size:undefined disposed:false
445 silly fetch manifest @esbuild/linux-loong64@0.25.10
446 silly packumentCache full:https://registry.npmjs.org/@esbuild%2flinux-loong64 cache-miss
447 http fetch GET 200 https://registry.npmjs.org/@esbuild%2flinux-arm64 124ms (cache miss)
448 silly packumentCache full:https://registry.npmjs.org/@esbuild%2flinux-arm64 set size:undefined disposed:false
449 silly fetch manifest @esbuild/linux-mips64el@0.25.10
450 silly packumentCache full:https://registry.npmjs.org/@esbuild%2flinux-mips64el cache-miss
451 http fetch GET 200 https://registry.npmjs.org/@esbuild%2flinux-ia32 116ms (cache miss)
452 silly packumentCache full:https://registry.npmjs.org/@esbuild%2flinux-ia32 set size:undefined disposed:false
453 silly fetch manifest @esbuild/linux-ppc64@0.25.10
454 silly packumentCache full:https://registry.npmjs.org/@esbuild%2flinux-ppc64 cache-miss
455 http fetch GET 200 https://registry.npmjs.org/@esbuild%2flinux-loong64 110ms (cache miss)
456 silly packumentCache full:https://registry.npmjs.org/@esbuild%2flinux-loong64 set size:undefined disposed:false
457 silly fetch manifest @esbuild/linux-riscv64@0.25.10
458 silly packumentCache full:https://registry.npmjs.org/@esbuild%2flinux-riscv64 cache-miss
459 http fetch GET 200 https://registry.npmjs.org/@esbuild%2flinux-mips64el 96ms (cache miss)
460 silly packumentCache full:https://registry.npmjs.org/@esbuild%2flinux-mips64el set size:undefined disposed:false
461 silly fetch manifest @esbuild/linux-s390x@0.25.10
462 silly packumentCache full:https://registry.npmjs.org/@esbuild%2flinux-s390x cache-miss
463 http fetch GET 200 https://registry.npmjs.org/@esbuild%2flinux-ppc64 131ms (cache miss)
464 silly packumentCache full:https://registry.npmjs.org/@esbuild%2flinux-ppc64 set size:undefined disposed:false
465 silly fetch manifest @esbuild/linux-x64@0.25.10
466 silly packumentCache full:https://registry.npmjs.org/@esbuild%2flinux-x64 cache-miss
467 http fetch GET 200 https://registry.npmjs.org/@esbuild%2flinux-riscv64 126ms (cache miss)
468 silly packumentCache full:https://registry.npmjs.org/@esbuild%2flinux-riscv64 set size:undefined disposed:false
469 silly fetch manifest @esbuild/netbsd-arm64@0.25.10
470 silly packumentCache full:https://registry.npmjs.org/@esbuild%2fnetbsd-arm64 cache-miss
471 http fetch GET 200 https://registry.npmjs.org/@esbuild%2flinux-s390x 111ms (cache miss)
472 silly packumentCache full:https://registry.npmjs.org/@esbuild%2flinux-s390x set size:undefined disposed:false
473 silly fetch manifest @esbuild/netbsd-x64@0.25.10
474 silly packumentCache full:https://registry.npmjs.org/@esbuild%2fnetbsd-x64 cache-miss
475 http fetch GET 200 https://registry.npmjs.org/@esbuild%2flinux-x64 107ms (cache miss)
476 silly packumentCache full:https://registry.npmjs.org/@esbuild%2flinux-x64 set size:undefined disposed:false
477 silly fetch manifest @esbuild/openbsd-arm64@0.25.10
478 silly packumentCache full:https://registry.npmjs.org/@esbuild%2fopenbsd-arm64 cache-miss
479 http fetch GET 200 https://registry.npmjs.org/@esbuild%2fnetbsd-arm64 103ms (cache miss)
480 silly packumentCache full:https://registry.npmjs.org/@esbuild%2fnetbsd-arm64 set size:undefined disposed:false
481 silly fetch manifest @esbuild/openbsd-x64@0.25.10
482 silly packumentCache full:https://registry.npmjs.org/@esbuild%2fopenbsd-x64 cache-miss
483 http fetch GET 200 https://registry.npmjs.org/@esbuild%2fnetbsd-x64 143ms (cache miss)
484 silly packumentCache full:https://registry.npmjs.org/@esbuild%2fnetbsd-x64 set size:undefined disposed:false
485 silly fetch manifest @esbuild/openharmony-arm64@0.25.10
486 silly packumentCache full:https://registry.npmjs.org/@esbuild%2fopenharmony-arm64 cache-miss
487 http fetch GET 200 https://registry.npmjs.org/@esbuild%2fopenbsd-arm64 95ms (cache miss)
488 silly packumentCache full:https://registry.npmjs.org/@esbuild%2fopenbsd-arm64 set size:undefined disposed:false
489 silly fetch manifest @esbuild/sunos-x64@0.25.10
490 silly packumentCache full:https://registry.npmjs.org/@esbuild%2fsunos-x64 cache-miss
491 http fetch GET 200 https://registry.npmjs.org/@esbuild%2fopenbsd-x64 137ms (cache miss)
492 silly packumentCache full:https://registry.npmjs.org/@esbuild%2fopenbsd-x64 set size:undefined disposed:false
493 silly fetch manifest @esbuild/win32-arm64@0.25.10
494 silly packumentCache full:https://registry.npmjs.org/@esbuild%2fwin32-arm64 cache-miss
495 http fetch GET 200 https://registry.npmjs.org/@esbuild%2fopenharmony-arm64 110ms (cache miss)
496 silly packumentCache full:https://registry.npmjs.org/@esbuild%2fopenharmony-arm64 set size:undefined disposed:false
497 silly fetch manifest @esbuild/win32-ia32@0.25.10
498 silly packumentCache full:https://registry.npmjs.org/@esbuild%2fwin32-ia32 cache-miss
499 http fetch GET 200 https://registry.npmjs.org/@esbuild%2fwin32-arm64 93ms (cache miss)
500 silly packumentCache full:https://registry.npmjs.org/@esbuild%2fwin32-arm64 set size:undefined disposed:false
501 silly fetch manifest @esbuild/win32-x64@0.25.10
502 silly packumentCache full:https://registry.npmjs.org/@esbuild%2fwin32-x64 cache-miss
503 http fetch GET 200 https://registry.npmjs.org/@esbuild%2fsunos-x64 159ms (cache miss)
504 silly packumentCache full:https://registry.npmjs.org/@esbuild%2fsunos-x64 set size:undefined disposed:false
505 silly fetch manifest nanoid@^3.3.11
506 silly packumentCache full:https://registry.npmjs.org/nanoid cache-miss
507 http fetch GET 200 https://registry.npmjs.org/@esbuild%2fwin32-ia32 97ms (cache miss)
508 silly packumentCache full:https://registry.npmjs.org/@esbuild%2fwin32-ia32 set size:undefined disposed:false
509 silly fetch manifest source-map-js@^1.2.1
510 silly packumentCache full:https://registry.npmjs.org/source-map-js cache-miss
511 http fetch GET 200 https://registry.npmjs.org/nanoid 104ms (cache miss)
512 silly packumentCache full:https://registry.npmjs.org/nanoid set size:undefined disposed:false
513 silly fetch manifest @types/estree@1.0.8
514 silly packumentCache full:https://registry.npmjs.org/@types%2festree cache-miss
515 http fetch GET 200 https://registry.npmjs.org/source-map-js 93ms (cache miss)
516 silly packumentCache full:https://registry.npmjs.org/source-map-js set size:undefined disposed:false
517 silly fetch manifest @rollup/rollup-darwin-arm64@4.50.2
518 silly packumentCache full:https://registry.npmjs.org/@rollup%2frollup-darwin-arm64 cache-miss
519 http fetch GET 200 https://registry.npmjs.org/@esbuild%2fwin32-x64 188ms (cache miss)
520 silly packumentCache full:https://registry.npmjs.org/@esbuild%2fwin32-x64 set size:undefined disposed:false
521 silly fetch manifest @rollup/rollup-android-arm64@4.50.2
522 silly packumentCache full:https://registry.npmjs.org/@rollup%2frollup-android-arm64 cache-miss
523 http fetch GET 200 https://registry.npmjs.org/@types%2festree 98ms (cache miss)
524 silly packumentCache full:https://registry.npmjs.org/@types%2festree set size:undefined disposed:false
525 silly fetch manifest @rollup/rollup-win32-arm64-msvc@4.50.2
526 silly packumentCache full:https://registry.npmjs.org/@rollup%2frollup-win32-arm64-msvc cache-miss
527 http fetch GET 200 https://registry.npmjs.org/@rollup%2frollup-darwin-arm64 134ms (cache miss)
528 silly packumentCache full:https://registry.npmjs.org/@rollup%2frollup-darwin-arm64 set size:undefined disposed:false
529 silly fetch manifest @rollup/rollup-freebsd-arm64@4.50.2
530 silly packumentCache full:https://registry.npmjs.org/@rollup%2frollup-freebsd-arm64 cache-miss
531 http fetch GET 200 https://registry.npmjs.org/@rollup%2frollup-android-arm64 129ms (cache miss)
532 silly packumentCache full:https://registry.npmjs.org/@rollup%2frollup-android-arm64 set size:undefined disposed:false
533 silly fetch manifest @rollup/rollup-linux-arm64-gnu@4.50.2
534 silly packumentCache full:https://registry.npmjs.org/@rollup%2frollup-linux-arm64-gnu cache-miss
535 http fetch GET 200 https://registry.npmjs.org/@rollup%2frollup-win32-arm64-msvc 113ms (cache miss)
536 silly packumentCache full:https://registry.npmjs.org/@rollup%2frollup-win32-arm64-msvc set size:undefined disposed:false
537 silly fetch manifest @rollup/rollup-linux-arm64-musl@4.50.2
538 silly packumentCache full:https://registry.npmjs.org/@rollup%2frollup-linux-arm64-musl cache-miss
539 http fetch GET 200 https://registry.npmjs.org/@rollup%2frollup-freebsd-arm64 121ms (cache miss)
540 silly packumentCache full:https://registry.npmjs.org/@rollup%2frollup-freebsd-arm64 set size:undefined disposed:false
541 silly fetch manifest @rollup/rollup-android-arm-eabi@4.50.2
542 silly packumentCache full:https://registry.npmjs.org/@rollup%2frollup-android-arm-eabi cache-miss
543 http fetch GET 200 https://registry.npmjs.org/@rollup%2frollup-linux-arm64-gnu 113ms (cache miss)
544 silly packumentCache full:https://registry.npmjs.org/@rollup%2frollup-linux-arm64-gnu set size:undefined disposed:false
545 silly fetch manifest @rollup/rollup-linux-arm-gnueabihf@4.50.2
546 silly packumentCache full:https://registry.npmjs.org/@rollup%2frollup-linux-arm-gnueabihf cache-miss
547 http fetch GET 200 https://registry.npmjs.org/@rollup%2frollup-android-arm-eabi 106ms (cache miss)
548 silly packumentCache full:https://registry.npmjs.org/@rollup%2frollup-android-arm-eabi set size:undefined disposed:false
549 silly fetch manifest @rollup/rollup-linux-arm-musleabihf@4.50.2
550 silly packumentCache full:https://registry.npmjs.org/@rollup%2frollup-linux-arm-musleabihf cache-miss
551 http fetch GET 200 https://registry.npmjs.org/@rollup%2frollup-linux-arm-gnueabihf 131ms (cache miss)
552 silly packumentCache full:https://registry.npmjs.org/@rollup%2frollup-linux-arm-gnueabihf set size:undefined disposed:false
553 silly fetch manifest @rollup/rollup-win32-ia32-msvc@4.50.2
554 silly packumentCache full:https://registry.npmjs.org/@rollup%2frollup-win32-ia32-msvc cache-miss
555 http fetch GET 200 https://registry.npmjs.org/@rollup%2frollup-linux-arm64-musl 347ms (cache miss)
556 silly packumentCache full:https://registry.npmjs.org/@rollup%2frollup-linux-arm64-musl set size:undefined disposed:false
557 silly fetch manifest @rollup/rollup-linux-loong64-gnu@4.50.2
558 silly packumentCache full:https://registry.npmjs.org/@rollup%2frollup-linux-loong64-gnu cache-miss
559 http fetch GET 200 https://registry.npmjs.org/@rollup%2frollup-linux-arm-musleabihf 170ms (cache miss)
560 silly packumentCache full:https://registry.npmjs.org/@rollup%2frollup-linux-arm-musleabihf set size:undefined disposed:false
561 silly fetch manifest @rollup/rollup-linux-riscv64-gnu@4.50.2
562 silly packumentCache full:https://registry.npmjs.org/@rollup%2frollup-linux-riscv64-gnu cache-miss
563 http fetch GET 200 https://registry.npmjs.org/@rollup%2frollup-win32-ia32-msvc 139ms (cache miss)
564 silly packumentCache full:https://registry.npmjs.org/@rollup%2frollup-win32-ia32-msvc set size:undefined disposed:false
565 silly fetch manifest @rollup/rollup-linux-riscv64-musl@4.50.2
566 silly packumentCache full:https://registry.npmjs.org/@rollup%2frollup-linux-riscv64-musl cache-miss
567 http fetch GET 200 https://registry.npmjs.org/@rollup%2frollup-linux-loong64-gnu 123ms (cache miss)
568 silly packumentCache full:https://registry.npmjs.org/@rollup%2frollup-linux-loong64-gnu set size:undefined disposed:false
569 silly fetch manifest @rollup/rollup-linux-ppc64-gnu@4.50.2
570 silly packumentCache full:https://registry.npmjs.org/@rollup%2frollup-linux-ppc64-gnu cache-miss
571 http fetch GET 200 https://registry.npmjs.org/@rollup%2frollup-linux-riscv64-gnu 168ms (cache miss)
572 silly packumentCache full:https://registry.npmjs.org/@rollup%2frollup-linux-riscv64-gnu set size:undefined disposed:false
573 silly fetch manifest @rollup/rollup-linux-s390x-gnu@4.50.2
574 silly packumentCache full:https://registry.npmjs.org/@rollup%2frollup-linux-s390x-gnu cache-miss
575 http fetch GET 200 https://registry.npmjs.org/@rollup%2frollup-linux-riscv64-musl 142ms (cache miss)
576 silly packumentCache full:https://registry.npmjs.org/@rollup%2frollup-linux-riscv64-musl set size:undefined disposed:false
577 silly fetch manifest @rollup/rollup-darwin-x64@4.50.2
578 silly packumentCache full:https://registry.npmjs.org/@rollup%2frollup-darwin-x64 cache-miss
579 http fetch GET 200 https://registry.npmjs.org/@rollup%2frollup-linux-ppc64-gnu 118ms (cache miss)
580 silly packumentCache full:https://registry.npmjs.org/@rollup%2frollup-linux-ppc64-gnu set size:undefined disposed:false
581 silly fetch manifest @rollup/rollup-win32-x64-msvc@4.50.2
582 silly packumentCache full:https://registry.npmjs.org/@rollup%2frollup-win32-x64-msvc cache-miss
583 http fetch GET 200 https://registry.npmjs.org/@rollup%2frollup-linux-s390x-gnu 130ms (cache miss)
584 silly packumentCache full:https://registry.npmjs.org/@rollup%2frollup-linux-s390x-gnu set size:undefined disposed:false
585 silly fetch manifest @rollup/rollup-freebsd-x64@4.50.2
586 silly packumentCache full:https://registry.npmjs.org/@rollup%2frollup-freebsd-x64 cache-miss
587 http fetch GET 200 https://registry.npmjs.org/@rollup%2frollup-darwin-x64 173ms (cache miss)
588 silly packumentCache full:https://registry.npmjs.org/@rollup%2frollup-darwin-x64 set size:undefined disposed:false
589 silly fetch manifest @rollup/rollup-linux-x64-gnu@4.50.2
590 silly packumentCache full:https://registry.npmjs.org/@rollup%2frollup-linux-x64-gnu cache-miss
591 http fetch GET 200 https://registry.npmjs.org/@rollup%2frollup-win32-x64-msvc 143ms (cache miss)
592 silly packumentCache full:https://registry.npmjs.org/@rollup%2frollup-win32-x64-msvc set size:undefined disposed:false
593 silly fetch manifest @rollup/rollup-linux-x64-musl@4.50.2
594 silly packumentCache full:https://registry.npmjs.org/@rollup%2frollup-linux-x64-musl cache-miss
595 http fetch GET 200 https://registry.npmjs.org/@rollup%2frollup-freebsd-x64 116ms (cache miss)
596 silly packumentCache full:https://registry.npmjs.org/@rollup%2frollup-freebsd-x64 set size:undefined disposed:false
597 silly fetch manifest @rollup/rollup-openharmony-arm64@4.50.2
598 silly packumentCache full:https://registry.npmjs.org/@rollup%2frollup-openharmony-arm64 cache-miss
599 http fetch GET 200 https://registry.npmjs.org/@rollup%2frollup-linux-x64-gnu 102ms (cache miss)
600 silly packumentCache full:https://registry.npmjs.org/@rollup%2frollup-linux-x64-gnu set size:undefined disposed:false
601 http fetch GET 200 https://registry.npmjs.org/@rollup%2frollup-linux-x64-musl 129ms (cache miss)
602 silly packumentCache full:https://registry.npmjs.org/@rollup%2frollup-linux-x64-musl set size:undefined disposed:false
603 http fetch GET 200 https://registry.npmjs.org/@rollup%2frollup-openharmony-arm64 141ms (cache miss)
604 silly packumentCache full:https://registry.npmjs.org/@rollup%2frollup-openharmony-arm64 set size:undefined disposed:false
605 silly placeDep ROOT @esbuild/aix-ppc64@0.25.10 OK for: esbuild@0.25.10 want: 0.25.10
606 silly placeDep ROOT @esbuild/android-arm@0.25.10 OK for: esbuild@0.25.10 want: 0.25.10
607 silly placeDep ROOT @esbuild/android-arm64@0.25.10 OK for: esbuild@0.25.10 want: 0.25.10
608 silly placeDep ROOT @esbuild/android-x64@0.25.10 OK for: esbuild@0.25.10 want: 0.25.10
609 silly placeDep ROOT @esbuild/darwin-arm64@0.25.10 OK for: esbuild@0.25.10 want: 0.25.10
610 silly placeDep ROOT @esbuild/darwin-x64@0.25.10 OK for: esbuild@0.25.10 want: 0.25.10
611 silly placeDep ROOT @esbuild/freebsd-arm64@0.25.10 OK for: esbuild@0.25.10 want: 0.25.10
612 silly placeDep ROOT @esbuild/freebsd-x64@0.25.10 OK for: esbuild@0.25.10 want: 0.25.10
613 silly placeDep ROOT @esbuild/linux-arm@0.25.10 OK for: esbuild@0.25.10 want: 0.25.10
614 silly placeDep ROOT @esbuild/linux-arm64@0.25.10 OK for: esbuild@0.25.10 want: 0.25.10
615 silly placeDep ROOT @esbuild/linux-ia32@0.25.10 OK for: esbuild@0.25.10 want: 0.25.10
616 silly placeDep ROOT @esbuild/linux-loong64@0.25.10 OK for: esbuild@0.25.10 want: 0.25.10
617 silly placeDep ROOT @esbuild/linux-mips64el@0.25.10 OK for: esbuild@0.25.10 want: 0.25.10
618 silly placeDep ROOT @esbuild/linux-ppc64@0.25.10 OK for: esbuild@0.25.10 want: 0.25.10
619 silly placeDep ROOT @esbuild/linux-riscv64@0.25.10 OK for: esbuild@0.25.10 want: 0.25.10
620 silly placeDep ROOT @esbuild/linux-s390x@0.25.10 OK for: esbuild@0.25.10 want: 0.25.10
621 silly placeDep ROOT @esbuild/linux-x64@0.25.10 OK for: esbuild@0.25.10 want: 0.25.10
622 silly placeDep ROOT @esbuild/netbsd-arm64@0.25.10 OK for: esbuild@0.25.10 want: 0.25.10
623 silly placeDep ROOT @esbuild/netbsd-x64@0.25.10 OK for: esbuild@0.25.10 want: 0.25.10
624 silly placeDep ROOT @esbuild/openbsd-arm64@0.25.10 OK for: esbuild@0.25.10 want: 0.25.10
625 silly placeDep ROOT @esbuild/openbsd-x64@0.25.10 OK for: esbuild@0.25.10 want: 0.25.10
626 silly placeDep ROOT @esbuild/openharmony-arm64@0.25.10 OK for: esbuild@0.25.10 want: 0.25.10
627 silly placeDep ROOT @esbuild/sunos-x64@0.25.10 OK for: esbuild@0.25.10 want: 0.25.10
628 silly placeDep ROOT @esbuild/win32-arm64@0.25.10 OK for: esbuild@0.25.10 want: 0.25.10
629 silly placeDep ROOT @esbuild/win32-ia32@0.25.10 OK for: esbuild@0.25.10 want: 0.25.10
630 silly placeDep ROOT @esbuild/win32-x64@0.25.10 OK for: esbuild@0.25.10 want: 0.25.10
631 silly placeDep ROOT nanoid@3.3.11 OK for: postcss@8.5.6 want: ^3.3.11
632 silly placeDep ROOT source-map-js@1.2.1 OK for: postcss@8.5.6 want: ^1.2.1
633 silly placeDep ROOT @rollup/rollup-android-arm-eabi@4.50.2 OK for: rollup@4.50.2 want: 4.50.2
634 silly placeDep ROOT @rollup/rollup-android-arm64@4.50.2 OK for: rollup@4.50.2 want: 4.50.2
635 silly placeDep ROOT @rollup/rollup-darwin-arm64@4.50.2 OK for: rollup@4.50.2 want: 4.50.2
636 silly placeDep ROOT @rollup/rollup-darwin-x64@4.50.2 OK for: rollup@4.50.2 want: 4.50.2
637 silly placeDep ROOT @rollup/rollup-freebsd-arm64@4.50.2 OK for: rollup@4.50.2 want: 4.50.2
638 silly placeDep ROOT @rollup/rollup-freebsd-x64@4.50.2 OK for: rollup@4.50.2 want: 4.50.2
639 silly placeDep ROOT @rollup/rollup-linux-arm-gnueabihf@4.50.2 OK for: rollup@4.50.2 want: 4.50.2
640 silly placeDep ROOT @rollup/rollup-linux-arm-musleabihf@4.50.2 OK for: rollup@4.50.2 want: 4.50.2
641 silly placeDep ROOT @rollup/rollup-linux-arm64-gnu@4.50.2 OK for: rollup@4.50.2 want: 4.50.2
642 silly placeDep ROOT @rollup/rollup-linux-arm64-musl@4.50.2 OK for: rollup@4.50.2 want: 4.50.2
643 silly placeDep ROOT @rollup/rollup-linux-loong64-gnu@4.50.2 OK for: rollup@4.50.2 want: 4.50.2
644 silly placeDep ROOT @rollup/rollup-linux-ppc64-gnu@4.50.2 OK for: rollup@4.50.2 want: 4.50.2
645 silly placeDep ROOT @rollup/rollup-linux-riscv64-gnu@4.50.2 OK for: rollup@4.50.2 want: 4.50.2
646 silly placeDep ROOT @rollup/rollup-linux-riscv64-musl@4.50.2 OK for: rollup@4.50.2 want: 4.50.2
647 silly placeDep ROOT @rollup/rollup-linux-s390x-gnu@4.50.2 OK for: rollup@4.50.2 want: 4.50.2
648 silly placeDep ROOT @rollup/rollup-linux-x64-gnu@4.50.2 OK for: rollup@4.50.2 want: 4.50.2
649 silly placeDep ROOT @rollup/rollup-linux-x64-musl@4.50.2 OK for: rollup@4.50.2 want: 4.50.2
650 silly placeDep ROOT @rollup/rollup-openharmony-arm64@4.50.2 OK for: rollup@4.50.2 want: 4.50.2
651 silly placeDep ROOT @rollup/rollup-win32-arm64-msvc@4.50.2 OK for: rollup@4.50.2 want: 4.50.2
652 silly placeDep ROOT @rollup/rollup-win32-ia32-msvc@4.50.2 OK for: rollup@4.50.2 want: 4.50.2
653 silly placeDep ROOT @rollup/rollup-win32-x64-msvc@4.50.2 OK for: rollup@4.50.2 want: 4.50.2
654 silly placeDep ROOT @types/estree@1.0.8 OK for: rollup@4.50.2 want: 1.0.8
655 silly placeDep node_modules/@babel/core ms@2.1.3 OK for: debug@4.4.3 want: ^2.1.3
656 silly placeDep node_modules/@babel/traverse ms@2.1.3 OK for: debug@4.4.3 want: ^2.1.3
657 silly reify moves {}
658 silly audit bulk request {
658 silly audit   '@colors/colors': [ '1.6.0' ],
658 silly audit   '@dabh/diagnostics': [ '2.0.3' ],
658 silly audit   '@types/triple-beam': [ '1.3.5' ],
658 silly audit   accepts: [ '1.3.8' ],
658 silly audit   'array-flatten': [ '1.1.1' ],
658 silly audit   async: [ '3.2.6' ],
658 silly audit   asynckit: [ '0.4.0' ],
658 silly audit   axios: [ '1.12.2' ],
658 silly audit   'body-parser': [ '1.20.3' ],
658 silly audit   bytes: [ '3.1.2' ],
658 silly audit   'call-bind-apply-helpers': [ '1.0.2' ],
658 silly audit   'call-bound': [ '1.0.4' ],
658 silly audit   chalk: [ '5.6.2' ],
658 silly audit   color: [ '3.2.1' ],
658 silly audit   'color-convert': [ '1.9.3' ],
658 silly audit   'color-name': [ '1.1.3' ],
658 silly audit   'color-string': [ '1.9.1' ],
658 silly audit   colorspace: [ '1.1.4' ],
658 silly audit   'combined-stream': [ '1.0.8' ],
658 silly audit   commander: [ '11.1.0' ],
658 silly audit   'content-disposition': [ '0.5.4' ],
658 silly audit   'content-type': [ '1.0.5' ],
658 silly audit   cookie: [ '0.7.1' ],
658 silly audit   'cookie-signature': [ '1.0.6' ],
658 silly audit   cors: [ '2.8.5' ],
658 silly audit   debug: [ '2.6.9', '4.4.3' ],
658 silly audit   'delayed-stream': [ '1.0.0' ],
658 silly audit   depd: [ '2.0.0' ],
658 silly audit   destroy: [ '1.2.0' ],
658 silly audit   dotenv: [ '16.6.1' ],
658 silly audit   'dunder-proto': [ '1.0.1' ],
658 silly audit   'ee-first': [ '1.1.1' ],
658 silly audit   enabled: [ '2.0.0' ],
658 silly audit   encodeurl: [ '2.0.0', '1.0.2' ],
658 silly audit   'es-define-property': [ '1.0.1' ],
658 silly audit   'es-errors': [ '1.3.0' ],
658 silly audit   'es-object-atoms': [ '1.1.1' ],
658 silly audit   'es-set-tostringtag': [ '2.1.0' ],
658 silly audit   'escape-html': [ '1.0.3' ],
658 silly audit   etag: [ '1.8.1' ],
658 silly audit   express: [ '4.21.2' ],
658 silly audit   fecha: [ '4.2.3' ],
658 silly audit   finalhandler: [ '1.3.1' ],
658 silly audit   'fn.name': [ '1.1.0' ],
658 silly audit   'follow-redirects': [ '1.15.11' ],
658 silly audit   'form-data': [ '4.0.4' ],
658 silly audit   forwarded: [ '0.2.0' ],
658 silly audit   fresh: [ '0.5.2' ],
658 silly audit   'function-bind': [ '1.1.2' ],
658 silly audit   'get-intrinsic': [ '1.3.0' ],
658 silly audit   'get-proto': [ '1.0.1' ],
658 silly audit   gopd: [ '1.2.0' ],
658 silly audit   'has-symbols': [ '1.1.0' ],
658 silly audit   'has-tostringtag': [ '1.0.2' ],
658 silly audit   hasown: [ '2.0.2' ],
658 silly audit   'http-errors': [ '2.0.0' ],
658 silly audit   'iconv-lite': [ '0.4.24' ],
658 silly audit   inherits: [ '2.0.4' ],
658 silly audit   'ipaddr.js': [ '1.9.1' ],
658 silly audit   'is-arrayish': [ '0.3.4' ],
658 silly audit   'is-stream': [ '2.0.1' ],
658 silly audit   kuler: [ '2.0.0' ],
658 silly audit   logform: [ '2.7.0' ],
658 silly audit   ms: [ '2.1.3', '2.0.0' ],
658 silly audit   'math-intrinsics': [ '1.1.0' ],
658 silly audit   'media-typer': [ '0.3.0' ],
658 silly audit   'merge-descriptors': [ '1.0.3' ],
658 silly audit   methods: [ '1.1.2' ],
658 silly audit   mime: [ '1.6.0' ],
658 silly audit   'mime-db': [ '1.52.0' ],
658 silly audit   'mime-types': [ '2.1.35' ],
658 silly audit   negotiator: [ '0.6.3' ],
658 silly audit   'object-assign': [ '4.1.1' ],
658 silly audit   'object-inspect': [ '1.13.4' ],
658 silly audit   'on-finished': [ '2.4.1' ],
658 silly audit   'one-time': [ '1.0.0' ],
658 silly audit   parseurl: [ '1.3.3' ],
658 silly audit   'path-to-regexp': [ '0.1.12' ],
658 silly audit   'proxy-addr': [ '2.0.7' ],
658 silly audit   'proxy-from-env': [ '1.1.0' ],
658 silly audit   qs: [ '6.13.0' ],
658 silly audit   'range-parser': [ '1.2.1' ],
658 silly audit   'raw-body': [ '2.5.2' ],
658 silly audit   'readable-stream': [ '3.6.2' ],
658 silly audit   'safe-buffer': [ '5.2.1' ],
658 silly audit   'safe-stable-stringify': [ '2.5.0' ],
658 silly audit   'safer-buffer': [ '2.1.2' ],
658 silly audit   send: [ '0.19.0' ],
658 silly audit   'serve-static': [ '1.16.2' ],
658 silly audit   setprototypeof: [ '1.2.0' ],
658 silly audit   'side-channel': [ '1.1.0' ],
658 silly audit   'side-channel-list': [ '1.0.0' ],
658 silly audit   'side-channel-map': [ '1.0.1' ],
658 silly audit   'side-channel-weakmap': [ '1.0.2' ],
658 silly audit   'simple-swizzle': [ '0.2.4' ],
658 silly audit   'stack-trace': [ '0.0.10' ],
658 silly audit   statuses: [ '2.0.1' ],
658 silly audit   string_decoder: [ '1.3.0' ],
658 silly audit   'text-hex': [ '1.0.0' ],
658 silly audit   toidentifier: [ '1.0.1' ],
658 silly audit   'triple-beam': [ '1.4.1' ],
658 silly audit   'type-is': [ '1.6.18' ],
658 silly audit   unpipe: [ '1.0.0' ],
658 silly audit   'util-deprecate': [ '1.0.2' ],
658 silly audit   'utils-merge': [ '1.0.1' ],
658 silly audit   uuid: [ '9.0.1' ],
658 silly audit   vary: [ '1.1.2' ],
658 silly audit   winston: [ '3.17.0' ],
658 silly audit   'winston-transport': [ '4.9.0' ],
658 silly audit   '@vitejs/plugin-react': [ '5.0.3' ],
658 silly audit   typescript: [ '5.9.2' ],
658 silly audit   vite: [ '7.1.5' ],
658 silly audit   '@babel/core': [ '7.28.4' ],
658 silly audit   '@babel/plugin-transform-react-jsx-self': [ '7.27.1' ],
658 silly audit   '@babel/plugin-transform-react-jsx-source': [ '7.27.1' ],
658 silly audit   '@rolldown/pluginutils': [ '1.0.0-beta.35' ],
658 silly audit   '@types/babel__core': [ '7.20.5' ],
658 silly audit   'react-refresh': [ '0.17.0' ],
658 silly audit   '@babel/code-frame': [ '7.27.1' ],
658 silly audit   '@babel/generator': [ '7.28.3' ],
658 silly audit   '@babel/helper-compilation-targets': [ '7.27.2' ],
658 silly audit   '@babel/helper-module-transforms': [ '7.28.3' ],
658 silly audit   '@babel/helpers': [ '7.28.4' ],
658 silly audit   '@babel/parser': [ '7.28.4' ],
658 silly audit   '@babel/template': [ '7.27.2' ],
658 silly audit   '@babel/traverse': [ '7.28.4' ],
658 silly audit   '@babel/types': [ '7.28.4' ],
658 silly audit   '@jridgewell/remapping': [ '2.3.5' ],
658 silly audit   'convert-source-map': [ '2.0.0' ],
658 silly audit   gensync: [ '1.0.0-beta.2' ],
658 silly audit   json5: [ '2.2.3' ],
658 silly audit   semver: [ '6.3.1' ],
658 silly audit   '@babel/helper-validator-identifier': [ '7.27.1' ],
658 silly audit   'js-tokens': [ '4.0.0' ],
658 silly audit   picocolors: [ '1.1.1' ],
658 silly audit   '@jridgewell/gen-mapping': [ '0.3.13' ],
658 silly audit   '@jridgewell/trace-mapping': [ '0.3.31' ],
658 silly audit   jsesc: [ '3.1.0' ],
658 silly audit   '@babel/compat-data': [ '7.28.4' ],
658 silly audit   '@babel/helper-validator-option': [ '7.27.1' ],
658 silly audit   browserslist: [ '4.26.2' ],
658 silly audit   'lru-cache': [ '5.1.1' ],
658 silly audit   '@babel/helper-module-imports': [ '7.27.1' ],
658 silly audit   '@babel/helper-plugin-utils': [ '7.27.1' ],
658 silly audit   '@babel/helper-globals': [ '7.28.0' ],
658 silly audit   '@babel/helper-string-parser': [ '7.27.1' ],
658 silly audit   '@jridgewell/sourcemap-codec': [ '1.5.5' ],
658 silly audit   '@jridgewell/resolve-uri': [ '3.1.2' ],
658 silly audit   '@types/babel__generator': [ '7.27.0' ],
658 silly audit   '@types/babel__template': [ '7.4.4' ],
658 silly audit   '@types/babel__traverse': [ '7.28.0' ],
658 silly audit   'baseline-browser-mapping': [ '2.8.5' ],
658 silly audit   'caniuse-lite': [ '1.0.30001743' ],
658 silly audit   'electron-to-chromium': [ '1.5.220' ],
658 silly audit   'node-releases': [ '2.0.21' ],
658 silly audit   'update-browserslist-db': [ '1.1.3' ],
658 silly audit   yallist: [ '3.1.1' ],
658 silly audit   escalade: [ '3.2.0' ],
658 silly audit   esbuild: [ '0.25.10' ],
658 silly audit   fdir: [ '6.5.0' ],
658 silly audit   fsevents: [ '2.3.3' ],
658 silly audit   picomatch: [ '4.0.3' ],
658 silly audit   postcss: [ '8.5.6' ],
658 silly audit   rollup: [ '4.50.2' ],
658 silly audit   tinyglobby: [ '0.2.15' ],
658 silly audit   '@esbuild/aix-ppc64': [ '0.25.10' ],
658 silly audit   '@esbuild/android-arm': [ '0.25.10' ],
658 silly audit   '@esbuild/android-arm64': [ '0.25.10' ],
658 silly audit   '@esbuild/android-x64': [ '0.25.10' ],
658 silly audit   '@esbuild/darwin-arm64': [ '0.25.10' ],
658 silly audit   '@esbuild/darwin-x64': [ '0.25.10' ],
658 silly audit   '@esbuild/freebsd-arm64': [ '0.25.10' ],
658 silly audit   '@esbuild/freebsd-x64': [ '0.25.10' ],
658 silly audit   '@esbuild/linux-arm': [ '0.25.10' ],
658 silly audit   '@esbuild/linux-arm64': [ '0.25.10' ],
658 silly audit   '@esbuild/linux-ia32': [ '0.25.10' ],
658 silly audit   '@esbuild/linux-loong64': [ '0.25.10' ],
658 silly audit   '@esbuild/linux-mips64el': [ '0.25.10' ],
658 silly audit   '@esbuild/linux-ppc64': [ '0.25.10' ],
658 silly audit   '@esbuild/linux-riscv64': [ '0.25.10' ],
658 silly audit   '@esbuild/linux-s390x': [ '0.25.10' ],
658 silly audit   '@esbuild/linux-x64': [ '0.25.10' ],
658 silly audit   '@esbuild/netbsd-arm64': [ '0.25.10' ],
658 silly audit   '@esbuild/netbsd-x64': [ '0.25.10' ],
658 silly audit   '@esbuild/openbsd-arm64': [ '0.25.10' ],
658 silly audit   '@esbuild/openbsd-x64': [ '0.25.10' ],
658 silly audit   '@esbuild/openharmony-arm64': [ '0.25.10' ],
658 silly audit   '@esbuild/sunos-x64': [ '0.25.10' ],
658 silly audit   '@esbuild/win32-arm64': [ '0.25.10' ],
658 silly audit   '@esbuild/win32-ia32': [ '0.25.10' ],
658 silly audit   '@esbuild/win32-x64': [ '0.25.10' ],
658 silly audit   nanoid: [ '3.3.11' ],
658 silly audit   'source-map-js': [ '1.2.1' ],
658 silly audit   '@rollup/rollup-android-arm-eabi': [ '4.50.2' ],
658 silly audit   '@rollup/rollup-android-arm64': [ '4.50.2' ],
658 silly audit   '@rollup/rollup-darwin-arm64': [ '4.50.2' ],
658 silly audit   '@rollup/rollup-darwin-x64': [ '4.50.2' ],
658 silly audit   '@rollup/rollup-freebsd-arm64': [ '4.50.2' ],
658 silly audit   '@rollup/rollup-freebsd-x64': [ '4.50.2' ],
658 silly audit   '@rollup/rollup-linux-arm-gnueabihf': [ '4.50.2' ],
658 silly audit   '@rollup/rollup-linux-arm-musleabihf': [ '4.50.2' ],
658 silly audit   '@rollup/rollup-linux-arm64-gnu': [ '4.50.2' ],
658 silly audit   '@rollup/rollup-linux-arm64-musl': [ '4.50.2' ],
658 silly audit   '@rollup/rollup-linux-loong64-gnu': [ '4.50.2' ],
658 silly audit   '@rollup/rollup-linux-ppc64-gnu': [ '4.50.2' ],
658 silly audit   '@rollup/rollup-linux-riscv64-gnu': [ '4.50.2' ],
658 silly audit   '@rollup/rollup-linux-riscv64-musl': [ '4.50.2' ],
658 silly audit   '@rollup/rollup-linux-s390x-gnu': [ '4.50.2' ],
658 silly audit   '@rollup/rollup-linux-x64-gnu': [ '4.50.2' ],
658 silly audit   '@rollup/rollup-linux-x64-musl': [ '4.50.2' ],
658 silly audit   '@rollup/rollup-openharmony-arm64': [ '4.50.2' ],
658 silly audit   '@rollup/rollup-win32-arm64-msvc': [ '4.50.2' ],
658 silly audit   '@rollup/rollup-win32-ia32-msvc': [ '4.50.2' ],
658 silly audit   '@rollup/rollup-win32-x64-msvc': [ '4.50.2' ],
658 silly audit   '@types/estree': [ '1.0.8' ]
658 silly audit }
659 verbose reify failed optional dependency /home/runner/work/LightDom/LightDom/node_modules/@rollup/rollup-win32-x64-msvc
660 silly reify mark deleted [
660 silly reify   '/home/runner/work/LightDom/LightDom/node_modules/@rollup/rollup-win32-x64-msvc'
660 silly reify ]
661 verbose reify failed optional dependency /home/runner/work/LightDom/LightDom/node_modules/@rollup/rollup-win32-ia32-msvc
662 silly reify mark deleted [
662 silly reify   '/home/runner/work/LightDom/LightDom/node_modules/@rollup/rollup-win32-ia32-msvc'
662 silly reify ]
663 verbose reify failed optional dependency /home/runner/work/LightDom/LightDom/node_modules/@rollup/rollup-win32-arm64-msvc
664 silly reify mark deleted [
664 silly reify   '/home/runner/work/LightDom/LightDom/node_modules/@rollup/rollup-win32-arm64-msvc'
664 silly reify ]
665 verbose reify failed optional dependency /home/runner/work/LightDom/LightDom/node_modules/@rollup/rollup-openharmony-arm64
666 silly reify mark deleted [
666 silly reify   '/home/runner/work/LightDom/LightDom/node_modules/@rollup/rollup-openharmony-arm64'
666 silly reify ]
667 verbose reify failed optional dependency /home/runner/work/LightDom/LightDom/node_modules/@rollup/rollup-linux-x64-musl
668 silly reify mark deleted [
668 silly reify   '/home/runner/work/LightDom/LightDom/node_modules/@rollup/rollup-linux-x64-musl'
668 silly reify ]
669 verbose reify failed optional dependency /home/runner/work/LightDom/LightDom/node_modules/@rollup/rollup-linux-s390x-gnu
670 silly reify mark deleted [
670 silly reify   '/home/runner/work/LightDom/LightDom/node_modules/@rollup/rollup-linux-s390x-gnu'
670 silly reify ]
671 verbose reify failed optional dependency /home/runner/work/LightDom/LightDom/node_modules/@rollup/rollup-linux-riscv64-musl
672 silly reify mark deleted [
672 silly reify   '/home/runner/work/LightDom/LightDom/node_modules/@rollup/rollup-linux-riscv64-musl'
672 silly reify ]
673 verbose reify failed optional dependency /home/runner/work/LightDom/LightDom/node_modules/@rollup/rollup-linux-riscv64-gnu
674 silly reify mark deleted [
674 silly reify   '/home/runner/work/LightDom/LightDom/node_modules/@rollup/rollup-linux-riscv64-gnu'
674 silly reify ]
675 verbose reify failed optional dependency /home/runner/work/LightDom/LightDom/node_modules/@rollup/rollup-linux-ppc64-gnu
676 silly reify mark deleted [
676 silly reify   '/home/runner/work/LightDom/LightDom/node_modules/@rollup/rollup-linux-ppc64-gnu'
676 silly reify ]
677 verbose reify failed optional dependency /home/runner/work/LightDom/LightDom/node_modules/@rollup/rollup-linux-loong64-gnu
678 silly reify mark deleted [
678 silly reify   '/home/runner/work/LightDom/LightDom/node_modules/@rollup/rollup-linux-loong64-gnu'
678 silly reify ]
679 verbose reify failed optional dependency /home/runner/work/LightDom/LightDom/node_modules/@rollup/rollup-linux-arm64-musl
680 silly reify mark deleted [
680 silly reify   '/home/runner/work/LightDom/LightDom/node_modules/@rollup/rollup-linux-arm64-musl'
680 silly reify ]
681 verbose reify failed optional dependency /home/runner/work/LightDom/LightDom/node_modules/@rollup/rollup-linux-arm64-gnu
682 silly reify mark deleted [
682 silly reify   '/home/runner/work/LightDom/LightDom/node_modules/@rollup/rollup-linux-arm64-gnu'
682 silly reify ]
683 verbose reify failed optional dependency /home/runner/work/LightDom/LightDom/node_modules/@rollup/rollup-linux-arm-musleabihf
684 silly reify mark deleted [
684 silly reify   '/home/runner/work/LightDom/LightDom/node_modules/@rollup/rollup-linux-arm-musleabihf'
684 silly reify ]
685 verbose reify failed optional dependency /home/runner/work/LightDom/LightDom/node_modules/@rollup/rollup-linux-arm-gnueabihf
686 silly reify mark deleted [
686 silly reify   '/home/runner/work/LightDom/LightDom/node_modules/@rollup/rollup-linux-arm-gnueabihf'
686 silly reify ]
687 verbose reify failed optional dependency /home/runner/work/LightDom/LightDom/node_modules/@rollup/rollup-freebsd-x64
688 silly reify mark deleted [
688 silly reify   '/home/runner/work/LightDom/LightDom/node_modules/@rollup/rollup-freebsd-x64'
688 silly reify ]
689 verbose reify failed optional dependency /home/runner/work/LightDom/LightDom/node_modules/@rollup/rollup-freebsd-arm64
690 silly reify mark deleted [
690 silly reify   '/home/runner/work/LightDom/LightDom/node_modules/@rollup/rollup-freebsd-arm64'
690 silly reify ]
691 verbose reify failed optional dependency /home/runner/work/LightDom/LightDom/node_modules/@rollup/rollup-darwin-x64
692 silly reify mark deleted [
692 silly reify   '/home/runner/work/LightDom/LightDom/node_modules/@rollup/rollup-darwin-x64'
692 silly reify ]
693 verbose reify failed optional dependency /home/runner/work/LightDom/LightDom/node_modules/@rollup/rollup-darwin-arm64
694 silly reify mark deleted [
694 silly reify   '/home/runner/work/LightDom/LightDom/node_modules/@rollup/rollup-darwin-arm64'
694 silly reify ]
695 verbose reify failed optional dependency /home/runner/work/LightDom/LightDom/node_modules/@rollup/rollup-android-arm64
696 silly reify mark deleted [
696 silly reify   '/home/runner/work/LightDom/LightDom/node_modules/@rollup/rollup-android-arm64'
696 silly reify ]
697 verbose reify failed optional dependency /home/runner/work/LightDom/LightDom/node_modules/@rollup/rollup-android-arm-eabi
698 silly reify mark deleted [
698 silly reify   '/home/runner/work/LightDom/LightDom/node_modules/@rollup/rollup-android-arm-eabi'
698 silly reify ]
699 verbose reify failed optional dependency /home/runner/work/LightDom/LightDom/node_modules/@esbuild/win32-x64
700 silly reify mark deleted [
700 silly reify   '/home/runner/work/LightDom/LightDom/node_modules/@esbuild/win32-x64'
700 silly reify ]
701 verbose reify failed optional dependency /home/runner/work/LightDom/LightDom/node_modules/@esbuild/win32-ia32
702 silly reify mark deleted [
702 silly reify   '/home/runner/work/LightDom/LightDom/node_modules/@esbuild/win32-ia32'
702 silly reify ]
703 verbose reify failed optional dependency /home/runner/work/LightDom/LightDom/node_modules/@esbuild/win32-arm64
704 silly reify mark deleted [
704 silly reify   '/home/runner/work/LightDom/LightDom/node_modules/@esbuild/win32-arm64'
704 silly reify ]
705 verbose reify failed optional dependency /home/runner/work/LightDom/LightDom/node_modules/@esbuild/sunos-x64
706 silly reify mark deleted [
706 silly reify   '/home/runner/work/LightDom/LightDom/node_modules/@esbuild/sunos-x64'
706 silly reify ]
707 verbose reify failed optional dependency /home/runner/work/LightDom/LightDom/node_modules/@esbuild/openharmony-arm64
708 silly reify mark deleted [
708 silly reify   '/home/runner/work/LightDom/LightDom/node_modules/@esbuild/openharmony-arm64'
708 silly reify ]
709 verbose reify failed optional dependency /home/runner/work/LightDom/LightDom/node_modules/@esbuild/openbsd-x64
710 silly reify mark deleted [
710 silly reify   '/home/runner/work/LightDom/LightDom/node_modules/@esbuild/openbsd-x64'
710 silly reify ]
711 verbose reify failed optional dependency /home/runner/work/LightDom/LightDom/node_modules/@esbuild/openbsd-arm64
712 silly reify mark deleted [
712 silly reify   '/home/runner/work/LightDom/LightDom/node_modules/@esbuild/openbsd-arm64'
712 silly reify ]
713 verbose reify failed optional dependency /home/runner/work/LightDom/LightDom/node_modules/@esbuild/netbsd-x64
714 silly reify mark deleted [
714 silly reify   '/home/runner/work/LightDom/LightDom/node_modules/@esbuild/netbsd-x64'
714 silly reify ]
715 verbose reify failed optional dependency /home/runner/work/LightDom/LightDom/node_modules/@esbuild/netbsd-arm64
716 silly reify mark deleted [
716 silly reify   '/home/runner/work/LightDom/LightDom/node_modules/@esbuild/netbsd-arm64'
716 silly reify ]
717 verbose reify failed optional dependency /home/runner/work/LightDom/LightDom/node_modules/@esbuild/linux-s390x
718 silly reify mark deleted [
718 silly reify   '/home/runner/work/LightDom/LightDom/node_modules/@esbuild/linux-s390x'
718 silly reify ]
719 verbose reify failed optional dependency /home/runner/work/LightDom/LightDom/node_modules/@esbuild/linux-riscv64
720 silly reify mark deleted [
720 silly reify   '/home/runner/work/LightDom/LightDom/node_modules/@esbuild/linux-riscv64'
720 silly reify ]
721 verbose reify failed optional dependency /home/runner/work/LightDom/LightDom/node_modules/@esbuild/linux-ppc64
722 silly reify mark deleted [
722 silly reify   '/home/runner/work/LightDom/LightDom/node_modules/@esbuild/linux-ppc64'
722 silly reify ]
723 verbose reify failed optional dependency /home/runner/work/LightDom/LightDom/node_modules/@esbuild/linux-mips64el
724 silly reify mark deleted [
724 silly reify   '/home/runner/work/LightDom/LightDom/node_modules/@esbuild/linux-mips64el'
724 silly reify ]
725 verbose reify failed optional dependency /home/runner/work/LightDom/LightDom/node_modules/@esbuild/linux-loong64
726 silly reify mark deleted [
726 silly reify   '/home/runner/work/LightDom/LightDom/node_modules/@esbuild/linux-loong64'
726 silly reify ]
727 verbose reify failed optional dependency /home/runner/work/LightDom/LightDom/node_modules/@esbuild/linux-ia32
728 silly reify mark deleted [
728 silly reify   '/home/runner/work/LightDom/LightDom/node_modules/@esbuild/linux-ia32'
728 silly reify ]
729 verbose reify failed optional dependency /home/runner/work/LightDom/LightDom/node_modules/@esbuild/linux-arm64
730 silly reify mark deleted [
730 silly reify   '/home/runner/work/LightDom/LightDom/node_modules/@esbuild/linux-arm64'
730 silly reify ]
731 verbose reify failed optional dependency /home/runner/work/LightDom/LightDom/node_modules/@esbuild/linux-arm
732 silly reify mark deleted [
732 silly reify   '/home/runner/work/LightDom/LightDom/node_modules/@esbuild/linux-arm'
732 silly reify ]
733 verbose reify failed optional dependency /home/runner/work/LightDom/LightDom/node_modules/@esbuild/freebsd-x64
734 silly reify mark deleted [
734 silly reify   '/home/runner/work/LightDom/LightDom/node_modules/@esbuild/freebsd-x64'
734 silly reify ]
735 verbose reify failed optional dependency /home/runner/work/LightDom/LightDom/node_modules/@esbuild/freebsd-arm64
736 silly reify mark deleted [
736 silly reify   '/home/runner/work/LightDom/LightDom/node_modules/@esbuild/freebsd-arm64'
736 silly reify ]
737 verbose reify failed optional dependency /home/runner/work/LightDom/LightDom/node_modules/@esbuild/darwin-x64
738 silly reify mark deleted [
738 silly reify   '/home/runner/work/LightDom/LightDom/node_modules/@esbuild/darwin-x64'
738 silly reify ]
739 verbose reify failed optional dependency /home/runner/work/LightDom/LightDom/node_modules/@esbuild/darwin-arm64
740 silly reify mark deleted [
740 silly reify   '/home/runner/work/LightDom/LightDom/node_modules/@esbuild/darwin-arm64'
740 silly reify ]
741 verbose reify failed optional dependency /home/runner/work/LightDom/LightDom/node_modules/@esbuild/android-x64
742 silly reify mark deleted [
742 silly reify   '/home/runner/work/LightDom/LightDom/node_modules/@esbuild/android-x64'
742 silly reify ]
743 verbose reify failed optional dependency /home/runner/work/LightDom/LightDom/node_modules/@esbuild/android-arm64
744 silly reify mark deleted [
744 silly reify   '/home/runner/work/LightDom/LightDom/node_modules/@esbuild/android-arm64'
744 silly reify ]
745 verbose reify failed optional dependency /home/runner/work/LightDom/LightDom/node_modules/@esbuild/android-arm
746 silly reify mark deleted [
746 silly reify   '/home/runner/work/LightDom/LightDom/node_modules/@esbuild/android-arm'
746 silly reify ]
747 verbose reify failed optional dependency /home/runner/work/LightDom/LightDom/node_modules/@esbuild/aix-ppc64
748 silly reify mark deleted [
748 silly reify   '/home/runner/work/LightDom/LightDom/node_modules/@esbuild/aix-ppc64'
748 silly reify ]
749 verbose reify failed optional dependency /home/runner/work/LightDom/LightDom/node_modules/fsevents
750 silly reify mark deleted [ '/home/runner/work/LightDom/LightDom/node_modules/fsevents' ]
751 silly tarball no local data for @rollup/rollup-linux-x64-gnu@https://registry.npmjs.org/@rollup/rollup-linux-x64-gnu/-/rollup-linux-x64-gnu-4.50.2.tgz. Extracting by manifest.
752 silly tarball no local data for @esbuild/linux-x64@https://registry.npmjs.org/@esbuild/linux-x64/-/linux-x64-0.25.10.tgz. Extracting by manifest.
753 silly tarball no local data for esbuild@https://registry.npmjs.org/esbuild/-/esbuild-0.25.10.tgz. Extracting by manifest.
754 silly tarball no local data for electron-to-chromium@https://registry.npmjs.org/electron-to-chromium/-/electron-to-chromium-1.5.220.tgz. Extracting by manifest.
755 silly tarball no local data for baseline-browser-mapping@https://registry.npmjs.org/baseline-browser-mapping/-/baseline-browser-mapping-2.8.5.tgz. Extracting by manifest.
756 silly tarball no local data for @rolldown/pluginutils@https://registry.npmjs.org/@rolldown/pluginutils/-/pluginutils-1.0.0-beta.35.tgz. Extracting by manifest.
757 silly tarball no local data for @vitejs/plugin-react@https://registry.npmjs.org/@vitejs/plugin-react/-/plugin-react-5.0.3.tgz. Extracting by manifest.
758 http fetch POST 200 https://registry.npmjs.org/-/npm/v1/security/advisories/bulk 303ms
759 silly audit report {}
760 http fetch GET 200 https://registry.npmjs.org/esbuild/-/esbuild-0.25.10.tgz 482ms (cache miss)
761 http fetch GET 200 https://registry.npmjs.org/electron-to-chromium/-/electron-to-chromium-1.5.220.tgz 542ms (cache miss)
762 http fetch GET 200 https://registry.npmjs.org/baseline-browser-mapping/-/baseline-browser-mapping-2.8.5.tgz 553ms (cache miss)
763 http fetch GET 200 https://registry.npmjs.org/@rolldown/pluginutils/-/pluginutils-1.0.0-beta.35.tgz 560ms (cache miss)
764 http fetch GET 200 https://registry.npmjs.org/@vitejs/plugin-react/-/plugin-react-5.0.3.tgz 616ms (cache miss)
765 http fetch GET 200 https://registry.npmjs.org/@rollup/rollup-linux-x64-gnu/-/rollup-linux-x64-gnu-4.50.2.tgz 685ms (cache miss)
766 http fetch GET 200 https://registry.npmjs.org/@esbuild/linux-x64/-/linux-x64-0.25.10.tgz 790ms (cache miss)
767 info run esbuild@0.25.10 postinstall node_modules/esbuild node install.js
768 info run esbuild@0.25.10 postinstall { code: 0, signal: null }
769 silly ADD node_modules/@types/estree
770 silly ADD
771 silly ADD
772 silly ADD
773 silly ADD
774 silly ADD
775 silly ADD node_modules/@rollup/rollup-linux-x64-gnu
776 silly ADD
777 silly ADD
778 silly ADD
779 silly ADD
780 silly ADD
781 silly ADD
782 silly ADD
783 silly ADD
784 silly ADD
785 silly ADD
786 silly ADD
787 silly ADD
788 silly ADD
789 silly ADD
790 silly ADD
791 silly ADD node_modules/source-map-js
792 silly ADD node_modules/nanoid
793 silly ADD
794 silly ADD
795 silly ADD
796 silly ADD
797 silly ADD
798 silly ADD
799 silly ADD
800 silly ADD
801 silly ADD
802 silly ADD node_modules/@esbuild/linux-x64
803 silly ADD
804 silly ADD
805 silly ADD
806 silly ADD
807 silly ADD
808 silly ADD
809 silly ADD
810 silly ADD
811 silly ADD
812 silly ADD
813 silly ADD
814 silly ADD
815 silly ADD
816 silly ADD
817 silly ADD
818 silly ADD
819 silly ADD node_modules/tinyglobby
820 silly ADD node_modules/rollup
821 silly ADD node_modules/postcss
822 silly ADD node_modules/picomatch
823 silly ADD
824 silly ADD node_modules/fdir
825 silly ADD node_modules/esbuild
826 silly ADD node_modules/escalade
827 silly ADD node_modules/yallist
828 silly ADD node_modules/update-browserslist-db
829 silly ADD node_modules/node-releases
830 silly ADD node_modules/electron-to-chromium
831 silly ADD node_modules/caniuse-lite
832 silly ADD node_modules/baseline-browser-mapping
833 silly ADD node_modules/@types/babel__traverse
834 silly ADD node_modules/@types/babel__template
835 silly ADD node_modules/@types/babel__generator
836 silly ADD node_modules/@jridgewell/resolve-uri
837 silly ADD node_modules/@jridgewell/sourcemap-codec
838 silly ADD node_modules/@babel/helper-string-parser
839 silly ADD node_modules/@babel/helper-globals
840 silly ADD node_modules/@babel/helper-plugin-utils
841 silly ADD node_modules/@babel/helper-module-imports
842 silly ADD node_modules/lru-cache
843 silly ADD node_modules/browserslist
844 silly ADD node_modules/@babel/helper-validator-option
845 silly ADD node_modules/@babel/compat-data
846 silly ADD node_modules/jsesc
847 silly ADD node_modules/@jridgewell/trace-mapping
848 silly ADD node_modules/@jridgewell/gen-mapping
849 silly ADD node_modules/picocolors
850 silly ADD node_modules/js-tokens
851 silly ADD node_modules/@babel/helper-validator-identifier
852 silly ADD node_modules/semver
853 silly ADD node_modules/json5
854 silly ADD node_modules/gensync
855 silly ADD node_modules/convert-source-map
856 silly ADD node_modules/@jridgewell/remapping
857 silly ADD node_modules/@babel/types
858 silly ADD node_modules/@babel/traverse
859 silly ADD node_modules/@babel/traverse/node_modules/ms
860 silly ADD node_modules/@babel/traverse/node_modules/debug
861 silly ADD node_modules/@babel/template
862 silly ADD node_modules/@babel/parser
863 silly ADD node_modules/@babel/helpers
864 silly ADD node_modules/@babel/helper-module-transforms
865 silly ADD node_modules/@babel/helper-compilation-targets
866 silly ADD node_modules/@babel/generator
867 silly ADD node_modules/@babel/code-frame
868 silly ADD node_modules/react-refresh
869 silly ADD node_modules/@types/babel__core
870 silly ADD node_modules/@rolldown/pluginutils
871 silly ADD node_modules/@babel/plugin-transform-react-jsx-source
872 silly ADD node_modules/@babel/plugin-transform-react-jsx-self
873 silly ADD node_modules/@babel/core
874 silly ADD node_modules/@babel/core/node_modules/ms
875 silly ADD node_modules/@babel/core/node_modules/debug
876 silly ADD node_modules/vite
877 silly ADD node_modules/typescript
878 silly ADD node_modules/@vitejs/plugin-react
879 verbose cwd /home/runner/work/LightDom/LightDom
880 verbose os Linux 6.11.0-1018-azure
881 verbose node v20.19.5
882 verbose npm  v10.8.2
883 verbose exit 0
884 info ok
